2025-07-09T17:12:53.983548Z  INFO tailwindcss_oxide::scanner: Provided sources:
2025-07-09T17:12:53.983725Z  INFO tailwindcss_oxide::scanner: Source: PublicSourceEntry { base: "/Users/rod/DevOps/ReportMate/apps/www", pattern: "**/*", negated: false }
2025-07-09T17:12:53.983781Z  INFO tailwindcss_oxide::scanner: Optimized sources:
2025-07-09T17:12:53.983787Z  INFO tailwindcss_oxide::scanner: Source: Auto { base: "/Users/rod/DevOps/ReportMate/apps/www" }
2025-07-09T17:12:53.984615Z  INFO scan_sources: tailwindcss_oxide::scanner: enter
2025-07-09T17:12:53.986139Z  INFO scan_sources: tailwindcss_oxide::scanner: Discovering "/Users/rod/DevOps/ReportMate/apps/www/.env.local.example"
2025-07-09T17:12:53.986331Z  INFO scan_sources: tailwindcss_oxide::scanner: Discovering "/Users/rod/DevOps/ReportMate/apps/www/app"
2025-07-09T17:12:53.986496Z  INFO scan_sources: tailwindcss_oxide::scanner: Discovering "/Users/rod/DevOps/ReportMate/apps/www/app/settings"
2025-07-09T17:12:53.986550Z  INFO scan_sources: tailwindcss_oxide::scanner: Discovering "/Users/rod/DevOps/ReportMate/apps/www/app/settings/page.tsx"
2025-07-09T17:12:53.986657Z  INFO scan_sources: tailwindcss_oxide::scanner: Discovering "/Users/rod/DevOps/ReportMate/apps/www/app/device-modular"
2025-07-09T17:12:53.986717Z  INFO scan_sources: tailwindcss_oxide::scanner: Discovering "/Users/rod/DevOps/ReportMate/apps/www/app/device-modular/[deviceId]"
2025-07-09T17:12:53.986767Z  INFO scan_sources: tailwindcss_oxide::scanner: Discovering "/Users/rod/DevOps/ReportMate/apps/www/app/device-modular/[deviceId]/page.tsx"
2025-07-09T17:12:53.986865Z  INFO scan_sources: tailwindcss_oxide::scanner: Discovering "/Users/rod/DevOps/ReportMate/apps/www/app/dashboard"
2025-07-09T17:12:53.986916Z  INFO scan_sources: tailwindcss_oxide::scanner: Discovering "/Users/rod/DevOps/ReportMate/apps/www/app/dashboard/page-static-backup.tsx"
2025-07-09T17:12:53.986927Z  INFO scan_sources: tailwindcss_oxide::scanner: Discovering "/Users/rod/DevOps/ReportMate/apps/www/app/dashboard/page.tsx"
2025-07-09T17:12:53.986936Z  INFO scan_sources: tailwindcss_oxide::scanner: Discovering "/Users/rod/DevOps/ReportMate/apps/www/app/dashboard/hooks.ts"
2025-07-09T17:12:53.987035Z  INFO scan_sources: tailwindcss_oxide::scanner: Discovering "/Users/rod/DevOps/ReportMate/apps/www/app/device-new"
2025-07-09T17:12:53.987095Z  INFO scan_sources: tailwindcss_oxide::scanner: Discovering "/Users/rod/DevOps/ReportMate/apps/www/app/device-new/[deviceId]"
2025-07-09T17:12:53.987146Z  INFO scan_sources: tailwindcss_oxide::scanner: Discovering "/Users/rod/DevOps/ReportMate/apps/www/app/device-new/[deviceId]/page.tsx"
2025-07-09T17:12:53.987250Z  INFO scan_sources: tailwindcss_oxide::scanner: Discovering "/Users/rod/DevOps/ReportMate/apps/www/app/api-test"
2025-07-09T17:12:53.987302Z  INFO scan_sources: tailwindcss_oxide::scanner: Discovering "/Users/rod/DevOps/ReportMate/apps/www/app/api-test/page.tsx"
2025-07-09T17:12:53.987316Z  INFO scan_sources: tailwindcss_oxide::scanner: Discovering "/Users/rod/DevOps/ReportMate/apps/www/app/layout.tsx"
2025-07-09T17:12:53.987468Z  INFO scan_sources: tailwindcss_oxide::scanner: Discovering "/Users/rod/DevOps/ReportMate/apps/www/app/api"
2025-07-09T17:12:53.987546Z  INFO scan_sources: tailwindcss_oxide::scanner: Discovering "/Users/rod/DevOps/ReportMate/apps/www/app/api/events-internal"
2025-07-09T17:12:53.987644Z  INFO scan_sources: tailwindcss_oxide::scanner: Discovering "/Users/rod/DevOps/ReportMate/apps/www/app/api/negotiate-internal"
2025-07-09T17:12:53.987852Z  INFO scan_sources: tailwindcss_oxide::scanner: Discovering "/Users/rod/DevOps/ReportMate/apps/www/app/api/device"
2025-07-09T17:12:53.987948Z  INFO scan_sources: tailwindcss_oxide::scanner: Discovering "/Users/rod/DevOps/ReportMate/apps/www/app/api/device/[deviceId]"
2025-07-09T17:12:53.988028Z  INFO scan_sources: tailwindcss_oxide::scanner: Discovering "/Users/rod/DevOps/ReportMate/apps/www/app/api/device/[deviceId]/route.ts"
2025-07-09T17:12:53.988047Z  INFO scan_sources: tailwindcss_oxide::scanner: Discovering "/Users/rod/DevOps/ReportMate/apps/www/app/api/device/route.ts"
2025-07-09T17:12:53.988219Z  INFO scan_sources: tailwindcss_oxide::scanner: Discovering "/Users/rod/DevOps/ReportMate/apps/www/app/api/devices-internal"
2025-07-09T17:12:53.988446Z  INFO scan_sources: tailwindcss_oxide::scanner: Discovering "/Users/rod/DevOps/ReportMate/apps/www/app/api/events"
2025-07-09T17:12:53.988509Z  INFO scan_sources: tailwindcss_oxide::scanner: Discovering "/Users/rod/DevOps/ReportMate/apps/www/app/api/events/route.ts"
2025-07-09T17:12:53.988669Z  INFO scan_sources: tailwindcss_oxide::scanner: Discovering "/Users/rod/DevOps/ReportMate/apps/www/app/api/devices"
2025-07-09T17:12:53.988736Z  INFO scan_sources: tailwindcss_oxide::scanner: Discovering "/Users/rod/DevOps/ReportMate/apps/www/app/api/devices/route.ts"
2025-07-09T17:12:53.988894Z  INFO scan_sources: tailwindcss_oxide::scanner: Discovering "/Users/rod/DevOps/ReportMate/apps/www/app/api/debug"
2025-07-09T17:12:53.988957Z  INFO scan_sources: tailwindcss_oxide::scanner: Discovering "/Users/rod/DevOps/ReportMate/apps/www/app/api/debug/route.ts"
2025-07-09T17:12:53.989124Z  INFO scan_sources: tailwindcss_oxide::scanner: Discovering "/Users/rod/DevOps/ReportMate/apps/www/app/device"
2025-07-09T17:12:53.989322Z  INFO scan_sources: tailwindcss_oxide::scanner: Discovering "/Users/rod/DevOps/ReportMate/apps/www/app/device/[deviceId]"
2025-07-09T17:12:53.989392Z  INFO scan_sources: tailwindcss_oxide::scanner: Discovering "/Users/rod/DevOps/ReportMate/apps/www/app/device/[deviceId]/page.tsx"
2025-07-09T17:12:53.989545Z  INFO scan_sources: tailwindcss_oxide::scanner: Discovering "/Users/rod/DevOps/ReportMate/apps/www/app/device/list"
2025-07-09T17:12:53.989611Z  INFO scan_sources: tailwindcss_oxide::scanner: Discovering "/Users/rod/DevOps/ReportMate/apps/www/app/device/list/page.tsx"
2025-07-09T17:12:53.989626Z  INFO scan_sources: tailwindcss_oxide::scanner: Discovering "/Users/rod/DevOps/ReportMate/apps/www/app/device/page.tsx"
2025-07-09T17:12:53.989729Z  INFO scan_sources: tailwindcss_oxide::scanner: Discovering "/Users/rod/DevOps/ReportMate/apps/www/app/events"
2025-07-09T17:12:53.989772Z  INFO scan_sources: tailwindcss_oxide::scanner: Discovering "/Users/rod/DevOps/ReportMate/apps/www/app/events/page.tsx"
2025-07-09T17:12:53.989859Z  INFO scan_sources: tailwindcss_oxide::scanner: Discovering "/Users/rod/DevOps/ReportMate/apps/www/app/modules"
2025-07-09T17:12:53.989910Z  INFO scan_sources: tailwindcss_oxide::scanner: Discovering "/Users/rod/DevOps/ReportMate/apps/www/app/modules/page.tsx"
2025-07-09T17:12:53.989925Z  INFO scan_sources: tailwindcss_oxide::scanner: Discovering "/Users/rod/DevOps/ReportMate/apps/www/app/page.tsx"
2025-07-09T17:12:53.989938Z  INFO scan_sources: tailwindcss_oxide::scanner: Discovering "/Users/rod/DevOps/ReportMate/apps/www/app/globals.css"
2025-07-09T17:12:53.990044Z  INFO scan_sources: tailwindcss_oxide::scanner: Discovering "/Users/rod/DevOps/ReportMate/apps/www/app/devices"
2025-07-09T17:12:53.990126Z  INFO scan_sources: tailwindcss_oxide::scanner: Discovering "/Users/rod/DevOps/ReportMate/apps/www/app/devices/page.tsx"
2025-07-09T17:12:53.990184Z  INFO scan_sources: tailwindcss_oxide::scanner: Discovering "/Users/rod/DevOps/ReportMate/apps/www/LICENSE"
2025-07-09T17:12:53.990204Z  INFO scan_sources: tailwindcss_oxide::scanner: Discovering "/Users/rod/DevOps/ReportMate/apps/www/jest.setup.js"
2025-07-09T17:12:53.990216Z  INFO scan_sources: tailwindcss_oxide::scanner: Discovering "/Users/rod/DevOps/ReportMate/apps/www/Dockerfile"
2025-07-09T17:12:53.990231Z  INFO scan_sources: tailwindcss_oxide::scanner: Discovering "/Users/rod/DevOps/ReportMate/apps/www/next.config.mjs"
2025-07-09T17:12:53.990239Z  INFO scan_sources: tailwindcss_oxide::scanner: Discovering "/Users/rod/DevOps/ReportMate/apps/www/jest.config.js"
2025-07-09T17:12:53.990468Z  INFO scan_sources: tailwindcss_oxide::scanner: Discovering "/Users/rod/DevOps/ReportMate/apps/www/prisma"
2025-07-09T17:12:53.990517Z  INFO scan_sources: tailwindcss_oxide::scanner: Discovering "/Users/rod/DevOps/ReportMate/apps/www/prisma/schema.prisma"
2025-07-09T17:12:53.990538Z  INFO scan_sources: tailwindcss_oxide::scanner: Discovering "/Users/rod/DevOps/ReportMate/apps/www/package.test.json"
2025-07-09T17:12:53.990680Z  INFO scan_sources: tailwindcss_oxide::scanner: Discovering "/Users/rod/DevOps/ReportMate/apps/www/README.md"
2025-07-09T17:12:53.990689Z  INFO scan_sources: tailwindcss_oxide::scanner: Discovering "/Users/rod/DevOps/ReportMate/apps/www/tailwind.config.ts"
2025-07-09T17:12:53.990699Z  INFO scan_sources: tailwindcss_oxide::scanner: Discovering "/Users/rod/DevOps/ReportMate/apps/www/.dockerignore"
2025-07-09T17:12:53.992919Z  INFO scan_sources: tailwindcss_oxide::scanner: Discovering "/Users/rod/DevOps/ReportMate/apps/www/public"
2025-07-09T17:12:53.993179Z  INFO scan_sources: tailwindcss_oxide::scanner: Discovering "/Users/rod/DevOps/ReportMate/apps/www/__tests__"
2025-07-09T17:12:53.993384Z  INFO scan_sources: tailwindcss_oxide::scanner: Discovering "/Users/rod/DevOps/ReportMate/apps/www/__tests__/unit"
2025-07-09T17:12:53.993449Z  INFO scan_sources: tailwindcss_oxide::scanner: Discovering "/Users/rod/DevOps/ReportMate/apps/www/__tests__/unit/DeviceCard.test.tsx"
2025-07-09T17:12:53.993611Z  INFO scan_sources: tailwindcss_oxide::scanner: Discovering "/Users/rod/DevOps/ReportMate/apps/www/__tests__/api"
2025-07-09T17:12:53.993671Z  INFO scan_sources: tailwindcss_oxide::scanner: Discovering "/Users/rod/DevOps/ReportMate/apps/www/__tests__/api/devices.test.ts"
2025-07-09T17:12:53.993693Z  INFO scan_sources: tailwindcss_oxide::scanner: Discovering "/Users/rod/DevOps/ReportMate/apps/www/package.json"
2025-07-09T17:12:53.993702Z  INFO scan_sources: tailwindcss_oxide::scanner: Discovering "/Users/rod/DevOps/ReportMate/apps/www/init-prod-db.js"
2025-07-09T17:12:53.993901Z  INFO scan_sources: tailwindcss_oxide::scanner: Discovering "/Users/rod/DevOps/ReportMate/apps/www/scripts"
2025-07-09T17:12:53.993970Z  INFO scan_sources: tailwindcss_oxide::scanner: Discovering "/Users/rod/DevOps/ReportMate/apps/www/scripts/import-production-data.sh"
2025-07-09T17:12:53.993981Z  INFO scan_sources: tailwindcss_oxide::scanner: Discovering "/Users/rod/DevOps/ReportMate/apps/www/scripts/inject-test-data.js"
2025-07-09T17:12:53.993991Z  INFO scan_sources: tailwindcss_oxide::scanner: Discovering "/Users/rod/DevOps/ReportMate/apps/www/scripts/inject-large-payloads.sql"
2025-07-09T17:12:53.993998Z  INFO scan_sources: tailwindcss_oxide::scanner: Discovering "/Users/rod/DevOps/ReportMate/apps/www/scripts/test-db-connection.js"
2025-07-09T17:12:53.994007Z  INFO scan_sources: tailwindcss_oxide::scanner: Discovering "/Users/rod/DevOps/ReportMate/apps/www/scripts/large-test-payloads.json"
2025-07-09T17:12:53.994014Z  INFO scan_sources: tailwindcss_oxide::scanner: Discovering "/Users/rod/DevOps/ReportMate/apps/www/scripts/generate-large-payloads.js"
2025-07-09T17:12:53.994022Z  INFO scan_sources: tailwindcss_oxide::scanner: Discovering "/Users/rod/DevOps/ReportMate/apps/www/scripts/import-production-data.ps1"
2025-07-09T17:12:53.994036Z  INFO scan_sources: tailwindcss_oxide::scanner: Discovering "/Users/rod/DevOps/ReportMate/apps/www/tsconfig.json"
2025-07-09T17:12:53.994046Z  INFO scan_sources: tailwindcss_oxide::scanner: Discovering "/Users/rod/DevOps/ReportMate/apps/www/playwright.config.ts"
2025-07-09T17:12:53.994054Z  INFO scan_sources: tailwindcss_oxide::scanner: Discovering "/Users/rod/DevOps/ReportMate/apps/www/.git"
2025-07-09T17:12:53.994209Z  INFO scan_sources: tailwindcss_oxide::scanner: Discovering "/Users/rod/DevOps/ReportMate/apps/www/e2e"
2025-07-09T17:12:53.994296Z  INFO scan_sources: tailwindcss_oxide::scanner: Discovering "/Users/rod/DevOps/ReportMate/apps/www/e2e/dashboard.spec.ts"
2025-07-09T17:12:53.994324Z  INFO scan_sources: tailwindcss_oxide::scanner: Discovering "/Users/rod/DevOps/ReportMate/apps/www/postcss.config.js"
2025-07-09T17:12:53.994337Z  INFO scan_sources: tailwindcss_oxide::scanner: Discovering "/Users/rod/DevOps/ReportMate/apps/www/.eslintrc.json"
2025-07-09T17:12:53.994662Z  INFO scan_sources: tailwindcss_oxide::scanner: Discovering "/Users/rod/DevOps/ReportMate/apps/www/src"
2025-07-09T17:12:53.994939Z  INFO scan_sources: tailwindcss_oxide::scanner: Discovering "/Users/rod/DevOps/ReportMate/apps/www/src/app"
2025-07-09T17:12:53.995092Z  INFO scan_sources: tailwindcss_oxide::scanner: Discovering "/Users/rod/DevOps/ReportMate/apps/www/src/app/api"
2025-07-09T17:12:53.995230Z  INFO scan_sources: tailwindcss_oxide::scanner: Discovering "/Users/rod/DevOps/ReportMate/apps/www/src/app/api/modules"
2025-07-09T17:12:53.995282Z  INFO scan_sources: tailwindcss_oxide::scanner: Discovering "/Users/rod/DevOps/ReportMate/apps/www/src/app/api/modules/route.ts"
2025-07-09T17:12:53.995491Z  INFO scan_sources: tailwindcss_oxide::scanner: Discovering "/Users/rod/DevOps/ReportMate/apps/www/src/components"
2025-07-09T17:12:53.995562Z  INFO scan_sources: tailwindcss_oxide::scanner: Discovering "/Users/rod/DevOps/ReportMate/apps/www/src/components/theme-provider.tsx"
2025-07-09T17:12:53.995786Z  INFO scan_sources: tailwindcss_oxide::scanner: Discovering "/Users/rod/DevOps/ReportMate/apps/www/src/components/tables"
2025-07-09T17:12:53.995864Z  INFO scan_sources: tailwindcss_oxide::scanner: Discovering "/Users/rod/DevOps/ReportMate/apps/www/src/components/tables/ApplicationsTable.tsx"
2025-07-09T17:12:53.995874Z  INFO scan_sources: tailwindcss_oxide::scanner: Discovering "/Users/rod/DevOps/ReportMate/apps/www/src/components/tables/SecurityCard.tsx"
2025-07-09T17:12:53.995883Z  INFO scan_sources: tailwindcss_oxide::scanner: Discovering "/Users/rod/DevOps/ReportMate/apps/www/src/components/tables/NetworkTable.tsx"
2025-07-09T17:12:53.995890Z  INFO scan_sources: tailwindcss_oxide::scanner: Discovering "/Users/rod/DevOps/ReportMate/apps/www/src/components/tables/index.ts"
2025-07-09T17:12:53.995897Z  INFO scan_sources: tailwindcss_oxide::scanner: Discovering "/Users/rod/DevOps/ReportMate/apps/www/src/components/tables/ManagedInstallsTable.tsx"
2025-07-09T17:12:53.995917Z  INFO scan_sources: tailwindcss_oxide::scanner: Discovering "/Users/rod/DevOps/ReportMate/apps/www/src/components/DeviceEventsSimple.tsx"
2025-07-09T17:12:53.995928Z  INFO scan_sources: tailwindcss_oxide::scanner: Discovering "/Users/rod/DevOps/ReportMate/apps/www/src/components/ModuleManager.tsx"
2025-07-09T17:12:53.995938Z  INFO scan_sources: tailwindcss_oxide::scanner: Discovering "/Users/rod/DevOps/ReportMate/apps/www/src/components/DeviceEvents.tsx"
2025-07-09T17:12:53.996105Z  INFO scan_sources: tailwindcss_oxide::scanner: Discovering "/Users/rod/DevOps/ReportMate/apps/www/src/components/widgets"
2025-07-09T17:12:53.996188Z  INFO scan_sources: tailwindcss_oxide::scanner: Discovering "/Users/rod/DevOps/ReportMate/apps/www/src/components/widgets/MDM.tsx"
2025-07-09T17:12:53.996212Z  INFO scan_sources: tailwindcss_oxide::scanner: Discovering "/Users/rod/DevOps/ReportMate/apps/www/src/components/ErrorBoundary.tsx"
2025-07-09T17:12:53.996427Z  INFO scan_sources: tailwindcss_oxide::scanner: Discovering "/Users/rod/DevOps/ReportMate/apps/www/src/lib"
2025-07-09T17:12:53.996512Z  INFO scan_sources: tailwindcss_oxide::scanner: Discovering "/Users/rod/DevOps/ReportMate/apps/www/src/lib/prisma.ts"
2025-07-09T17:12:53.996524Z  INFO scan_sources: tailwindcss_oxide::scanner: Discovering "/Users/rod/DevOps/ReportMate/apps/www/src/lib/signalr-new.ts"
2025-07-09T17:12:53.996536Z  INFO scan_sources: tailwindcss_oxide::scanner: Discovering "/Users/rod/DevOps/ReportMate/apps/www/src/lib/polling.ts"
2025-07-09T17:12:53.996549Z  INFO scan_sources: tailwindcss_oxide::scanner: Discovering "/Users/rod/DevOps/ReportMate/apps/www/src/lib/utils.ts"
2025-07-09T17:12:53.996558Z  INFO scan_sources: tailwindcss_oxide::scanner: Discovering "/Users/rod/DevOps/ReportMate/apps/www/src/lib/signalr-old.ts"
2025-07-09T17:12:53.996568Z  INFO scan_sources: tailwindcss_oxide::scanner: Discovering "/Users/rod/DevOps/ReportMate/apps/www/src/lib/signalr.ts"
2025-07-09T17:12:53.996725Z  INFO scan_sources: tailwindcss_oxide::scanner: Discovering "/Users/rod/DevOps/ReportMate/apps/www/src/lib/modules"
2025-07-09T17:12:53.996915Z  INFO scan_sources: tailwindcss_oxide::scanner: Discovering "/Users/rod/DevOps/ReportMate/apps/www/src/lib/modules/core"
2025-07-09T17:12:53.996977Z  INFO scan_sources: tailwindcss_oxide::scanner: Discovering "/Users/rod/DevOps/ReportMate/apps/www/src/lib/modules/core/DeviceInfoModule.tsx"
2025-07-09T17:12:53.996993Z  INFO scan_sources: tailwindcss_oxide::scanner: Discovering "/Users/rod/DevOps/ReportMate/apps/www/src/lib/modules/core/EventsModule.tsx"
2025-07-09T17:12:53.997011Z  INFO scan_sources: tailwindcss_oxide::scanner: Discovering "/Users/rod/DevOps/ReportMate/apps/www/src/lib/modules/EnhancedModule.ts"
2025-07-09T17:12:53.997021Z  INFO scan_sources: tailwindcss_oxide::scanner: Discovering "/Users/rod/DevOps/ReportMate/apps/www/src/lib/modules/ModuleRegistry.ts"
2025-07-09T17:12:53.997032Z  INFO scan_sources: tailwindcss_oxide::scanner: Discovering "/Users/rod/DevOps/ReportMate/apps/www/src/lib/modules/ModularDeviceLayout.tsx"
2025-07-09T17:12:53.997040Z  INFO scan_sources: tailwindcss_oxide::scanner: Discovering "/Users/rod/DevOps/ReportMate/apps/www/src/lib/modules/DynamicModuleLoader-new.ts"
2025-07-09T17:12:53.997047Z  INFO scan_sources: tailwindcss_oxide::scanner: Discovering "/Users/rod/DevOps/ReportMate/apps/www/src/lib/modules/BaseModule.ts"
2025-07-09T17:12:53.997055Z  INFO scan_sources: tailwindcss_oxide::scanner: Discovering "/Users/rod/DevOps/ReportMate/apps/www/src/lib/modules/DynamicModuleLoader.ts"
2025-07-09T17:12:53.997151Z  INFO scan_sources: tailwindcss_oxide::scanner: Discovering "/Users/rod/DevOps/ReportMate/apps/www/src/lib/modules/widgets"
2025-07-09T17:12:53.997201Z  INFO scan_sources: tailwindcss_oxide::scanner: Discovering "/Users/rod/DevOps/ReportMate/apps/www/src/lib/modules/widgets/MDMModule.tsx"
2025-07-09T17:12:53.997211Z  INFO scan_sources: tailwindcss_oxide::scanner: Discovering "/Users/rod/DevOps/ReportMate/apps/www/src/lib/modules/widgets/EventsModule.tsx"
2025-07-09T17:12:53.997218Z  INFO scan_sources: tailwindcss_oxide::scanner: Discovering "/Users/rod/DevOps/ReportMate/apps/www/src/lib/modules/widgets/OSVersionWidget.tsx"
2025-07-09T17:12:53.997225Z  INFO scan_sources: tailwindcss_oxide::scanner: Discovering "/Users/rod/DevOps/ReportMate/apps/www/src/lib/modules/widgets/ApplicationsModule.tsx"
2025-07-09T17:12:53.997233Z  INFO scan_sources: tailwindcss_oxide::scanner: Discovering "/Users/rod/DevOps/ReportMate/apps/www/src/lib/modules/widgets/NetworkModuleWidget.tsx"
2025-07-09T17:12:53.997240Z  INFO scan_sources: tailwindcss_oxide::scanner: Discovering "/Users/rod/DevOps/ReportMate/apps/www/src/lib/modules/widgets/DashboardStats.tsx"
2025-07-09T17:12:53.997247Z  INFO scan_sources: tailwindcss_oxide::scanner: Discovering "/Users/rod/DevOps/ReportMate/apps/www/src/lib/modules/widgets/HardwareModule.tsx"
2025-07-09T17:12:53.997254Z  INFO scan_sources: tailwindcss_oxide::scanner: Discovering "/Users/rod/DevOps/ReportMate/apps/www/src/lib/modules/widgets/ConnectionStatusWidget.tsx"
2025-07-09T17:12:53.997261Z  INFO scan_sources: tailwindcss_oxide::scanner: Discovering "/Users/rod/DevOps/ReportMate/apps/www/src/lib/modules/widgets/NewClientsWidget.tsx"
2025-07-09T17:12:53.997268Z  INFO scan_sources: tailwindcss_oxide::scanner: Discovering "/Users/rod/DevOps/ReportMate/apps/www/src/lib/modules/widgets/SecurityModule.tsx"
2025-07-09T17:12:53.997277Z  INFO scan_sources: tailwindcss_oxide::scanner: Discovering "/Users/rod/DevOps/ReportMate/apps/www/src/lib/modules/widgets/ManagedInstallsModule.tsx"
2025-07-09T17:12:53.997284Z  INFO scan_sources: tailwindcss_oxide::scanner: Discovering "/Users/rod/DevOps/ReportMate/apps/www/src/lib/modules/widgets/NetworkModule.tsx"
2025-07-09T17:12:53.997292Z  INFO scan_sources: tailwindcss_oxide::scanner: Discovering "/Users/rod/DevOps/ReportMate/apps/www/src/lib/modules/widgets/RecentEventsWidget.tsx"
2025-07-09T17:12:53.997304Z  INFO scan_sources: tailwindcss_oxide::scanner: Discovering "/Users/rod/DevOps/ReportMate/apps/www/src/lib/modules/ModuleInit.ts"
2025-07-09T17:12:53.997315Z  INFO scan_sources: tailwindcss_oxide::scanner: Discovering "/Users/rod/DevOps/ReportMate/apps/www/src/lib/db.ts"
2025-07-09T17:12:53.997329Z  INFO scan_sources: tailwindcss_oxide::scanner: Discovering "/Users/rod/DevOps/ReportMate/apps/www/src/lib/time.ts"
2025-07-09T17:12:53.997449Z  INFO scan_sources: tailwindcss_oxide::scanner: Discovering "/Users/rod/DevOps/ReportMate/apps/www/src/api"
2025-07-09T17:12:53.997588Z  INFO scan_sources: tailwindcss_oxide::scanner: Discovering "/Users/rod/DevOps/ReportMate/apps/www/src/api/business-units"
2025-07-09T17:12:53.997636Z  INFO scan_sources: tailwindcss_oxide::scanner: Discovering "/Users/rod/DevOps/ReportMate/apps/www/src/api/business-units/[id].ts"
2025-07-09T17:12:53.997738Z  INFO scan_sources: tailwindcss_oxide::scanner: Discovering "/Users/rod/DevOps/ReportMate/apps/www/src/api/machine-groups"
2025-07-09T17:12:53.997788Z  INFO scan_sources: tailwindcss_oxide::scanner: Discovering "/Users/rod/DevOps/ReportMate/apps/www/src/api/machine-groups/[id].ts"
2025-07-09T17:12:53.997796Z  INFO scan_sources: tailwindcss_oxide::scanner: Discovering "/Users/rod/DevOps/ReportMate/apps/www/src/api/machine-groups/generate-passphrase.ts"
2025-07-09T17:12:53.997809Z  INFO scan_sources: tailwindcss_oxide::scanner: Discovering "/Users/rod/DevOps/ReportMate/apps/www/src/api/business-units.ts"
2025-07-09T17:12:53.997816Z  INFO scan_sources: tailwindcss_oxide::scanner: Discovering "/Users/rod/DevOps/ReportMate/apps/www/src/api/machine-groups.ts"
2025-07-09T17:12:53.997886Z  INFO scan_sources: tailwindcss_oxide::scanner: exit
2025-07-09T17:12:53.997891Z  INFO extract_candidates: tailwindcss_oxide::scanner: enter
2025-07-09T17:12:53.997894Z  INFO extract_candidates:read_all_files: tailwindcss_oxide::scanner: enter
2025-07-09T17:12:53.997896Z  INFO extract_candidates:read_all_files: tailwindcss_oxide::scanner: Reading 95 file(s)
2025-07-09T17:12:53.998169Z  INFO tailwindcss_oxide::scanner: Reading "/Users/rod/DevOps/ReportMate/apps/www/.git"
2025-07-09T17:12:53.998350Z  INFO tailwindcss_oxide::scanner: Reading "/Users/rod/DevOps/ReportMate/apps/www/.env.local.example"
2025-07-09T17:12:53.998477Z  INFO tailwindcss_oxide::scanner: Reading "/Users/rod/DevOps/ReportMate/apps/www/app/api-test/page.tsx"
2025-07-09T17:12:53.998567Z  INFO tailwindcss_oxide::scanner: Reading "/Users/rod/DevOps/ReportMate/apps/www/scripts/import-production-data.sh"
2025-07-09T17:12:53.998588Z  INFO tailwindcss_oxide::scanner: Reading "/Users/rod/DevOps/ReportMate/apps/www/scripts/import-production-data.ps1"
2025-07-09T17:12:53.998653Z  INFO tailwindcss_oxide::scanner: Reading "/Users/rod/DevOps/ReportMate/apps/www/src/lib/modules/DynamicModuleLoader-new.ts"
2025-07-09T17:12:53.998683Z  INFO tailwindcss_oxide::scanner: Reading "/Users/rod/DevOps/ReportMate/apps/www/app/dashboard/hooks.ts"
2025-07-09T17:12:53.998716Z  INFO tailwindcss_oxide::scanner: Reading "/Users/rod/DevOps/ReportMate/apps/www/src/lib/modules/BaseModule.ts"
2025-07-09T17:12:53.998721Z  INFO tailwindcss_oxide::scanner: Reading "/Users/rod/DevOps/ReportMate/apps/www/Dockerfile"
2025-07-09T17:12:53.998743Z  INFO tailwindcss_oxide::scanner: Reading "/Users/rod/DevOps/ReportMate/apps/www/app/device-modular/[deviceId]/page.tsx"
2025-07-09T17:12:53.998807Z  INFO tailwindcss_oxide::scanner: Reading "/Users/rod/DevOps/ReportMate/apps/www/app/layout.tsx"
2025-07-09T17:12:53.998834Z  INFO tailwindcss_oxide::scanner: Reading "/Users/rod/DevOps/ReportMate/apps/www/postcss.config.js"
2025-07-09T17:12:53.998863Z  INFO tailwindcss_oxide::scanner: Reading "/Users/rod/DevOps/ReportMate/apps/www/src/lib/modules/DynamicModuleLoader.ts"
2025-07-09T17:12:53.998868Z  INFO tailwindcss_oxide::scanner: Reading "/Users/rod/DevOps/ReportMate/apps/www/app/api/events/route.ts"
2025-07-09T17:12:53.998903Z  INFO tailwindcss_oxide::scanner: Reading "/Users/rod/DevOps/ReportMate/apps/www/app/settings/page.tsx"
2025-07-09T17:12:53.998913Z  INFO tailwindcss_oxide::scanner: Reading "/Users/rod/DevOps/ReportMate/apps/www/.eslintrc.json"
2025-07-09T17:12:53.998933Z  INFO tailwindcss_oxide::scanner: Reading "/Users/rod/DevOps/ReportMate/apps/www/app/api/device/[deviceId]/route.ts"
2025-07-09T17:12:53.998948Z  INFO tailwindcss_oxide::scanner: Reading "/Users/rod/DevOps/ReportMate/apps/www/e2e/dashboard.spec.ts"
2025-07-09T17:12:53.998959Z  INFO tailwindcss_oxide::scanner: Reading "/Users/rod/DevOps/ReportMate/apps/www/app/events/page.tsx"
2025-07-09T17:12:53.998936Z  INFO tailwindcss_oxide::scanner: Reading "/Users/rod/DevOps/ReportMate/apps/www/app/device-new/[deviceId]/page.tsx"
2025-07-09T17:12:53.998996Z  INFO tailwindcss_oxide::scanner: Reading "/Users/rod/DevOps/ReportMate/apps/www/tsconfig.json"
2025-07-09T17:12:53.999073Z  INFO tailwindcss_oxide::scanner: Reading "/Users/rod/DevOps/ReportMate/apps/www/next.config.mjs"
2025-07-09T17:12:53.999097Z  INFO tailwindcss_oxide::scanner: Reading "/Users/rod/DevOps/ReportMate/apps/www/scripts/inject-test-data.js"
2025-07-09T17:12:53.999168Z  INFO tailwindcss_oxide::scanner: Reading "/Users/rod/DevOps/ReportMate/apps/www/playwright.config.ts"
2025-07-09T17:12:53.999212Z  INFO tailwindcss_oxide::scanner: Reading "/Users/rod/DevOps/ReportMate/apps/www/src/lib/modules/widgets/MDMModule.tsx"
2025-07-09T17:12:53.999227Z  INFO tailwindcss_oxide::scanner: Reading "/Users/rod/DevOps/ReportMate/apps/www/app/dashboard/page-static-backup.tsx"
2025-07-09T17:12:53.999229Z  INFO tailwindcss_oxide::scanner: Reading "/Users/rod/DevOps/ReportMate/apps/www/app/api/devices/route.ts"
2025-07-09T17:12:53.999257Z  INFO tailwindcss_oxide::scanner: Reading "/Users/rod/DevOps/ReportMate/apps/www/scripts/test-db-connection.js"
2025-07-09T17:12:53.999333Z  INFO tailwindcss_oxide::scanner: Reading "/Users/rod/DevOps/ReportMate/apps/www/app/api/device/route.ts"
2025-07-09T17:12:53.999397Z  INFO tailwindcss_oxide::scanner: Reading "/Users/rod/DevOps/ReportMate/apps/www/app/modules/page.tsx"
2025-07-09T17:12:53.999422Z  INFO tailwindcss_oxide::scanner: Reading "/Users/rod/DevOps/ReportMate/apps/www/tailwind.config.ts"
2025-07-09T17:12:53.999588Z  INFO tailwindcss_oxide::scanner: Reading "/Users/rod/DevOps/ReportMate/apps/www/src/components/ErrorBoundary.tsx"
2025-07-09T17:12:53.999664Z  INFO tailwindcss_oxide::scanner: Reading "/Users/rod/DevOps/ReportMate/apps/www/src/lib/signalr.ts"
2025-07-09T17:12:53.999686Z  INFO tailwindcss_oxide::scanner: Reading "/Users/rod/DevOps/ReportMate/apps/www/app/api/debug/route.ts"
2025-07-09T17:12:53.999735Z  INFO tailwindcss_oxide::scanner: Reading "/Users/rod/DevOps/ReportMate/apps/www/app/dashboard/page.tsx"
2025-07-09T17:12:53.999919Z  INFO tailwindcss_oxide::scanner: Reading "/Users/rod/DevOps/ReportMate/apps/www/app/page.tsx"
2025-07-09T17:12:53.999938Z  INFO tailwindcss_oxide::scanner: Reading "/Users/rod/DevOps/ReportMate/apps/www/.dockerignore"
2025-07-09T17:12:53.999985Z  INFO tailwindcss_oxide::scanner: Reading "/Users/rod/DevOps/ReportMate/apps/www/src/lib/prisma.ts"
2025-07-09T17:12:54.000022Z  INFO tailwindcss_oxide::scanner: Reading "/Users/rod/DevOps/ReportMate/apps/www/app/device/[deviceId]/page.tsx"
2025-07-09T17:12:54.000054Z  INFO tailwindcss_oxide::scanner: Reading "/Users/rod/DevOps/ReportMate/apps/www/app/devices/page.tsx"
2025-07-09T17:12:54.000120Z  INFO tailwindcss_oxide::scanner: Reading "/Users/rod/DevOps/ReportMate/apps/www/src/lib/signalr-new.ts"
2025-07-09T17:12:54.000214Z  INFO tailwindcss_oxide::scanner: Reading "/Users/rod/DevOps/ReportMate/apps/www/app/device/list/page.tsx"
2025-07-09T17:12:54.000239Z  INFO tailwindcss_oxide::scanner: Reading "/Users/rod/DevOps/ReportMate/apps/www/src/lib/polling.ts"
2025-07-09T17:12:54.000332Z  INFO tailwindcss_oxide::scanner: Reading "/Users/rod/DevOps/ReportMate/apps/www/LICENSE"
2025-07-09T17:12:54.000360Z  INFO tailwindcss_oxide::scanner: Reading "/Users/rod/DevOps/ReportMate/apps/www/src/lib/modules/EnhancedModule.ts"
2025-07-09T17:12:54.000364Z  INFO tailwindcss_oxide::scanner: Reading "/Users/rod/DevOps/ReportMate/apps/www/prisma/schema.prisma"
2025-07-09T17:12:54.000385Z  INFO tailwindcss_oxide::scanner: Reading "/Users/rod/DevOps/ReportMate/apps/www/src/app/api/modules/route.ts"
2025-07-09T17:12:54.000431Z  INFO tailwindcss_oxide::scanner: Reading "/Users/rod/DevOps/ReportMate/apps/www/app/device/page.tsx"
2025-07-09T17:12:54.000524Z  INFO tailwindcss_oxide::scanner: Reading "/Users/rod/DevOps/ReportMate/apps/www/src/lib/utils.ts"
2025-07-09T17:12:54.000573Z  INFO tailwindcss_oxide::scanner: Reading "/Users/rod/DevOps/ReportMate/apps/www/src/components/theme-provider.tsx"
2025-07-09T17:12:54.000601Z  INFO tailwindcss_oxide::scanner: Reading "/Users/rod/DevOps/ReportMate/apps/www/src/lib/signalr-old.ts"
2025-07-09T17:12:54.000701Z  INFO tailwindcss_oxide::scanner: Reading "/Users/rod/DevOps/ReportMate/apps/www/src/lib/modules/ModuleRegistry.ts"
2025-07-09T17:12:54.000704Z  INFO tailwindcss_oxide::scanner: Reading "/Users/rod/DevOps/ReportMate/apps/www/scripts/generate-large-payloads.js"
2025-07-09T17:12:54.000735Z  INFO tailwindcss_oxide::scanner: Reading "/Users/rod/DevOps/ReportMate/apps/www/package.json"
2025-07-09T17:12:54.000733Z  INFO tailwindcss_oxide::scanner: Reading "/Users/rod/DevOps/ReportMate/apps/www/README.md"
2025-07-09T17:12:54.000782Z  INFO tailwindcss_oxide::scanner: Reading "/Users/rod/DevOps/ReportMate/apps/www/src/components/tables/index.ts"
2025-07-09T17:12:54.000821Z  INFO tailwindcss_oxide::scanner: Reading "/Users/rod/DevOps/ReportMate/apps/www/src/lib/modules/core/DeviceInfoModule.tsx"
2025-07-09T17:12:54.000817Z  INFO tailwindcss_oxide::scanner: Reading "/Users/rod/DevOps/ReportMate/apps/www/src/components/tables/ManagedInstallsTable.tsx"
2025-07-09T17:12:54.000837Z  INFO tailwindcss_oxide::scanner: Reading "/Users/rod/DevOps/ReportMate/apps/www/scripts/large-test-payloads.json"
2025-07-09T17:12:54.000853Z  INFO tailwindcss_oxide::scanner: Reading "/Users/rod/DevOps/ReportMate/apps/www/init-prod-db.js"
2025-07-09T17:12:54.000914Z  INFO tailwindcss_oxide::scanner: Reading "/Users/rod/DevOps/ReportMate/apps/www/src/components/tables/ApplicationsTable.tsx"
2025-07-09T17:12:54.000957Z  INFO tailwindcss_oxide::scanner: Reading "/Users/rod/DevOps/ReportMate/apps/www/src/components/tables/SecurityCard.tsx"
2025-07-09T17:12:54.000964Z  INFO tailwindcss_oxide::scanner: Reading "/Users/rod/DevOps/ReportMate/apps/www/src/lib/time.ts"
2025-07-09T17:12:54.000960Z  INFO tailwindcss_oxide::scanner: Reading "/Users/rod/DevOps/ReportMate/apps/www/package.test.json"
2025-07-09T17:12:54.000958Z  INFO tailwindcss_oxide::scanner: Reading "/Users/rod/DevOps/ReportMate/apps/www/src/components/DeviceEventsSimple.tsx"
2025-07-09T17:12:54.000992Z  INFO tailwindcss_oxide::scanner: Reading "/Users/rod/DevOps/ReportMate/apps/www/src/components/tables/NetworkTable.tsx"
2025-07-09T17:12:54.000994Z  INFO tailwindcss_oxide::scanner: Reading "/Users/rod/DevOps/ReportMate/apps/www/jest.config.js"
2025-07-09T17:12:54.001068Z  INFO tailwindcss_oxide::scanner: Reading "/Users/rod/DevOps/ReportMate/apps/www/src/lib/modules/ModularDeviceLayout.tsx"
2025-07-09T17:12:54.001089Z  INFO tailwindcss_oxide::scanner: Reading "/Users/rod/DevOps/ReportMate/apps/www/jest.setup.js"
2025-07-09T17:12:54.001100Z  INFO tailwindcss_oxide::scanner: Reading "/Users/rod/DevOps/ReportMate/apps/www/src/api/machine-groups/generate-passphrase.ts"
2025-07-09T17:12:54.001115Z  INFO tailwindcss_oxide::scanner: Reading "/Users/rod/DevOps/ReportMate/apps/www/src/lib/modules/widgets/EventsModule.tsx"
2025-07-09T17:12:54.001089Z  INFO tailwindcss_oxide::scanner: Reading "/Users/rod/DevOps/ReportMate/apps/www/__tests__/unit/DeviceCard.test.tsx"
2025-07-09T17:12:54.001105Z  INFO tailwindcss_oxide::scanner: Reading "/Users/rod/DevOps/ReportMate/apps/www/src/api/business-units/[id].ts"
2025-07-09T17:12:54.001102Z  INFO tailwindcss_oxide::scanner: Reading "/Users/rod/DevOps/ReportMate/apps/www/src/lib/modules/widgets/SecurityModule.tsx"
2025-07-09T17:12:54.001166Z  INFO tailwindcss_oxide::scanner: Reading "/Users/rod/DevOps/ReportMate/apps/www/__tests__/api/devices.test.ts"
2025-07-09T17:12:54.001116Z  INFO tailwindcss_oxide::scanner: Reading "/Users/rod/DevOps/ReportMate/apps/www/src/lib/modules/core/EventsModule.tsx"
2025-07-09T17:12:54.001185Z  INFO tailwindcss_oxide::scanner: Reading "/Users/rod/DevOps/ReportMate/apps/www/src/api/machine-groups/[id].ts"
2025-07-09T17:12:54.001254Z  INFO tailwindcss_oxide::scanner: Reading "/Users/rod/DevOps/ReportMate/apps/www/src/lib/modules/widgets/RecentEventsWidget.tsx"
2025-07-09T17:12:54.001280Z  INFO tailwindcss_oxide::scanner: Reading "/Users/rod/DevOps/ReportMate/apps/www/src/components/ModuleManager.tsx"
2025-07-09T17:12:54.001342Z  INFO tailwindcss_oxide::scanner: Reading "/Users/rod/DevOps/ReportMate/apps/www/src/lib/db.ts"
2025-07-09T17:12:54.001348Z  INFO tailwindcss_oxide::scanner: Reading "/Users/rod/DevOps/ReportMate/apps/www/src/lib/modules/ModuleInit.ts"
2025-07-09T17:12:54.001410Z  INFO tailwindcss_oxide::scanner: Reading "/Users/rod/DevOps/ReportMate/apps/www/src/api/business-units.ts"
2025-07-09T17:12:54.001472Z  INFO tailwindcss_oxide::scanner: Reading "/Users/rod/DevOps/ReportMate/apps/www/src/lib/modules/widgets/ApplicationsModule.tsx"
2025-07-09T17:12:54.001546Z  INFO tailwindcss_oxide::scanner: Reading "/Users/rod/DevOps/ReportMate/apps/www/scripts/inject-large-payloads.sql"
2025-07-09T17:12:54.001594Z  INFO tailwindcss_oxide::scanner: Reading "/Users/rod/DevOps/ReportMate/apps/www/src/lib/modules/widgets/OSVersionWidget.tsx"
2025-07-09T17:12:54.001653Z  INFO tailwindcss_oxide::scanner: Reading "/Users/rod/DevOps/ReportMate/apps/www/src/lib/modules/widgets/ConnectionStatusWidget.tsx"
2025-07-09T17:12:54.001722Z  INFO tailwindcss_oxide::scanner: Reading "/Users/rod/DevOps/ReportMate/apps/www/src/components/DeviceEvents.tsx"
2025-07-09T17:12:54.001719Z  INFO tailwindcss_oxide::scanner: Reading "/Users/rod/DevOps/ReportMate/apps/www/src/api/machine-groups.ts"
2025-07-09T17:12:54.001737Z  INFO tailwindcss_oxide::scanner: Reading "/Users/rod/DevOps/ReportMate/apps/www/src/lib/modules/widgets/HardwareModule.tsx"
2025-07-09T17:12:54.001754Z  INFO tailwindcss_oxide::scanner: Reading "/Users/rod/DevOps/ReportMate/apps/www/src/lib/modules/widgets/NewClientsWidget.tsx"
2025-07-09T17:12:54.001757Z  INFO tailwindcss_oxide::scanner: Reading "/Users/rod/DevOps/ReportMate/apps/www/src/components/widgets/MDM.tsx"
2025-07-09T17:12:54.001803Z  INFO tailwindcss_oxide::scanner: Reading "/Users/rod/DevOps/ReportMate/apps/www/src/lib/modules/widgets/ManagedInstallsModule.tsx"
2025-07-09T17:12:54.001846Z  INFO tailwindcss_oxide::scanner: Reading "/Users/rod/DevOps/ReportMate/apps/www/src/lib/modules/widgets/NetworkModule.tsx"
2025-07-09T17:12:54.001878Z  INFO tailwindcss_oxide::scanner: Reading "/Users/rod/DevOps/ReportMate/apps/www/src/lib/modules/widgets/DashboardStats.tsx"
2025-07-09T17:12:54.001939Z  INFO tailwindcss_oxide::scanner: Reading "/Users/rod/DevOps/ReportMate/apps/www/src/lib/modules/widgets/NetworkModuleWidget.tsx"
2025-07-09T17:12:54.004633Z  INFO extract_candidates:read_all_files: tailwindcss_oxide::scanner: exit
2025-07-09T17:12:54.004639Z  INFO extract_candidates:parse_all_blobs: tailwindcss_oxide::scanner: enter
2025-07-09T17:12:54.004642Z  INFO extract_candidates:parse_all_blobs:extract: tailwindcss_oxide::scanner: enter
2025-07-09T17:12:54.016390Z  INFO extract_candidates:parse_all_blobs:extract: tailwindcss_oxide::scanner: exit
2025-07-09T17:12:54.018023Z  INFO extract_candidates:parse_all_blobs: tailwindcss_oxide::scanner: exit
2025-07-09T17:12:54.018035Z  INFO extract_candidates:read_all_files: tailwindcss_oxide::scanner: enter
2025-07-09T17:12:54.018038Z  INFO extract_candidates:read_all_files: tailwindcss_oxide::scanner: Reading 1 file(s)
2025-07-09T17:12:54.018513Z  INFO extract_candidates:read_all_files: tailwindcss_oxide::scanner: Reading "/Users/rod/DevOps/ReportMate/apps/www/app/globals.css"
2025-07-09T17:12:54.018519Z  INFO extract_candidates:read_all_files: tailwindcss_oxide::scanner: exit
2025-07-09T17:12:54.018521Z  INFO extract_candidates:extract_css_variables: tailwindcss_oxide::scanner: enter
2025-07-09T17:12:54.018522Z  INFO extract_candidates:extract_css_variables:extract: tailwindcss_oxide::scanner: enter
2025-07-09T17:12:54.018714Z  INFO extract_candidates:extract_css_variables:extract: tailwindcss_oxide::scanner: exit
2025-07-09T17:12:54.018721Z  INFO extract_candidates:extract_css_variables: tailwindcss_oxide::scanner: exit
2025-07-09T17:12:54.019347Z  INFO extract_candidates: tailwindcss_oxide::scanner: exit
2025-07-09T17:12:54.020096Z  INFO get_files: tailwindcss_oxide::scanner: enter
2025-07-09T17:12:54.020103Z  INFO get_files:scan_sources: tailwindcss_oxide::scanner: enter
2025-07-09T17:12:54.020791Z  INFO get_files:scan_sources: tailwindcss_oxide::scanner: Discovering "/Users/rod/DevOps/ReportMate/apps/www/app"
2025-07-09T17:12:54.020852Z  INFO get_files:scan_sources: tailwindcss_oxide::scanner: Discovering "/Users/rod/DevOps/ReportMate/apps/www/app/settings"
2025-07-09T17:12:54.020921Z  INFO get_files:scan_sources: tailwindcss_oxide::scanner: Discovering "/Users/rod/DevOps/ReportMate/apps/www/app/device-modular"
2025-07-09T17:12:54.021112Z  INFO get_files:scan_sources: tailwindcss_oxide::scanner: Discovering "/Users/rod/DevOps/ReportMate/apps/www/app/device-modular/[deviceId]"
2025-07-09T17:12:54.021183Z  INFO get_files:scan_sources: tailwindcss_oxide::scanner: Discovering "/Users/rod/DevOps/ReportMate/apps/www/app/dashboard"
2025-07-09T17:12:54.021258Z  INFO get_files:scan_sources: tailwindcss_oxide::scanner: Discovering "/Users/rod/DevOps/ReportMate/apps/www/app/device-new"
2025-07-09T17:12:54.021406Z  INFO get_files:scan_sources: tailwindcss_oxide::scanner: Discovering "/Users/rod/DevOps/ReportMate/apps/www/app/device-new/[deviceId]"
2025-07-09T17:12:54.021474Z  INFO get_files:scan_sources: tailwindcss_oxide::scanner: Discovering "/Users/rod/DevOps/ReportMate/apps/www/app/api-test"
2025-07-09T17:12:54.021544Z  INFO get_files:scan_sources: tailwindcss_oxide::scanner: Discovering "/Users/rod/DevOps/ReportMate/apps/www/app/api"
2025-07-09T17:12:54.021680Z  INFO get_files:scan_sources: tailwindcss_oxide::scanner: Discovering "/Users/rod/DevOps/ReportMate/apps/www/app/api/events-internal"
2025-07-09T17:12:54.021831Z  INFO get_files:scan_sources: tailwindcss_oxide::scanner: Discovering "/Users/rod/DevOps/ReportMate/apps/www/app/api/negotiate-internal"
2025-07-09T17:12:54.021888Z  INFO get_files:scan_sources: tailwindcss_oxide::scanner: Discovering "/Users/rod/DevOps/ReportMate/apps/www/app/api/device"
2025-07-09T17:12:54.022016Z  INFO get_files:scan_sources: tailwindcss_oxide::scanner: Discovering "/Users/rod/DevOps/ReportMate/apps/www/app/api/device/[deviceId]"
2025-07-09T17:12:54.022087Z  INFO get_files:scan_sources: tailwindcss_oxide::scanner: Discovering "/Users/rod/DevOps/ReportMate/apps/www/app/api/devices-internal"
2025-07-09T17:12:54.022143Z  INFO get_files:scan_sources: tailwindcss_oxide::scanner: Discovering "/Users/rod/DevOps/ReportMate/apps/www/app/api/events"
2025-07-09T17:12:54.022204Z  INFO get_files:scan_sources: tailwindcss_oxide::scanner: Discovering "/Users/rod/DevOps/ReportMate/apps/www/app/api/devices"
2025-07-09T17:12:54.022264Z  INFO get_files:scan_sources: tailwindcss_oxide::scanner: Discovering "/Users/rod/DevOps/ReportMate/apps/www/app/api/debug"
2025-07-09T17:12:54.022329Z  INFO get_files:scan_sources: tailwindcss_oxide::scanner: Discovering "/Users/rod/DevOps/ReportMate/apps/www/app/device"
2025-07-09T17:12:54.022399Z  INFO get_files:scan_sources: tailwindcss_oxide::scanner: Discovering "/Users/rod/DevOps/ReportMate/apps/www/app/device/[deviceId]"
2025-07-09T17:12:54.022470Z  INFO get_files:scan_sources: tailwindcss_oxide::scanner: Discovering "/Users/rod/DevOps/ReportMate/apps/www/app/device/list"
2025-07-09T17:12:54.022543Z  INFO get_files:scan_sources: tailwindcss_oxide::scanner: Discovering "/Users/rod/DevOps/ReportMate/apps/www/app/events"
2025-07-09T17:12:54.022606Z  INFO get_files:scan_sources: tailwindcss_oxide::scanner: Discovering "/Users/rod/DevOps/ReportMate/apps/www/app/modules"
2025-07-09T17:12:54.022674Z  INFO get_files:scan_sources: tailwindcss_oxide::scanner: Discovering "/Users/rod/DevOps/ReportMate/apps/www/app/devices"
2025-07-09T17:12:54.022780Z  INFO get_files:scan_sources: tailwindcss_oxide::scanner: Discovering "/Users/rod/DevOps/ReportMate/apps/www/prisma"
2025-07-09T17:12:54.022885Z  INFO get_files:scan_sources: tailwindcss_oxide::scanner: Discovering "/Users/rod/DevOps/ReportMate/apps/www/public"
2025-07-09T17:12:54.022950Z  INFO get_files:scan_sources: tailwindcss_oxide::scanner: Discovering "/Users/rod/DevOps/ReportMate/apps/www/__tests__"
2025-07-09T17:12:54.023004Z  INFO get_files:scan_sources: tailwindcss_oxide::scanner: Discovering "/Users/rod/DevOps/ReportMate/apps/www/__tests__/unit"
2025-07-09T17:12:54.023060Z  INFO get_files:scan_sources: tailwindcss_oxide::scanner: Discovering "/Users/rod/DevOps/ReportMate/apps/www/__tests__/api"
2025-07-09T17:12:54.023135Z  INFO get_files:scan_sources: tailwindcss_oxide::scanner: Discovering "/Users/rod/DevOps/ReportMate/apps/www/scripts"
2025-07-09T17:12:54.023232Z  INFO get_files:scan_sources: tailwindcss_oxide::scanner: Discovering "/Users/rod/DevOps/ReportMate/apps/www/e2e"
2025-07-09T17:12:54.023378Z  INFO get_files:scan_sources: tailwindcss_oxide::scanner: Discovering "/Users/rod/DevOps/ReportMate/apps/www/src"
2025-07-09T17:12:54.023433Z  INFO get_files:scan_sources: tailwindcss_oxide::scanner: Discovering "/Users/rod/DevOps/ReportMate/apps/www/src/app"
2025-07-09T17:12:54.023484Z  INFO get_files:scan_sources: tailwindcss_oxide::scanner: Discovering "/Users/rod/DevOps/ReportMate/apps/www/src/app/api"
2025-07-09T17:12:54.023532Z  INFO get_files:scan_sources: tailwindcss_oxide::scanner: Discovering "/Users/rod/DevOps/ReportMate/apps/www/src/app/api/modules"
2025-07-09T17:12:54.023595Z  INFO get_files:scan_sources: tailwindcss_oxide::scanner: Discovering "/Users/rod/DevOps/ReportMate/apps/www/src/components"
2025-07-09T17:12:54.023653Z  INFO get_files:scan_sources: tailwindcss_oxide::scanner: Discovering "/Users/rod/DevOps/ReportMate/apps/www/src/components/tables"
2025-07-09T17:12:54.023741Z  INFO get_files:scan_sources: tailwindcss_oxide::scanner: Discovering "/Users/rod/DevOps/ReportMate/apps/www/src/components/widgets"
2025-07-09T17:12:54.023815Z  INFO get_files:scan_sources: tailwindcss_oxide::scanner: Discovering "/Users/rod/DevOps/ReportMate/apps/www/src/lib"
2025-07-09T17:12:54.023893Z  INFO get_files:scan_sources: tailwindcss_oxide::scanner: Discovering "/Users/rod/DevOps/ReportMate/apps/www/src/lib/modules"
2025-07-09T17:12:54.023950Z  INFO get_files:scan_sources: tailwindcss_oxide::scanner: Discovering "/Users/rod/DevOps/ReportMate/apps/www/src/lib/modules/core"
2025-07-09T17:12:54.024044Z  INFO get_files:scan_sources: tailwindcss_oxide::scanner: Discovering "/Users/rod/DevOps/ReportMate/apps/www/src/lib/modules/widgets"
2025-07-09T17:12:54.024173Z  INFO get_files:scan_sources: tailwindcss_oxide::scanner: Discovering "/Users/rod/DevOps/ReportMate/apps/www/src/api"
2025-07-09T17:12:54.024223Z  INFO get_files:scan_sources: tailwindcss_oxide::scanner: Discovering "/Users/rod/DevOps/ReportMate/apps/www/src/api/business-units"
2025-07-09T17:12:54.024279Z  INFO get_files:scan_sources: tailwindcss_oxide::scanner: Discovering "/Users/rod/DevOps/ReportMate/apps/www/src/api/machine-groups"
2025-07-09T17:12:54.024405Z  INFO get_files:scan_sources: tailwindcss_oxide::scanner: exit
2025-07-09T17:12:54.024556Z  INFO get_files: tailwindcss_oxide::scanner: exit
2025-07-09T17:12:54.024683Z  INFO get_globs: tailwindcss_oxide::scanner: enter
2025-07-09T17:12:54.024686Z  INFO get_globs:scan_sources: tailwindcss_oxide::scanner: enter
2025-07-09T17:12:54.025337Z  INFO get_globs:scan_sources: tailwindcss_oxide::scanner: Discovering "/Users/rod/DevOps/ReportMate/apps/www/app"
2025-07-09T17:12:54.025411Z  INFO get_globs:scan_sources: tailwindcss_oxide::scanner: Discovering "/Users/rod/DevOps/ReportMate/apps/www/app/settings"
2025-07-09T17:12:54.025490Z  INFO get_globs:scan_sources: tailwindcss_oxide::scanner: Discovering "/Users/rod/DevOps/ReportMate/apps/www/app/device-modular"
2025-07-09T17:12:54.025550Z  INFO get_globs:scan_sources: tailwindcss_oxide::scanner: Discovering "/Users/rod/DevOps/ReportMate/apps/www/app/device-modular/[deviceId]"
2025-07-09T17:12:54.025636Z  INFO get_globs:scan_sources: tailwindcss_oxide::scanner: Discovering "/Users/rod/DevOps/ReportMate/apps/www/app/dashboard"
2025-07-09T17:12:54.025720Z  INFO get_globs:scan_sources: tailwindcss_oxide::scanner: Discovering "/Users/rod/DevOps/ReportMate/apps/www/app/device-new"
2025-07-09T17:12:54.025790Z  INFO get_globs:scan_sources: tailwindcss_oxide::scanner: Discovering "/Users/rod/DevOps/ReportMate/apps/www/app/device-new/[deviceId]"
2025-07-09T17:12:54.025884Z  INFO get_globs:scan_sources: tailwindcss_oxide::scanner: Discovering "/Users/rod/DevOps/ReportMate/apps/www/app/api-test"
2025-07-09T17:12:54.025960Z  INFO get_globs:scan_sources: tailwindcss_oxide::scanner: Discovering "/Users/rod/DevOps/ReportMate/apps/www/app/api"
2025-07-09T17:12:54.026023Z  INFO get_globs:scan_sources: tailwindcss_oxide::scanner: Discovering "/Users/rod/DevOps/ReportMate/apps/www/app/api/events-internal"
2025-07-09T17:12:54.026090Z  INFO get_globs:scan_sources: tailwindcss_oxide::scanner: Discovering "/Users/rod/DevOps/ReportMate/apps/www/app/api/negotiate-internal"
2025-07-09T17:12:54.026171Z  INFO get_globs:scan_sources: tailwindcss_oxide::scanner: Discovering "/Users/rod/DevOps/ReportMate/apps/www/app/api/device"
2025-07-09T17:12:54.026230Z  INFO get_globs:scan_sources: tailwindcss_oxide::scanner: Discovering "/Users/rod/DevOps/ReportMate/apps/www/app/api/device/[deviceId]"
2025-07-09T17:12:54.026299Z  INFO get_globs:scan_sources: tailwindcss_oxide::scanner: Discovering "/Users/rod/DevOps/ReportMate/apps/www/app/api/devices-internal"
2025-07-09T17:12:54.026350Z  INFO get_globs:scan_sources: tailwindcss_oxide::scanner: Discovering "/Users/rod/DevOps/ReportMate/apps/www/app/api/events"
2025-07-09T17:12:54.026412Z  INFO get_globs:scan_sources: tailwindcss_oxide::scanner: Discovering "/Users/rod/DevOps/ReportMate/apps/www/app/api/devices"
2025-07-09T17:12:54.026485Z  INFO get_globs:scan_sources: tailwindcss_oxide::scanner: Discovering "/Users/rod/DevOps/ReportMate/apps/www/app/api/debug"
2025-07-09T17:12:54.026561Z  INFO get_globs:scan_sources: tailwindcss_oxide::scanner: Discovering "/Users/rod/DevOps/ReportMate/apps/www/app/device"
2025-07-09T17:12:54.026620Z  INFO get_globs:scan_sources: tailwindcss_oxide::scanner: Discovering "/Users/rod/DevOps/ReportMate/apps/www/app/device/[deviceId]"
2025-07-09T17:12:54.026692Z  INFO get_globs:scan_sources: tailwindcss_oxide::scanner: Discovering "/Users/rod/DevOps/ReportMate/apps/www/app/device/list"
2025-07-09T17:12:54.026765Z  INFO get_globs:scan_sources: tailwindcss_oxide::scanner: Discovering "/Users/rod/DevOps/ReportMate/apps/www/app/events"
2025-07-09T17:12:54.026825Z  INFO get_globs:scan_sources: tailwindcss_oxide::scanner: Discovering "/Users/rod/DevOps/ReportMate/apps/www/app/modules"
2025-07-09T17:12:54.026893Z  INFO get_globs:scan_sources: tailwindcss_oxide::scanner: Discovering "/Users/rod/DevOps/ReportMate/apps/www/app/devices"
2025-07-09T17:12:54.027009Z  INFO get_globs:scan_sources: tailwindcss_oxide::scanner: Discovering "/Users/rod/DevOps/ReportMate/apps/www/prisma"
2025-07-09T17:12:54.027126Z  INFO get_globs:scan_sources: tailwindcss_oxide::scanner: Discovering "/Users/rod/DevOps/ReportMate/apps/www/public"
2025-07-09T17:12:54.027190Z  INFO get_globs:scan_sources: tailwindcss_oxide::scanner: Discovering "/Users/rod/DevOps/ReportMate/apps/www/__tests__"
2025-07-09T17:12:54.027245Z  INFO get_globs:scan_sources: tailwindcss_oxide::scanner: Discovering "/Users/rod/DevOps/ReportMate/apps/www/__tests__/unit"
2025-07-09T17:12:54.027316Z  INFO get_globs:scan_sources: tailwindcss_oxide::scanner: Discovering "/Users/rod/DevOps/ReportMate/apps/www/__tests__/api"
2025-07-09T17:12:54.027397Z  INFO get_globs:scan_sources: tailwindcss_oxide::scanner: Discovering "/Users/rod/DevOps/ReportMate/apps/www/scripts"
2025-07-09T17:12:54.027508Z  INFO get_globs:scan_sources: tailwindcss_oxide::scanner: Discovering "/Users/rod/DevOps/ReportMate/apps/www/e2e"
2025-07-09T17:12:54.027588Z  INFO get_globs:scan_sources: tailwindcss_oxide::scanner: Discovering "/Users/rod/DevOps/ReportMate/apps/www/src"
2025-07-09T17:12:54.027643Z  INFO get_globs:scan_sources: tailwindcss_oxide::scanner: Discovering "/Users/rod/DevOps/ReportMate/apps/www/src/app"
2025-07-09T17:12:54.027706Z  INFO get_globs:scan_sources: tailwindcss_oxide::scanner: Discovering "/Users/rod/DevOps/ReportMate/apps/www/src/app/api"
2025-07-09T17:12:54.027770Z  INFO get_globs:scan_sources: tailwindcss_oxide::scanner: Discovering "/Users/rod/DevOps/ReportMate/apps/www/src/app/api/modules"
2025-07-09T17:12:54.027849Z  INFO get_globs:scan_sources: tailwindcss_oxide::scanner: Discovering "/Users/rod/DevOps/ReportMate/apps/www/src/components"
2025-07-09T17:12:54.027921Z  INFO get_globs:scan_sources: tailwindcss_oxide::scanner: Discovering "/Users/rod/DevOps/ReportMate/apps/www/src/components/tables"
2025-07-09T17:12:54.028024Z  INFO get_globs:scan_sources: tailwindcss_oxide::scanner: Discovering "/Users/rod/DevOps/ReportMate/apps/www/src/components/widgets"
2025-07-09T17:12:54.028109Z  INFO get_globs:scan_sources: tailwindcss_oxide::scanner: Discovering "/Users/rod/DevOps/ReportMate/apps/www/src/lib"
2025-07-09T17:12:54.028202Z  INFO get_globs:scan_sources: tailwindcss_oxide::scanner: Discovering "/Users/rod/DevOps/ReportMate/apps/www/src/lib/modules"
2025-07-09T17:12:54.028267Z  INFO get_globs:scan_sources: tailwindcss_oxide::scanner: Discovering "/Users/rod/DevOps/ReportMate/apps/www/src/lib/modules/core"
2025-07-09T17:12:54.028378Z  INFO get_globs:scan_sources: tailwindcss_oxide::scanner: Discovering "/Users/rod/DevOps/ReportMate/apps/www/src/lib/modules/widgets"
2025-07-09T17:12:54.028540Z  INFO get_globs:scan_sources: tailwindcss_oxide::scanner: Discovering "/Users/rod/DevOps/ReportMate/apps/www/src/api"
2025-07-09T17:12:54.028607Z  INFO get_globs:scan_sources: tailwindcss_oxide::scanner: Discovering "/Users/rod/DevOps/ReportMate/apps/www/src/api/business-units"
2025-07-09T17:12:54.028676Z  INFO get_globs:scan_sources: tailwindcss_oxide::scanner: Discovering "/Users/rod/DevOps/ReportMate/apps/www/src/api/machine-groups"
2025-07-09T17:12:54.028811Z  INFO get_globs:scan_sources: tailwindcss_oxide::scanner: exit
2025-07-09T17:12:54.032212Z  INFO get_globs: tailwindcss_oxide::scanner: exit
