2025-07-09T17:23:41.783774Z  INFO tailwindcss_oxide::scanner: Provided sources:
2025-07-09T17:23:41.783875Z  INFO tailwindcss_oxide::scanner: Source: PublicSourceEntry { base: "/Users/rod/DevOps/ReportMate/apps/www", pattern: "**/*", negated: false }
2025-07-09T17:23:41.784307Z  INFO tailwindcss_oxide::scanner: Optimized sources:
2025-07-09T17:23:41.784311Z  INFO tailwindcss_oxide::scanner: Source: Auto { base: "/Users/rod/DevOps/ReportMate/apps/www" }
2025-07-09T17:23:41.786217Z  INFO scan_sources: tailwindcss_oxide::scanner: enter
2025-07-09T17:23:41.788241Z  INFO scan_sources: tailwindcss_oxide::scanner: Discovering "/Users/rod/DevOps/ReportMate/apps/www/.env.local.example"
2025-07-09T17:23:41.788269Z  INFO scan_sources: tailwindcss_oxide::scanner: Discovering "/Users/rod/DevOps/ReportMate/apps/www/app"
2025-07-09T17:23:41.788354Z  INFO scan_sources: tailwindcss_oxide::scanner: Discovering "/Users/rod/DevOps/ReportMate/apps/www/app/settings"
2025-07-09T17:23:41.788401Z  INFO scan_sources: tailwindcss_oxide::scanner: Discovering "/Users/rod/DevOps/ReportMate/apps/www/app/settings/page.tsx"
2025-07-09T17:23:41.788609Z  INFO scan_sources: tailwindcss_oxide::scanner: Discovering "/Users/rod/DevOps/ReportMate/apps/www/app/device-modular"
2025-07-09T17:23:41.789155Z  INFO scan_sources: tailwindcss_oxide::scanner: Discovering "/Users/rod/DevOps/ReportMate/apps/www/app/device-modular/[deviceId]"
2025-07-09T17:23:41.789218Z  INFO scan_sources: tailwindcss_oxide::scanner: Discovering "/Users/rod/DevOps/ReportMate/apps/www/app/device-modular/[deviceId]/page.tsx"
2025-07-09T17:23:41.789242Z  INFO scan_sources: tailwindcss_oxide::scanner: Discovering "/Users/rod/DevOps/ReportMate/apps/www/app/dashboard"
2025-07-09T17:23:41.789304Z  INFO scan_sources: tailwindcss_oxide::scanner: Discovering "/Users/rod/DevOps/ReportMate/apps/www/app/dashboard/page-static-backup.tsx"
2025-07-09T17:23:41.789315Z  INFO scan_sources: tailwindcss_oxide::scanner: Discovering "/Users/rod/DevOps/ReportMate/apps/www/app/dashboard/page.tsx"
2025-07-09T17:23:41.789325Z  INFO scan_sources: tailwindcss_oxide::scanner: Discovering "/Users/rod/DevOps/ReportMate/apps/www/app/dashboard/hooks.ts"
2025-07-09T17:23:41.789342Z  INFO scan_sources: tailwindcss_oxide::scanner: Discovering "/Users/rod/DevOps/ReportMate/apps/www/app/device-new"
2025-07-09T17:23:41.789502Z  INFO scan_sources: tailwindcss_oxide::scanner: Discovering "/Users/rod/DevOps/ReportMate/apps/www/app/device-new/[deviceId]"
2025-07-09T17:23:41.789559Z  INFO scan_sources: tailwindcss_oxide::scanner: Discovering "/Users/rod/DevOps/ReportMate/apps/www/app/device-new/[deviceId]/page.tsx"
2025-07-09T17:23:41.789599Z  INFO scan_sources: tailwindcss_oxide::scanner: Discovering "/Users/rod/DevOps/ReportMate/apps/www/app/api-test"
2025-07-09T17:23:41.789654Z  INFO scan_sources: tailwindcss_oxide::scanner: Discovering "/Users/rod/DevOps/ReportMate/apps/www/app/api-test/page.tsx"
2025-07-09T17:23:41.789670Z  INFO scan_sources: tailwindcss_oxide::scanner: Discovering "/Users/rod/DevOps/ReportMate/apps/www/app/layout.tsx"
2025-07-09T17:23:41.789686Z  INFO scan_sources: tailwindcss_oxide::scanner: Discovering "/Users/rod/DevOps/ReportMate/apps/www/app/api"
2025-07-09T17:23:41.790057Z  INFO scan_sources: tailwindcss_oxide::scanner: Discovering "/Users/rod/DevOps/ReportMate/apps/www/app/api/events-internal"
2025-07-09T17:23:41.790239Z  INFO scan_sources: tailwindcss_oxide::scanner: Discovering "/Users/rod/DevOps/ReportMate/apps/www/app/api/negotiate-internal"
2025-07-09T17:23:41.790479Z  INFO scan_sources: tailwindcss_oxide::scanner: Discovering "/Users/rod/DevOps/ReportMate/apps/www/app/api/device"
2025-07-09T17:23:41.790679Z  INFO scan_sources: tailwindcss_oxide::scanner: Discovering "/Users/rod/DevOps/ReportMate/apps/www/app/api/device/[deviceId]"
2025-07-09T17:23:41.790722Z  INFO scan_sources: tailwindcss_oxide::scanner: Discovering "/Users/rod/DevOps/ReportMate/apps/www/app/api/device/[deviceId]/route.ts"
2025-07-09T17:23:41.790734Z  INFO scan_sources: tailwindcss_oxide::scanner: Discovering "/Users/rod/DevOps/ReportMate/apps/www/app/api/device/route.ts"
2025-07-09T17:23:41.790982Z  INFO scan_sources: tailwindcss_oxide::scanner: Discovering "/Users/rod/DevOps/ReportMate/apps/www/app/api/devices-internal"
2025-07-09T17:23:41.791222Z  INFO scan_sources: tailwindcss_oxide::scanner: Discovering "/Users/rod/DevOps/ReportMate/apps/www/app/api/events"
2025-07-09T17:23:41.791287Z  INFO scan_sources: tailwindcss_oxide::scanner: Discovering "/Users/rod/DevOps/ReportMate/apps/www/app/api/events/route.ts"
2025-07-09T17:23:41.791479Z  INFO scan_sources: tailwindcss_oxide::scanner: Discovering "/Users/rod/DevOps/ReportMate/apps/www/app/api/devices"
2025-07-09T17:23:41.791532Z  INFO scan_sources: tailwindcss_oxide::scanner: Discovering "/Users/rod/DevOps/ReportMate/apps/www/app/api/devices/route.ts"
2025-07-09T17:23:41.791772Z  INFO scan_sources: tailwindcss_oxide::scanner: Discovering "/Users/rod/DevOps/ReportMate/apps/www/app/api/debug"
2025-07-09T17:23:41.791823Z  INFO scan_sources: tailwindcss_oxide::scanner: Discovering "/Users/rod/DevOps/ReportMate/apps/www/app/api/debug/route.ts"
2025-07-09T17:23:41.791850Z  INFO scan_sources: tailwindcss_oxide::scanner: Discovering "/Users/rod/DevOps/ReportMate/apps/www/app/device"
2025-07-09T17:23:41.792022Z  INFO scan_sources: tailwindcss_oxide::scanner: Discovering "/Users/rod/DevOps/ReportMate/apps/www/app/device/[deviceId]"
2025-07-09T17:23:41.792068Z  INFO scan_sources: tailwindcss_oxide::scanner: Discovering "/Users/rod/DevOps/ReportMate/apps/www/app/device/[deviceId]/page.tsx"
2025-07-09T17:23:41.792177Z  INFO scan_sources: tailwindcss_oxide::scanner: Discovering "/Users/rod/DevOps/ReportMate/apps/www/app/device/list"
2025-07-09T17:23:41.792220Z  INFO scan_sources: tailwindcss_oxide::scanner: Discovering "/Users/rod/DevOps/ReportMate/apps/www/app/device/list/page.tsx"
2025-07-09T17:23:41.792233Z  INFO scan_sources: tailwindcss_oxide::scanner: Discovering "/Users/rod/DevOps/ReportMate/apps/www/app/device/page.tsx"
2025-07-09T17:23:41.792251Z  INFO scan_sources: tailwindcss_oxide::scanner: Discovering "/Users/rod/DevOps/ReportMate/apps/www/app/events"
2025-07-09T17:23:41.792288Z  INFO scan_sources: tailwindcss_oxide::scanner: Discovering "/Users/rod/DevOps/ReportMate/apps/www/app/events/page.tsx"
2025-07-09T17:23:41.792308Z  INFO scan_sources: tailwindcss_oxide::scanner: Discovering "/Users/rod/DevOps/ReportMate/apps/www/app/modules"
2025-07-09T17:23:41.792346Z  INFO scan_sources: tailwindcss_oxide::scanner: Discovering "/Users/rod/DevOps/ReportMate/apps/www/app/modules/page.tsx"
2025-07-09T17:23:41.792360Z  INFO scan_sources: tailwindcss_oxide::scanner: Discovering "/Users/rod/DevOps/ReportMate/apps/www/app/page.tsx"
2025-07-09T17:23:41.792368Z  INFO scan_sources: tailwindcss_oxide::scanner: Discovering "/Users/rod/DevOps/ReportMate/apps/www/app/globals.css"
2025-07-09T17:23:41.792381Z  INFO scan_sources: tailwindcss_oxide::scanner: Discovering "/Users/rod/DevOps/ReportMate/apps/www/app/devices"
2025-07-09T17:23:41.792423Z  INFO scan_sources: tailwindcss_oxide::scanner: Discovering "/Users/rod/DevOps/ReportMate/apps/www/app/devices/page.tsx"
2025-07-09T17:23:41.792439Z  INFO scan_sources: tailwindcss_oxide::scanner: Discovering "/Users/rod/DevOps/ReportMate/apps/www/LICENSE"
2025-07-09T17:23:41.792448Z  INFO scan_sources: tailwindcss_oxide::scanner: Discovering "/Users/rod/DevOps/ReportMate/apps/www/jest.setup.js"
2025-07-09T17:23:41.792455Z  INFO scan_sources: tailwindcss_oxide::scanner: Discovering "/Users/rod/DevOps/ReportMate/apps/www/Dockerfile"
2025-07-09T17:23:41.792465Z  INFO scan_sources: tailwindcss_oxide::scanner: Discovering "/Users/rod/DevOps/ReportMate/apps/www/next.config.mjs"
2025-07-09T17:23:41.792471Z  INFO scan_sources: tailwindcss_oxide::scanner: Discovering "/Users/rod/DevOps/ReportMate/apps/www/jest.config.js"
2025-07-09T17:23:41.792717Z  INFO scan_sources: tailwindcss_oxide::scanner: Discovering "/Users/rod/DevOps/ReportMate/apps/www/prisma"
2025-07-09T17:23:41.792765Z  INFO scan_sources: tailwindcss_oxide::scanner: Discovering "/Users/rod/DevOps/ReportMate/apps/www/prisma/schema.prisma"
2025-07-09T17:23:41.792785Z  INFO scan_sources: tailwindcss_oxide::scanner: Discovering "/Users/rod/DevOps/ReportMate/apps/www/package.test.json"
2025-07-09T17:23:41.792896Z  INFO scan_sources: tailwindcss_oxide::scanner: Discovering "/Users/rod/DevOps/ReportMate/apps/www/README.md"
2025-07-09T17:23:41.792905Z  INFO scan_sources: tailwindcss_oxide::scanner: Discovering "/Users/rod/DevOps/ReportMate/apps/www/tailwind.config.ts"
2025-07-09T17:23:41.792914Z  INFO scan_sources: tailwindcss_oxide::scanner: Discovering "/Users/rod/DevOps/ReportMate/apps/www/.dockerignore"
2025-07-09T17:23:41.793005Z  INFO scan_sources: tailwindcss_oxide::scanner: Discovering "/Users/rod/DevOps/ReportMate/apps/www/public"
2025-07-09T17:23:41.793165Z  INFO scan_sources: tailwindcss_oxide::scanner: Discovering "/Users/rod/DevOps/ReportMate/apps/www/__tests__"
2025-07-09T17:23:41.793294Z  INFO scan_sources: tailwindcss_oxide::scanner: Discovering "/Users/rod/DevOps/ReportMate/apps/www/__tests__/unit"
2025-07-09T17:23:41.793333Z  INFO scan_sources: tailwindcss_oxide::scanner: Discovering "/Users/rod/DevOps/ReportMate/apps/www/__tests__/unit/DeviceCard.test.tsx"
2025-07-09T17:23:41.793426Z  INFO scan_sources: tailwindcss_oxide::scanner: Discovering "/Users/rod/DevOps/ReportMate/apps/www/__tests__/api"
2025-07-09T17:23:41.793468Z  INFO scan_sources: tailwindcss_oxide::scanner: Discovering "/Users/rod/DevOps/ReportMate/apps/www/__tests__/api/devices.test.ts"
2025-07-09T17:23:41.793485Z  INFO scan_sources: tailwindcss_oxide::scanner: Discovering "/Users/rod/DevOps/ReportMate/apps/www/package.json"
2025-07-09T17:23:41.793492Z  INFO scan_sources: tailwindcss_oxide::scanner: Discovering "/Users/rod/DevOps/ReportMate/apps/www/init-prod-db.js"
2025-07-09T17:23:41.793596Z  INFO scan_sources: tailwindcss_oxide::scanner: Discovering "/Users/rod/DevOps/ReportMate/apps/www/scripts"
2025-07-09T17:23:41.793638Z  INFO scan_sources: tailwindcss_oxide::scanner: Discovering "/Users/rod/DevOps/ReportMate/apps/www/scripts/import-production-data.sh"
2025-07-09T17:23:41.793646Z  INFO scan_sources: tailwindcss_oxide::scanner: Discovering "/Users/rod/DevOps/ReportMate/apps/www/scripts/inject-test-data.js"
2025-07-09T17:23:41.793654Z  INFO scan_sources: tailwindcss_oxide::scanner: Discovering "/Users/rod/DevOps/ReportMate/apps/www/scripts/inject-large-payloads.sql"
2025-07-09T17:23:41.793661Z  INFO scan_sources: tailwindcss_oxide::scanner: Discovering "/Users/rod/DevOps/ReportMate/apps/www/scripts/test-db-connection.js"
2025-07-09T17:23:41.793667Z  INFO scan_sources: tailwindcss_oxide::scanner: Discovering "/Users/rod/DevOps/ReportMate/apps/www/scripts/large-test-payloads.json"
2025-07-09T17:23:41.793674Z  INFO scan_sources: tailwindcss_oxide::scanner: Discovering "/Users/rod/DevOps/ReportMate/apps/www/scripts/generate-large-payloads.js"
2025-07-09T17:23:41.793681Z  INFO scan_sources: tailwindcss_oxide::scanner: Discovering "/Users/rod/DevOps/ReportMate/apps/www/scripts/import-production-data.ps1"
2025-07-09T17:23:41.793692Z  INFO scan_sources: tailwindcss_oxide::scanner: Discovering "/Users/rod/DevOps/ReportMate/apps/www/tsconfig.json"
2025-07-09T17:23:41.793701Z  INFO scan_sources: tailwindcss_oxide::scanner: Discovering "/Users/rod/DevOps/ReportMate/apps/www/playwright.config.ts"
2025-07-09T17:23:41.793708Z  INFO scan_sources: tailwindcss_oxide::scanner: Discovering "/Users/rod/DevOps/ReportMate/apps/www/.git"
2025-07-09T17:23:41.793809Z  INFO scan_sources: tailwindcss_oxide::scanner: Discovering "/Users/rod/DevOps/ReportMate/apps/www/e2e"
2025-07-09T17:23:41.793848Z  INFO scan_sources: tailwindcss_oxide::scanner: Discovering "/Users/rod/DevOps/ReportMate/apps/www/e2e/dashboard.spec.ts"
2025-07-09T17:23:41.793858Z  INFO scan_sources: tailwindcss_oxide::scanner: Discovering "/Users/rod/DevOps/ReportMate/apps/www/postcss.config.js"
2025-07-09T17:23:41.793866Z  INFO scan_sources: tailwindcss_oxide::scanner: Discovering "/Users/rod/DevOps/ReportMate/apps/www/.eslintrc.json"
2025-07-09T17:23:41.794124Z  INFO scan_sources: tailwindcss_oxide::scanner: Discovering "/Users/rod/DevOps/ReportMate/apps/www/src"
2025-07-09T17:23:41.794280Z  INFO scan_sources: tailwindcss_oxide::scanner: Discovering "/Users/rod/DevOps/ReportMate/apps/www/src/app"
2025-07-09T17:23:41.794452Z  INFO scan_sources: tailwindcss_oxide::scanner: Discovering "/Users/rod/DevOps/ReportMate/apps/www/src/app/api"
2025-07-09T17:23:41.794598Z  INFO scan_sources: tailwindcss_oxide::scanner: Discovering "/Users/rod/DevOps/ReportMate/apps/www/src/app/api/modules"
2025-07-09T17:23:41.794643Z  INFO scan_sources: tailwindcss_oxide::scanner: Discovering "/Users/rod/DevOps/ReportMate/apps/www/src/app/api/modules/route.ts"
2025-07-09T17:23:41.794772Z  INFO scan_sources: tailwindcss_oxide::scanner: Discovering "/Users/rod/DevOps/ReportMate/apps/www/src/components"
2025-07-09T17:23:41.794821Z  INFO scan_sources: tailwindcss_oxide::scanner: Discovering "/Users/rod/DevOps/ReportMate/apps/www/src/components/theme-provider.tsx"
2025-07-09T17:23:41.794939Z  INFO scan_sources: tailwindcss_oxide::scanner: Discovering "/Users/rod/DevOps/ReportMate/apps/www/src/components/tables"
2025-07-09T17:23:41.794984Z  INFO scan_sources: tailwindcss_oxide::scanner: Discovering "/Users/rod/DevOps/ReportMate/apps/www/src/components/tables/ApplicationsTable.tsx"
2025-07-09T17:23:41.794991Z  INFO scan_sources: tailwindcss_oxide::scanner: Discovering "/Users/rod/DevOps/ReportMate/apps/www/src/components/tables/SecurityCard.tsx"
2025-07-09T17:23:41.794997Z  INFO scan_sources: tailwindcss_oxide::scanner: Discovering "/Users/rod/DevOps/ReportMate/apps/www/src/components/tables/NetworkTable.tsx"
2025-07-09T17:23:41.795004Z  INFO scan_sources: tailwindcss_oxide::scanner: Discovering "/Users/rod/DevOps/ReportMate/apps/www/src/components/tables/index.ts"
2025-07-09T17:23:41.795010Z  INFO scan_sources: tailwindcss_oxide::scanner: Discovering "/Users/rod/DevOps/ReportMate/apps/www/src/components/tables/ManagedInstallsTable.tsx"
2025-07-09T17:23:41.795024Z  INFO scan_sources: tailwindcss_oxide::scanner: Discovering "/Users/rod/DevOps/ReportMate/apps/www/src/components/DeviceEventsSimple.tsx"
2025-07-09T17:23:41.795031Z  INFO scan_sources: tailwindcss_oxide::scanner: Discovering "/Users/rod/DevOps/ReportMate/apps/www/src/components/ModuleManager.tsx"
2025-07-09T17:23:41.795038Z  INFO scan_sources: tailwindcss_oxide::scanner: Discovering "/Users/rod/DevOps/ReportMate/apps/www/src/components/DeviceEvents.tsx"
2025-07-09T17:23:41.795323Z  INFO scan_sources: tailwindcss_oxide::scanner: Discovering "/Users/rod/DevOps/ReportMate/apps/www/src/components/widgets"
2025-07-09T17:23:41.795370Z  INFO scan_sources: tailwindcss_oxide::scanner: Discovering "/Users/rod/DevOps/ReportMate/apps/www/src/components/widgets/MDM.tsx"
2025-07-09T17:23:41.795386Z  INFO scan_sources: tailwindcss_oxide::scanner: Discovering "/Users/rod/DevOps/ReportMate/apps/www/src/components/ErrorBoundary.tsx"
2025-07-09T17:23:41.795643Z  INFO scan_sources: tailwindcss_oxide::scanner: Discovering "/Users/rod/DevOps/ReportMate/apps/www/src/lib"
2025-07-09T17:23:41.795694Z  INFO scan_sources: tailwindcss_oxide::scanner: Discovering "/Users/rod/DevOps/ReportMate/apps/www/src/lib/prisma.ts"
2025-07-09T17:23:41.795702Z  INFO scan_sources: tailwindcss_oxide::scanner: Discovering "/Users/rod/DevOps/ReportMate/apps/www/src/lib/signalr-new.ts"
2025-07-09T17:23:41.795710Z  INFO scan_sources: tailwindcss_oxide::scanner: Discovering "/Users/rod/DevOps/ReportMate/apps/www/src/lib/polling.ts"
2025-07-09T17:23:41.795719Z  INFO scan_sources: tailwindcss_oxide::scanner: Discovering "/Users/rod/DevOps/ReportMate/apps/www/src/lib/utils.ts"
2025-07-09T17:23:41.795726Z  INFO scan_sources: tailwindcss_oxide::scanner: Discovering "/Users/rod/DevOps/ReportMate/apps/www/src/lib/signalr-old.ts"
2025-07-09T17:23:41.795733Z  INFO scan_sources: tailwindcss_oxide::scanner: Discovering "/Users/rod/DevOps/ReportMate/apps/www/src/lib/signalr.ts"
2025-07-09T17:23:41.795856Z  INFO scan_sources: tailwindcss_oxide::scanner: Discovering "/Users/rod/DevOps/ReportMate/apps/www/src/lib/modules"
2025-07-09T17:23:41.796066Z  INFO scan_sources: tailwindcss_oxide::scanner: Discovering "/Users/rod/DevOps/ReportMate/apps/www/src/lib/modules/core"
2025-07-09T17:23:41.796114Z  INFO scan_sources: tailwindcss_oxide::scanner: Discovering "/Users/rod/DevOps/ReportMate/apps/www/src/lib/modules/core/DeviceInfoModule.tsx"
2025-07-09T17:23:41.796124Z  INFO scan_sources: tailwindcss_oxide::scanner: Discovering "/Users/rod/DevOps/ReportMate/apps/www/src/lib/modules/core/EventsModule.tsx"
2025-07-09T17:23:41.796135Z  INFO scan_sources: tailwindcss_oxide::scanner: Discovering "/Users/rod/DevOps/ReportMate/apps/www/src/lib/modules/EnhancedModule.ts"
2025-07-09T17:23:41.796142Z  INFO scan_sources: tailwindcss_oxide::scanner: Discovering "/Users/rod/DevOps/ReportMate/apps/www/src/lib/modules/ModuleRegistry.ts"
2025-07-09T17:23:41.796151Z  INFO scan_sources: tailwindcss_oxide::scanner: Discovering "/Users/rod/DevOps/ReportMate/apps/www/src/lib/modules/ModularDeviceLayout.tsx"
2025-07-09T17:23:41.796159Z  INFO scan_sources: tailwindcss_oxide::scanner: Discovering "/Users/rod/DevOps/ReportMate/apps/www/src/lib/modules/DynamicModuleLoader-new.ts"
2025-07-09T17:23:41.796166Z  INFO scan_sources: tailwindcss_oxide::scanner: Discovering "/Users/rod/DevOps/ReportMate/apps/www/src/lib/modules/BaseModule.ts"
2025-07-09T17:23:41.796173Z  INFO scan_sources: tailwindcss_oxide::scanner: Discovering "/Users/rod/DevOps/ReportMate/apps/www/src/lib/modules/DynamicModuleLoader.ts"
2025-07-09T17:23:41.796305Z  INFO scan_sources: tailwindcss_oxide::scanner: Discovering "/Users/rod/DevOps/ReportMate/apps/www/src/lib/modules/widgets"
2025-07-09T17:23:41.796351Z  INFO scan_sources: tailwindcss_oxide::scanner: Discovering "/Users/rod/DevOps/ReportMate/apps/www/src/lib/modules/widgets/MDMModule.tsx"
2025-07-09T17:23:41.796360Z  INFO scan_sources: tailwindcss_oxide::scanner: Discovering "/Users/rod/DevOps/ReportMate/apps/www/src/lib/modules/widgets/EventsModule.tsx"
2025-07-09T17:23:41.796368Z  INFO scan_sources: tailwindcss_oxide::scanner: Discovering "/Users/rod/DevOps/ReportMate/apps/www/src/lib/modules/widgets/OSVersionWidget.tsx"
2025-07-09T17:23:41.796375Z  INFO scan_sources: tailwindcss_oxide::scanner: Discovering "/Users/rod/DevOps/ReportMate/apps/www/src/lib/modules/widgets/ApplicationsModule.tsx"
2025-07-09T17:23:41.796383Z  INFO scan_sources: tailwindcss_oxide::scanner: Discovering "/Users/rod/DevOps/ReportMate/apps/www/src/lib/modules/widgets/NetworkModuleWidget.tsx"
2025-07-09T17:23:41.796392Z  INFO scan_sources: tailwindcss_oxide::scanner: Discovering "/Users/rod/DevOps/ReportMate/apps/www/src/lib/modules/widgets/DashboardStats.tsx"
2025-07-09T17:23:41.796402Z  INFO scan_sources: tailwindcss_oxide::scanner: Discovering "/Users/rod/DevOps/ReportMate/apps/www/src/lib/modules/widgets/HardwareModule.tsx"
2025-07-09T17:23:41.796410Z  INFO scan_sources: tailwindcss_oxide::scanner: Discovering "/Users/rod/DevOps/ReportMate/apps/www/src/lib/modules/widgets/ConnectionStatusWidget.tsx"
2025-07-09T17:23:41.796418Z  INFO scan_sources: tailwindcss_oxide::scanner: Discovering "/Users/rod/DevOps/ReportMate/apps/www/src/lib/modules/widgets/NewClientsWidget.tsx"
2025-07-09T17:23:41.796426Z  INFO scan_sources: tailwindcss_oxide::scanner: Discovering "/Users/rod/DevOps/ReportMate/apps/www/src/lib/modules/widgets/SecurityModule.tsx"
2025-07-09T17:23:41.796436Z  INFO scan_sources: tailwindcss_oxide::scanner: Discovering "/Users/rod/DevOps/ReportMate/apps/www/src/lib/modules/widgets/ManagedInstallsModule.tsx"
2025-07-09T17:23:41.796444Z  INFO scan_sources: tailwindcss_oxide::scanner: Discovering "/Users/rod/DevOps/ReportMate/apps/www/src/lib/modules/widgets/NetworkModule.tsx"
2025-07-09T17:23:41.796452Z  INFO scan_sources: tailwindcss_oxide::scanner: Discovering "/Users/rod/DevOps/ReportMate/apps/www/src/lib/modules/widgets/RecentEventsWidget.tsx"
2025-07-09T17:23:41.796464Z  INFO scan_sources: tailwindcss_oxide::scanner: Discovering "/Users/rod/DevOps/ReportMate/apps/www/src/lib/modules/ModuleInit.ts"
2025-07-09T17:23:41.796475Z  INFO scan_sources: tailwindcss_oxide::scanner: Discovering "/Users/rod/DevOps/ReportMate/apps/www/src/lib/db.ts"
2025-07-09T17:23:41.796487Z  INFO scan_sources: tailwindcss_oxide::scanner: Discovering "/Users/rod/DevOps/ReportMate/apps/www/src/lib/time.ts"
2025-07-09T17:23:41.796615Z  INFO scan_sources: tailwindcss_oxide::scanner: Discovering "/Users/rod/DevOps/ReportMate/apps/www/src/api"
2025-07-09T17:23:41.796828Z  INFO scan_sources: tailwindcss_oxide::scanner: Discovering "/Users/rod/DevOps/ReportMate/apps/www/src/api/business-units"
2025-07-09T17:23:41.796882Z  INFO scan_sources: tailwindcss_oxide::scanner: Discovering "/Users/rod/DevOps/ReportMate/apps/www/src/api/business-units/[id].ts"
2025-07-09T17:23:41.797008Z  INFO scan_sources: tailwindcss_oxide::scanner: Discovering "/Users/rod/DevOps/ReportMate/apps/www/src/api/machine-groups"
2025-07-09T17:23:41.797072Z  INFO scan_sources: tailwindcss_oxide::scanner: Discovering "/Users/rod/DevOps/ReportMate/apps/www/src/api/machine-groups/[id].ts"
2025-07-09T17:23:41.797086Z  INFO scan_sources: tailwindcss_oxide::scanner: Discovering "/Users/rod/DevOps/ReportMate/apps/www/src/api/machine-groups/generate-passphrase.ts"
2025-07-09T17:23:41.797102Z  INFO scan_sources: tailwindcss_oxide::scanner: Discovering "/Users/rod/DevOps/ReportMate/apps/www/src/api/business-units.ts"
2025-07-09T17:23:41.797112Z  INFO scan_sources: tailwindcss_oxide::scanner: Discovering "/Users/rod/DevOps/ReportMate/apps/www/src/api/machine-groups.ts"
2025-07-09T17:23:41.797191Z  INFO scan_sources: tailwindcss_oxide::scanner: exit
2025-07-09T17:23:41.797198Z  INFO extract_candidates: tailwindcss_oxide::scanner: enter
2025-07-09T17:23:41.797201Z  INFO extract_candidates:read_all_files: tailwindcss_oxide::scanner: enter
2025-07-09T17:23:41.797204Z  INFO extract_candidates:read_all_files: tailwindcss_oxide::scanner: Reading 95 file(s)
2025-07-09T17:23:41.798095Z  INFO tailwindcss_oxide::scanner: Reading "/Users/rod/DevOps/ReportMate/apps/www/.env.local.example"
2025-07-09T17:23:41.798139Z  INFO tailwindcss_oxide::scanner: Reading "/Users/rod/DevOps/ReportMate/apps/www/app/settings/page.tsx"
2025-07-09T17:23:41.798254Z  INFO tailwindcss_oxide::scanner: Reading "/Users/rod/DevOps/ReportMate/apps/www/app/api/events/route.ts"
2025-07-09T17:23:41.798264Z  INFO tailwindcss_oxide::scanner: Reading "/Users/rod/DevOps/ReportMate/apps/www/.eslintrc.json"
2025-07-09T17:23:41.798541Z  INFO tailwindcss_oxide::scanner: Reading "/Users/rod/DevOps/ReportMate/apps/www/app/events/page.tsx"
2025-07-09T17:23:41.798877Z  INFO tailwindcss_oxide::scanner: Reading "/Users/rod/DevOps/ReportMate/apps/www/app/devices/page.tsx"
2025-07-09T17:23:41.798953Z  INFO tailwindcss_oxide::scanner: Reading "/Users/rod/DevOps/ReportMate/apps/www/Dockerfile"
2025-07-09T17:23:41.799120Z  INFO tailwindcss_oxide::scanner: Reading "/Users/rod/DevOps/ReportMate/apps/www/app/dashboard/hooks.ts"
2025-07-09T17:23:41.799566Z  INFO tailwindcss_oxide::scanner: Reading "/Users/rod/DevOps/ReportMate/apps/www/src/components/tables/index.ts"
2025-07-09T17:23:41.801130Z  INFO tailwindcss_oxide::scanner: Reading "/Users/rod/DevOps/ReportMate/apps/www/app/device-modular/[deviceId]/page.tsx"
2025-07-09T17:23:41.801250Z  INFO tailwindcss_oxide::scanner: Reading "/Users/rod/DevOps/ReportMate/apps/www/src/components/ErrorBoundary.tsx"
2025-07-09T17:23:41.801829Z  INFO tailwindcss_oxide::scanner: Reading "/Users/rod/DevOps/ReportMate/apps/www/src/lib/modules/DynamicModuleLoader-new.ts"
2025-07-09T17:23:41.802756Z  INFO tailwindcss_oxide::scanner: Reading "/Users/rod/DevOps/ReportMate/apps/www/app/dashboard/page-static-backup.tsx"
2025-07-09T17:23:41.802856Z  INFO tailwindcss_oxide::scanner: Reading "/Users/rod/DevOps/ReportMate/apps/www/scripts/import-production-data.sh"
2025-07-09T17:23:41.805236Z  INFO tailwindcss_oxide::scanner: Reading "/Users/rod/DevOps/ReportMate/apps/www/app/layout.tsx"
2025-07-09T17:23:41.805264Z  INFO tailwindcss_oxide::scanner: Reading "/Users/rod/DevOps/ReportMate/apps/www/app/api/devices/route.ts"
2025-07-09T17:23:41.805299Z  INFO tailwindcss_oxide::scanner: Reading "/Users/rod/DevOps/ReportMate/apps/www/src/components/ModuleManager.tsx"
2025-07-09T17:23:41.805305Z  INFO tailwindcss_oxide::scanner: Reading "/Users/rod/DevOps/ReportMate/apps/www/src/app/api/modules/route.ts"
2025-07-09T17:23:41.805391Z  INFO tailwindcss_oxide::scanner: Reading "/Users/rod/DevOps/ReportMate/apps/www/LICENSE"
2025-07-09T17:23:41.805421Z  INFO tailwindcss_oxide::scanner: Reading "/Users/rod/DevOps/ReportMate/apps/www/app/modules/page.tsx"
2025-07-09T17:23:41.805557Z  INFO tailwindcss_oxide::scanner: Reading "/Users/rod/DevOps/ReportMate/apps/www/next.config.mjs"
2025-07-09T17:23:41.805628Z  INFO tailwindcss_oxide::scanner: Reading "/Users/rod/DevOps/ReportMate/apps/www/app/device-new/[deviceId]/page.tsx"
2025-07-09T17:23:41.805672Z  INFO tailwindcss_oxide::scanner: Reading "/Users/rod/DevOps/ReportMate/apps/www/src/lib/prisma.ts"
2025-07-09T17:23:41.805684Z  INFO tailwindcss_oxide::scanner: Reading "/Users/rod/DevOps/ReportMate/apps/www/src/components/tables/ManagedInstallsTable.tsx"
2025-07-09T17:23:41.805822Z  INFO tailwindcss_oxide::scanner: Reading "/Users/rod/DevOps/ReportMate/apps/www/src/lib/modules/BaseModule.ts"
2025-07-09T17:23:41.805825Z  INFO tailwindcss_oxide::scanner: Reading "/Users/rod/DevOps/ReportMate/apps/www/app/page.tsx"
2025-07-09T17:23:41.805889Z  INFO tailwindcss_oxide::scanner: Reading "/Users/rod/DevOps/ReportMate/apps/www/app/dashboard/page.tsx"
2025-07-09T17:23:41.806033Z  INFO tailwindcss_oxide::scanner: Reading "/Users/rod/DevOps/ReportMate/apps/www/scripts/inject-test-data.js"
2025-07-09T17:23:41.806287Z  INFO tailwindcss_oxide::scanner: Reading "/Users/rod/DevOps/ReportMate/apps/www/app/api/device/[deviceId]/route.ts"
2025-07-09T17:23:41.806329Z  INFO tailwindcss_oxide::scanner: Reading "/Users/rod/DevOps/ReportMate/apps/www/app/api/debug/route.ts"
2025-07-09T17:23:41.806438Z  INFO tailwindcss_oxide::scanner: Reading "/Users/rod/DevOps/ReportMate/apps/www/src/components/theme-provider.tsx"
2025-07-09T17:23:41.807143Z  INFO tailwindcss_oxide::scanner: Reading "/Users/rod/DevOps/ReportMate/apps/www/src/components/DeviceEvents.tsx"
2025-07-09T17:23:41.807359Z  INFO tailwindcss_oxide::scanner: Reading "/Users/rod/DevOps/ReportMate/apps/www/src/lib/signalr.ts"
2025-07-09T17:23:41.807614Z  INFO tailwindcss_oxide::scanner: Reading "/Users/rod/DevOps/ReportMate/apps/www/jest.config.js"
2025-07-09T17:23:41.807709Z  INFO tailwindcss_oxide::scanner: Reading "/Users/rod/DevOps/ReportMate/apps/www/jest.setup.js"
2025-07-09T17:23:41.807920Z  INFO tailwindcss_oxide::scanner: Reading "/Users/rod/DevOps/ReportMate/apps/www/app/api-test/page.tsx"
2025-07-09T17:23:41.808429Z  INFO tailwindcss_oxide::scanner: Reading "/Users/rod/DevOps/ReportMate/apps/www/src/lib/signalr-new.ts"
2025-07-09T17:23:41.808875Z  INFO tailwindcss_oxide::scanner: Reading "/Users/rod/DevOps/ReportMate/apps/www/src/lib/modules/DynamicModuleLoader.ts"
2025-07-09T17:23:41.808880Z  INFO tailwindcss_oxide::scanner: Reading "/Users/rod/DevOps/ReportMate/apps/www/src/components/widgets/MDM.tsx"
2025-07-09T17:23:41.808882Z  INFO tailwindcss_oxide::scanner: Reading "/Users/rod/DevOps/ReportMate/apps/www/src/components/DeviceEventsSimple.tsx"
2025-07-09T17:23:41.808947Z  INFO tailwindcss_oxide::scanner: Reading "/Users/rod/DevOps/ReportMate/apps/www/src/components/tables/ApplicationsTable.tsx"
2025-07-09T17:23:41.809097Z  INFO tailwindcss_oxide::scanner: Reading "/Users/rod/DevOps/ReportMate/apps/www/app/device/[deviceId]/page.tsx"
2025-07-09T17:23:41.809249Z  INFO tailwindcss_oxide::scanner: Reading "/Users/rod/DevOps/ReportMate/apps/www/tailwind.config.ts"
2025-07-09T17:23:41.809398Z  INFO tailwindcss_oxide::scanner: Reading "/Users/rod/DevOps/ReportMate/apps/www/app/api/device/route.ts"
2025-07-09T17:23:41.809556Z  INFO tailwindcss_oxide::scanner: Reading "/Users/rod/DevOps/ReportMate/apps/www/src/lib/modules/widgets/SecurityModule.tsx"
2025-07-09T17:23:41.809556Z  INFO tailwindcss_oxide::scanner: Reading "/Users/rod/DevOps/ReportMate/apps/www/src/lib/time.ts"
2025-07-09T17:23:41.809591Z  INFO tailwindcss_oxide::scanner: Reading "/Users/rod/DevOps/ReportMate/apps/www/prisma/schema.prisma"
2025-07-09T17:23:41.809629Z  INFO tailwindcss_oxide::scanner: Reading "/Users/rod/DevOps/ReportMate/apps/www/src/lib/utils.ts"
2025-07-09T17:23:41.809726Z  INFO tailwindcss_oxide::scanner: Reading "/Users/rod/DevOps/ReportMate/apps/www/src/lib/modules/widgets/MDMModule.tsx"
2025-07-09T17:23:41.809733Z  INFO tailwindcss_oxide::scanner: Reading "/Users/rod/DevOps/ReportMate/apps/www/package.test.json"
2025-07-09T17:23:41.809787Z  INFO tailwindcss_oxide::scanner: Reading "/Users/rod/DevOps/ReportMate/apps/www/src/lib/modules/widgets/ApplicationsModule.tsx"
2025-07-09T17:23:41.809922Z  INFO tailwindcss_oxide::scanner: Reading "/Users/rod/DevOps/ReportMate/apps/www/src/lib/signalr-old.ts"
2025-07-09T17:23:41.810547Z  INFO tailwindcss_oxide::scanner: Reading "/Users/rod/DevOps/ReportMate/apps/www/src/lib/modules/core/DeviceInfoModule.tsx"
2025-07-09T17:23:41.810805Z  INFO tailwindcss_oxide::scanner: Reading "/Users/rod/DevOps/ReportMate/apps/www/src/lib/polling.ts"
2025-07-09T17:23:41.810855Z  INFO tailwindcss_oxide::scanner: Reading "/Users/rod/DevOps/ReportMate/apps/www/.dockerignore"
2025-07-09T17:23:41.810942Z  INFO tailwindcss_oxide::scanner: Reading "/Users/rod/DevOps/ReportMate/apps/www/app/device/list/page.tsx"
2025-07-09T17:23:41.810969Z  INFO tailwindcss_oxide::scanner: Reading "/Users/rod/DevOps/ReportMate/apps/www/src/api/business-units/[id].ts"
2025-07-09T17:23:41.810970Z  INFO tailwindcss_oxide::scanner: Reading "/Users/rod/DevOps/ReportMate/apps/www/src/lib/modules/core/EventsModule.tsx"
2025-07-09T17:23:41.810983Z  INFO tailwindcss_oxide::scanner: Reading "/Users/rod/DevOps/ReportMate/apps/www/src/lib/modules/widgets/RecentEventsWidget.tsx"
2025-07-09T17:23:41.811005Z  INFO tailwindcss_oxide::scanner: Reading "/Users/rod/DevOps/ReportMate/apps/www/src/components/tables/SecurityCard.tsx"
2025-07-09T17:23:41.810996Z  INFO tailwindcss_oxide::scanner: Reading "/Users/rod/DevOps/ReportMate/apps/www/src/components/tables/NetworkTable.tsx"
2025-07-09T17:23:41.810996Z  INFO tailwindcss_oxide::scanner: Reading "/Users/rod/DevOps/ReportMate/apps/www/src/lib/modules/widgets/NetworkModule.tsx"
2025-07-09T17:23:41.810996Z  INFO tailwindcss_oxide::scanner: Reading "/Users/rod/DevOps/ReportMate/apps/www/README.md"
2025-07-09T17:23:41.811010Z  INFO tailwindcss_oxide::scanner: Reading "/Users/rod/DevOps/ReportMate/apps/www/scripts/inject-large-payloads.sql"
2025-07-09T17:23:41.810999Z  INFO tailwindcss_oxide::scanner: Reading "/Users/rod/DevOps/ReportMate/apps/www/src/lib/modules/widgets/ManagedInstallsModule.tsx"
2025-07-09T17:23:41.810982Z  INFO tailwindcss_oxide::scanner: Reading "/Users/rod/DevOps/ReportMate/apps/www/src/lib/modules/widgets/EventsModule.tsx"
2025-07-09T17:23:41.811020Z  INFO tailwindcss_oxide::scanner: Reading "/Users/rod/DevOps/ReportMate/apps/www/src/lib/modules/widgets/NetworkModuleWidget.tsx"
2025-07-09T17:23:41.811199Z  INFO tailwindcss_oxide::scanner: Reading "/Users/rod/DevOps/ReportMate/apps/www/src/lib/modules/EnhancedModule.ts"
2025-07-09T17:23:41.811248Z  INFO tailwindcss_oxide::scanner: Reading "/Users/rod/DevOps/ReportMate/apps/www/__tests__/unit/DeviceCard.test.tsx"
2025-07-09T17:23:41.811324Z  INFO tailwindcss_oxide::scanner: Reading "/Users/rod/DevOps/ReportMate/apps/www/package.json"
2025-07-09T17:23:41.811440Z  INFO tailwindcss_oxide::scanner: Reading "/Users/rod/DevOps/ReportMate/apps/www/__tests__/api/devices.test.ts"
2025-07-09T17:23:41.811522Z  INFO tailwindcss_oxide::scanner: Reading "/Users/rod/DevOps/ReportMate/apps/www/src/lib/modules/ModuleRegistry.ts"
2025-07-09T17:23:41.811526Z  INFO tailwindcss_oxide::scanner: Reading "/Users/rod/DevOps/ReportMate/apps/www/src/lib/db.ts"
2025-07-09T17:23:41.811542Z  INFO tailwindcss_oxide::scanner: Reading "/Users/rod/DevOps/ReportMate/apps/www/src/api/machine-groups/[id].ts"
2025-07-09T17:23:41.811544Z  INFO tailwindcss_oxide::scanner: Reading "/Users/rod/DevOps/ReportMate/apps/www/src/lib/modules/ModuleInit.ts"
2025-07-09T17:23:41.811586Z  INFO tailwindcss_oxide::scanner: Reading "/Users/rod/DevOps/ReportMate/apps/www/.git"
2025-07-09T17:23:41.811593Z  INFO tailwindcss_oxide::scanner: Reading "/Users/rod/DevOps/ReportMate/apps/www/src/lib/modules/widgets/OSVersionWidget.tsx"
2025-07-09T17:23:41.811589Z  INFO tailwindcss_oxide::scanner: Reading "/Users/rod/DevOps/ReportMate/apps/www/app/device/page.tsx"
2025-07-09T17:23:41.811587Z  INFO tailwindcss_oxide::scanner: Reading "/Users/rod/DevOps/ReportMate/apps/www/init-prod-db.js"
2025-07-09T17:23:41.811602Z  INFO tailwindcss_oxide::scanner: Reading "/Users/rod/DevOps/ReportMate/apps/www/src/lib/modules/widgets/ConnectionStatusWidget.tsx"
2025-07-09T17:23:41.811646Z  INFO tailwindcss_oxide::scanner: Reading "/Users/rod/DevOps/ReportMate/apps/www/scripts/import-production-data.ps1"
2025-07-09T17:23:41.811668Z  INFO tailwindcss_oxide::scanner: Reading "/Users/rod/DevOps/ReportMate/apps/www/src/lib/modules/widgets/HardwareModule.tsx"
2025-07-09T17:23:41.811602Z  INFO tailwindcss_oxide::scanner: Reading "/Users/rod/DevOps/ReportMate/apps/www/src/api/machine-groups/generate-passphrase.ts"
2025-07-09T17:23:41.811729Z  INFO tailwindcss_oxide::scanner: Reading "/Users/rod/DevOps/ReportMate/apps/www/src/api/business-units.ts"
2025-07-09T17:23:41.811737Z  INFO tailwindcss_oxide::scanner: Reading "/Users/rod/DevOps/ReportMate/apps/www/src/lib/modules/ModularDeviceLayout.tsx"
2025-07-09T17:23:41.811780Z  INFO tailwindcss_oxide::scanner: Reading "/Users/rod/DevOps/ReportMate/apps/www/src/lib/modules/widgets/NewClientsWidget.tsx"
2025-07-09T17:23:41.811838Z  INFO tailwindcss_oxide::scanner: Reading "/Users/rod/DevOps/ReportMate/apps/www/e2e/dashboard.spec.ts"
2025-07-09T17:23:41.811852Z  INFO tailwindcss_oxide::scanner: Reading "/Users/rod/DevOps/ReportMate/apps/www/src/lib/modules/widgets/DashboardStats.tsx"
2025-07-09T17:23:41.811852Z  INFO tailwindcss_oxide::scanner: Reading "/Users/rod/DevOps/ReportMate/apps/www/scripts/test-db-connection.js"
2025-07-09T17:23:41.811913Z  INFO tailwindcss_oxide::scanner: Reading "/Users/rod/DevOps/ReportMate/apps/www/src/api/machine-groups.ts"
2025-07-09T17:23:41.812022Z  INFO tailwindcss_oxide::scanner: Reading "/Users/rod/DevOps/ReportMate/apps/www/postcss.config.js"
2025-07-09T17:23:41.812037Z  INFO tailwindcss_oxide::scanner: Reading "/Users/rod/DevOps/ReportMate/apps/www/tsconfig.json"
2025-07-09T17:23:41.812293Z  INFO tailwindcss_oxide::scanner: Reading "/Users/rod/DevOps/ReportMate/apps/www/scripts/generate-large-payloads.js"
2025-07-09T17:23:41.812410Z  INFO tailwindcss_oxide::scanner: Reading "/Users/rod/DevOps/ReportMate/apps/www/playwright.config.ts"
2025-07-09T17:23:41.813679Z  INFO tailwindcss_oxide::scanner: Reading "/Users/rod/DevOps/ReportMate/apps/www/scripts/large-test-payloads.json"
2025-07-09T17:23:41.818029Z  INFO extract_candidates:read_all_files: tailwindcss_oxide::scanner: exit
2025-07-09T17:23:41.818044Z  INFO extract_candidates:parse_all_blobs: tailwindcss_oxide::scanner: enter
2025-07-09T17:23:41.818047Z  INFO extract_candidates:parse_all_blobs:extract: tailwindcss_oxide::scanner: enter
2025-07-09T17:23:41.828653Z  INFO extract_candidates:parse_all_blobs:extract: tailwindcss_oxide::scanner: exit
2025-07-09T17:23:41.828854Z  INFO extract_candidates:parse_all_blobs: tailwindcss_oxide::scanner: exit
2025-07-09T17:23:41.828860Z  INFO extract_candidates:read_all_files: tailwindcss_oxide::scanner: enter
2025-07-09T17:23:41.828863Z  INFO extract_candidates:read_all_files: tailwindcss_oxide::scanner: Reading 1 file(s)
2025-07-09T17:23:41.829182Z  INFO extract_candidates:read_all_files: tailwindcss_oxide::scanner: Reading "/Users/rod/DevOps/ReportMate/apps/www/app/globals.css"
2025-07-09T17:23:41.829189Z  INFO extract_candidates:read_all_files: tailwindcss_oxide::scanner: exit
2025-07-09T17:23:41.829192Z  INFO extract_candidates:extract_css_variables: tailwindcss_oxide::scanner: enter
2025-07-09T17:23:41.829195Z  INFO extract_candidates:extract_css_variables:extract: tailwindcss_oxide::scanner: enter
2025-07-09T17:23:41.829527Z  INFO extract_candidates:extract_css_variables:extract: tailwindcss_oxide::scanner: exit
2025-07-09T17:23:41.829534Z  INFO extract_candidates:extract_css_variables: tailwindcss_oxide::scanner: exit
2025-07-09T17:23:41.830853Z  INFO extract_candidates: tailwindcss_oxide::scanner: exit
2025-07-09T17:23:41.831602Z  INFO get_files: tailwindcss_oxide::scanner: enter
2025-07-09T17:23:41.831605Z  INFO get_files:scan_sources: tailwindcss_oxide::scanner: enter
2025-07-09T17:23:41.832232Z  INFO get_files:scan_sources: tailwindcss_oxide::scanner: Discovering "/Users/rod/DevOps/ReportMate/apps/www/app"
2025-07-09T17:23:41.832293Z  INFO get_files:scan_sources: tailwindcss_oxide::scanner: Discovering "/Users/rod/DevOps/ReportMate/apps/www/app/settings"
2025-07-09T17:23:41.832369Z  INFO get_files:scan_sources: tailwindcss_oxide::scanner: Discovering "/Users/rod/DevOps/ReportMate/apps/www/app/device-modular"
2025-07-09T17:23:41.832423Z  INFO get_files:scan_sources: tailwindcss_oxide::scanner: Discovering "/Users/rod/DevOps/ReportMate/apps/www/app/device-modular/[deviceId]"
2025-07-09T17:23:41.832491Z  INFO get_files:scan_sources: tailwindcss_oxide::scanner: Discovering "/Users/rod/DevOps/ReportMate/apps/www/app/dashboard"
2025-07-09T17:23:41.832569Z  INFO get_files:scan_sources: tailwindcss_oxide::scanner: Discovering "/Users/rod/DevOps/ReportMate/apps/www/app/device-new"
2025-07-09T17:23:41.832636Z  INFO get_files:scan_sources: tailwindcss_oxide::scanner: Discovering "/Users/rod/DevOps/ReportMate/apps/www/app/device-new/[deviceId]"
2025-07-09T17:23:41.832702Z  INFO get_files:scan_sources: tailwindcss_oxide::scanner: Discovering "/Users/rod/DevOps/ReportMate/apps/www/app/api-test"
2025-07-09T17:23:41.832769Z  INFO get_files:scan_sources: tailwindcss_oxide::scanner: Discovering "/Users/rod/DevOps/ReportMate/apps/www/app/api"
2025-07-09T17:23:41.832824Z  INFO get_files:scan_sources: tailwindcss_oxide::scanner: Discovering "/Users/rod/DevOps/ReportMate/apps/www/app/api/events-internal"
2025-07-09T17:23:41.832887Z  INFO get_files:scan_sources: tailwindcss_oxide::scanner: Discovering "/Users/rod/DevOps/ReportMate/apps/www/app/api/negotiate-internal"
2025-07-09T17:23:41.832940Z  INFO get_files:scan_sources: tailwindcss_oxide::scanner: Discovering "/Users/rod/DevOps/ReportMate/apps/www/app/api/device"
2025-07-09T17:23:41.832993Z  INFO get_files:scan_sources: tailwindcss_oxide::scanner: Discovering "/Users/rod/DevOps/ReportMate/apps/www/app/api/device/[deviceId]"
2025-07-09T17:23:41.833059Z  INFO get_files:scan_sources: tailwindcss_oxide::scanner: Discovering "/Users/rod/DevOps/ReportMate/apps/www/app/api/devices-internal"
2025-07-09T17:23:41.833117Z  INFO get_files:scan_sources: tailwindcss_oxide::scanner: Discovering "/Users/rod/DevOps/ReportMate/apps/www/app/api/events"
2025-07-09T17:23:41.833183Z  INFO get_files:scan_sources: tailwindcss_oxide::scanner: Discovering "/Users/rod/DevOps/ReportMate/apps/www/app/api/devices"
2025-07-09T17:23:41.833245Z  INFO get_files:scan_sources: tailwindcss_oxide::scanner: Discovering "/Users/rod/DevOps/ReportMate/apps/www/app/api/debug"
2025-07-09T17:23:41.833305Z  INFO get_files:scan_sources: tailwindcss_oxide::scanner: Discovering "/Users/rod/DevOps/ReportMate/apps/www/app/device"
2025-07-09T17:23:41.833361Z  INFO get_files:scan_sources: tailwindcss_oxide::scanner: Discovering "/Users/rod/DevOps/ReportMate/apps/www/app/device/[deviceId]"
2025-07-09T17:23:41.833431Z  INFO get_files:scan_sources: tailwindcss_oxide::scanner: Discovering "/Users/rod/DevOps/ReportMate/apps/www/app/device/list"
2025-07-09T17:23:41.833507Z  INFO get_files:scan_sources: tailwindcss_oxide::scanner: Discovering "/Users/rod/DevOps/ReportMate/apps/www/app/events"
2025-07-09T17:23:41.833564Z  INFO get_files:scan_sources: tailwindcss_oxide::scanner: Discovering "/Users/rod/DevOps/ReportMate/apps/www/app/modules"
2025-07-09T17:23:41.833628Z  INFO get_files:scan_sources: tailwindcss_oxide::scanner: Discovering "/Users/rod/DevOps/ReportMate/apps/www/app/devices"
2025-07-09T17:23:41.833732Z  INFO get_files:scan_sources: tailwindcss_oxide::scanner: Discovering "/Users/rod/DevOps/ReportMate/apps/www/prisma"
2025-07-09T17:23:41.833842Z  INFO get_files:scan_sources: tailwindcss_oxide::scanner: Discovering "/Users/rod/DevOps/ReportMate/apps/www/public"
2025-07-09T17:23:41.833921Z  INFO get_files:scan_sources: tailwindcss_oxide::scanner: Discovering "/Users/rod/DevOps/ReportMate/apps/www/__tests__"
2025-07-09T17:23:41.833976Z  INFO get_files:scan_sources: tailwindcss_oxide::scanner: Discovering "/Users/rod/DevOps/ReportMate/apps/www/__tests__/unit"
2025-07-09T17:23:41.834039Z  INFO get_files:scan_sources: tailwindcss_oxide::scanner: Discovering "/Users/rod/DevOps/ReportMate/apps/www/__tests__/api"
2025-07-09T17:23:41.834113Z  INFO get_files:scan_sources: tailwindcss_oxide::scanner: Discovering "/Users/rod/DevOps/ReportMate/apps/www/scripts"
2025-07-09T17:23:41.834210Z  INFO get_files:scan_sources: tailwindcss_oxide::scanner: Discovering "/Users/rod/DevOps/ReportMate/apps/www/e2e"
2025-07-09T17:23:41.834280Z  INFO get_files:scan_sources: tailwindcss_oxide::scanner: Discovering "/Users/rod/DevOps/ReportMate/apps/www/src"
2025-07-09T17:23:41.834329Z  INFO get_files:scan_sources: tailwindcss_oxide::scanner: Discovering "/Users/rod/DevOps/ReportMate/apps/www/src/app"
2025-07-09T17:23:41.834382Z  INFO get_files:scan_sources: tailwindcss_oxide::scanner: Discovering "/Users/rod/DevOps/ReportMate/apps/www/src/app/api"
2025-07-09T17:23:41.834433Z  INFO get_files:scan_sources: tailwindcss_oxide::scanner: Discovering "/Users/rod/DevOps/ReportMate/apps/www/src/app/api/modules"
2025-07-09T17:23:41.834508Z  INFO get_files:scan_sources: tailwindcss_oxide::scanner: Discovering "/Users/rod/DevOps/ReportMate/apps/www/src/components"
2025-07-09T17:23:41.834567Z  INFO get_files:scan_sources: tailwindcss_oxide::scanner: Discovering "/Users/rod/DevOps/ReportMate/apps/www/src/components/tables"
2025-07-09T17:23:41.834659Z  INFO get_files:scan_sources: tailwindcss_oxide::scanner: Discovering "/Users/rod/DevOps/ReportMate/apps/www/src/components/widgets"
2025-07-09T17:23:41.834730Z  INFO get_files:scan_sources: tailwindcss_oxide::scanner: Discovering "/Users/rod/DevOps/ReportMate/apps/www/src/lib"
2025-07-09T17:23:41.834823Z  INFO get_files:scan_sources: tailwindcss_oxide::scanner: Discovering "/Users/rod/DevOps/ReportMate/apps/www/src/lib/modules"
2025-07-09T17:23:41.834882Z  INFO get_files:scan_sources: tailwindcss_oxide::scanner: Discovering "/Users/rod/DevOps/ReportMate/apps/www/src/lib/modules/core"
2025-07-09T17:23:41.834972Z  INFO get_files:scan_sources: tailwindcss_oxide::scanner: Discovering "/Users/rod/DevOps/ReportMate/apps/www/src/lib/modules/widgets"
2025-07-09T17:23:41.835104Z  INFO get_files:scan_sources: tailwindcss_oxide::scanner: Discovering "/Users/rod/DevOps/ReportMate/apps/www/src/api"
2025-07-09T17:23:41.835155Z  INFO get_files:scan_sources: tailwindcss_oxide::scanner: Discovering "/Users/rod/DevOps/ReportMate/apps/www/src/api/business-units"
2025-07-09T17:23:41.835216Z  INFO get_files:scan_sources: tailwindcss_oxide::scanner: Discovering "/Users/rod/DevOps/ReportMate/apps/www/src/api/machine-groups"
2025-07-09T17:23:41.835323Z  INFO get_files:scan_sources: tailwindcss_oxide::scanner: exit
2025-07-09T17:23:41.835475Z  INFO get_files: tailwindcss_oxide::scanner: exit
2025-07-09T17:23:41.835604Z  INFO get_globs: tailwindcss_oxide::scanner: enter
2025-07-09T17:23:41.835608Z  INFO get_globs:scan_sources: tailwindcss_oxide::scanner: enter
2025-07-09T17:23:41.836158Z  INFO get_globs:scan_sources: tailwindcss_oxide::scanner: Discovering "/Users/rod/DevOps/ReportMate/apps/www/app"
2025-07-09T17:23:41.836213Z  INFO get_globs:scan_sources: tailwindcss_oxide::scanner: Discovering "/Users/rod/DevOps/ReportMate/apps/www/app/settings"
2025-07-09T17:23:41.836277Z  INFO get_globs:scan_sources: tailwindcss_oxide::scanner: Discovering "/Users/rod/DevOps/ReportMate/apps/www/app/device-modular"
2025-07-09T17:23:41.836329Z  INFO get_globs:scan_sources: tailwindcss_oxide::scanner: Discovering "/Users/rod/DevOps/ReportMate/apps/www/app/device-modular/[deviceId]"
2025-07-09T17:23:41.836389Z  INFO get_globs:scan_sources: tailwindcss_oxide::scanner: Discovering "/Users/rod/DevOps/ReportMate/apps/www/app/dashboard"
2025-07-09T17:23:41.836452Z  INFO get_globs:scan_sources: tailwindcss_oxide::scanner: Discovering "/Users/rod/DevOps/ReportMate/apps/www/app/device-new"
2025-07-09T17:23:41.836511Z  INFO get_globs:scan_sources: tailwindcss_oxide::scanner: Discovering "/Users/rod/DevOps/ReportMate/apps/www/app/device-new/[deviceId]"
2025-07-09T17:23:41.836573Z  INFO get_globs:scan_sources: tailwindcss_oxide::scanner: Discovering "/Users/rod/DevOps/ReportMate/apps/www/app/api-test"
2025-07-09T17:23:41.836634Z  INFO get_globs:scan_sources: tailwindcss_oxide::scanner: Discovering "/Users/rod/DevOps/ReportMate/apps/www/app/api"
2025-07-09T17:23:41.836687Z  INFO get_globs:scan_sources: tailwindcss_oxide::scanner: Discovering "/Users/rod/DevOps/ReportMate/apps/www/app/api/events-internal"
2025-07-09T17:23:41.836738Z  INFO get_globs:scan_sources: tailwindcss_oxide::scanner: Discovering "/Users/rod/DevOps/ReportMate/apps/www/app/api/negotiate-internal"
2025-07-09T17:23:41.836788Z  INFO get_globs:scan_sources: tailwindcss_oxide::scanner: Discovering "/Users/rod/DevOps/ReportMate/apps/www/app/api/device"
2025-07-09T17:23:41.836835Z  INFO get_globs:scan_sources: tailwindcss_oxide::scanner: Discovering "/Users/rod/DevOps/ReportMate/apps/www/app/api/device/[deviceId]"
2025-07-09T17:23:41.836895Z  INFO get_globs:scan_sources: tailwindcss_oxide::scanner: Discovering "/Users/rod/DevOps/ReportMate/apps/www/app/api/devices-internal"
2025-07-09T17:23:41.836945Z  INFO get_globs:scan_sources: tailwindcss_oxide::scanner: Discovering "/Users/rod/DevOps/ReportMate/apps/www/app/api/events"
2025-07-09T17:23:41.836998Z  INFO get_globs:scan_sources: tailwindcss_oxide::scanner: Discovering "/Users/rod/DevOps/ReportMate/apps/www/app/api/devices"
2025-07-09T17:23:41.837055Z  INFO get_globs:scan_sources: tailwindcss_oxide::scanner: Discovering "/Users/rod/DevOps/ReportMate/apps/www/app/api/debug"
2025-07-09T17:23:41.837116Z  INFO get_globs:scan_sources: tailwindcss_oxide::scanner: Discovering "/Users/rod/DevOps/ReportMate/apps/www/app/device"
2025-07-09T17:23:41.837168Z  INFO get_globs:scan_sources: tailwindcss_oxide::scanner: Discovering "/Users/rod/DevOps/ReportMate/apps/www/app/device/[deviceId]"
2025-07-09T17:23:41.837226Z  INFO get_globs:scan_sources: tailwindcss_oxide::scanner: Discovering "/Users/rod/DevOps/ReportMate/apps/www/app/device/list"
2025-07-09T17:23:41.837285Z  INFO get_globs:scan_sources: tailwindcss_oxide::scanner: Discovering "/Users/rod/DevOps/ReportMate/apps/www/app/events"
2025-07-09T17:23:41.837342Z  INFO get_globs:scan_sources: tailwindcss_oxide::scanner: Discovering "/Users/rod/DevOps/ReportMate/apps/www/app/modules"
2025-07-09T17:23:41.837403Z  INFO get_globs:scan_sources: tailwindcss_oxide::scanner: Discovering "/Users/rod/DevOps/ReportMate/apps/www/app/devices"
2025-07-09T17:23:41.837491Z  INFO get_globs:scan_sources: tailwindcss_oxide::scanner: Discovering "/Users/rod/DevOps/ReportMate/apps/www/prisma"
2025-07-09T17:23:41.837582Z  INFO get_globs:scan_sources: tailwindcss_oxide::scanner: Discovering "/Users/rod/DevOps/ReportMate/apps/www/public"
2025-07-09T17:23:41.837633Z  INFO get_globs:scan_sources: tailwindcss_oxide::scanner: Discovering "/Users/rod/DevOps/ReportMate/apps/www/__tests__"
2025-07-09T17:23:41.837682Z  INFO get_globs:scan_sources: tailwindcss_oxide::scanner: Discovering "/Users/rod/DevOps/ReportMate/apps/www/__tests__/unit"
2025-07-09T17:23:41.837736Z  INFO get_globs:scan_sources: tailwindcss_oxide::scanner: Discovering "/Users/rod/DevOps/ReportMate/apps/www/__tests__/api"
2025-07-09T17:23:41.837803Z  INFO get_globs:scan_sources: tailwindcss_oxide::scanner: Discovering "/Users/rod/DevOps/ReportMate/apps/www/scripts"
2025-07-09T17:23:41.837886Z  INFO get_globs:scan_sources: tailwindcss_oxide::scanner: Discovering "/Users/rod/DevOps/ReportMate/apps/www/e2e"
2025-07-09T17:23:41.837947Z  INFO get_globs:scan_sources: tailwindcss_oxide::scanner: Discovering "/Users/rod/DevOps/ReportMate/apps/www/src"
2025-07-09T17:23:41.837996Z  INFO get_globs:scan_sources: tailwindcss_oxide::scanner: Discovering "/Users/rod/DevOps/ReportMate/apps/www/src/app"
2025-07-09T17:23:41.838050Z  INFO get_globs:scan_sources: tailwindcss_oxide::scanner: Discovering "/Users/rod/DevOps/ReportMate/apps/www/src/app/api"
2025-07-09T17:23:41.838103Z  INFO get_globs:scan_sources: tailwindcss_oxide::scanner: Discovering "/Users/rod/DevOps/ReportMate/apps/www/src/app/api/modules"
2025-07-09T17:23:41.838165Z  INFO get_globs:scan_sources: tailwindcss_oxide::scanner: Discovering "/Users/rod/DevOps/ReportMate/apps/www/src/components"
2025-07-09T17:23:41.838221Z  INFO get_globs:scan_sources: tailwindcss_oxide::scanner: Discovering "/Users/rod/DevOps/ReportMate/apps/www/src/components/tables"
2025-07-09T17:23:41.838310Z  INFO get_globs:scan_sources: tailwindcss_oxide::scanner: Discovering "/Users/rod/DevOps/ReportMate/apps/www/src/components/widgets"
2025-07-09T17:23:41.838371Z  INFO get_globs:scan_sources: tailwindcss_oxide::scanner: Discovering "/Users/rod/DevOps/ReportMate/apps/www/src/lib"
2025-07-09T17:23:41.838441Z  INFO get_globs:scan_sources: tailwindcss_oxide::scanner: Discovering "/Users/rod/DevOps/ReportMate/apps/www/src/lib/modules"
2025-07-09T17:23:41.838491Z  INFO get_globs:scan_sources: tailwindcss_oxide::scanner: Discovering "/Users/rod/DevOps/ReportMate/apps/www/src/lib/modules/core"
2025-07-09T17:23:41.838571Z  INFO get_globs:scan_sources: tailwindcss_oxide::scanner: Discovering "/Users/rod/DevOps/ReportMate/apps/www/src/lib/modules/widgets"
2025-07-09T17:23:41.838686Z  INFO get_globs:scan_sources: tailwindcss_oxide::scanner: Discovering "/Users/rod/DevOps/ReportMate/apps/www/src/api"
2025-07-09T17:23:41.838737Z  INFO get_globs:scan_sources: tailwindcss_oxide::scanner: Discovering "/Users/rod/DevOps/ReportMate/apps/www/src/api/business-units"
2025-07-09T17:23:41.838790Z  INFO get_globs:scan_sources: tailwindcss_oxide::scanner: Discovering "/Users/rod/DevOps/ReportMate/apps/www/src/api/machine-groups"
2025-07-09T17:23:41.838887Z  INFO get_globs:scan_sources: tailwindcss_oxide::scanner: exit
2025-07-09T17:23:41.841688Z  INFO get_globs: tailwindcss_oxide::scanner: exit
2025-07-09T17:23:56.238433Z  INFO scan_sources: tailwindcss_oxide::scanner: enter
2025-07-09T17:23:56.239868Z  INFO scan_sources: tailwindcss_oxide::scanner: Discovering "/Users/rod/DevOps/ReportMate/apps/www/app"
2025-07-09T17:23:56.240038Z  INFO scan_sources: tailwindcss_oxide::scanner: Discovering "/Users/rod/DevOps/ReportMate/apps/www/app/settings"
2025-07-09T17:23:56.240201Z  INFO scan_sources: tailwindcss_oxide::scanner: Discovering "/Users/rod/DevOps/ReportMate/apps/www/app/device-modular"
2025-07-09T17:23:56.240340Z  INFO scan_sources: tailwindcss_oxide::scanner: Discovering "/Users/rod/DevOps/ReportMate/apps/www/app/device-modular/[deviceId]"
2025-07-09T17:23:56.240518Z  INFO scan_sources: tailwindcss_oxide::scanner: Discovering "/Users/rod/DevOps/ReportMate/apps/www/app/dashboard"
2025-07-09T17:23:56.240669Z  INFO scan_sources: tailwindcss_oxide::scanner: Discovering "/Users/rod/DevOps/ReportMate/apps/www/app/device-new"
2025-07-09T17:23:56.240799Z  INFO scan_sources: tailwindcss_oxide::scanner: Discovering "/Users/rod/DevOps/ReportMate/apps/www/app/device-new/[deviceId]"
2025-07-09T17:23:56.240962Z  INFO scan_sources: tailwindcss_oxide::scanner: Discovering "/Users/rod/DevOps/ReportMate/apps/www/app/api-test"
2025-07-09T17:23:56.241128Z  INFO scan_sources: tailwindcss_oxide::scanner: Discovering "/Users/rod/DevOps/ReportMate/apps/www/app/api"
2025-07-09T17:23:56.241251Z  INFO scan_sources: tailwindcss_oxide::scanner: Discovering "/Users/rod/DevOps/ReportMate/apps/www/app/api/events-internal"
2025-07-09T17:23:56.241459Z  INFO scan_sources: tailwindcss_oxide::scanner: Discovering "/Users/rod/DevOps/ReportMate/apps/www/app/api/negotiate-internal"
2025-07-09T17:23:56.241586Z  INFO scan_sources: tailwindcss_oxide::scanner: Discovering "/Users/rod/DevOps/ReportMate/apps/www/app/api/device"
2025-07-09T17:23:56.241729Z  INFO scan_sources: tailwindcss_oxide::scanner: Discovering "/Users/rod/DevOps/ReportMate/apps/www/app/api/device/[deviceId]"
2025-07-09T17:23:56.241895Z  INFO scan_sources: tailwindcss_oxide::scanner: Discovering "/Users/rod/DevOps/ReportMate/apps/www/app/api/devices-internal"
2025-07-09T17:23:56.242054Z  INFO scan_sources: tailwindcss_oxide::scanner: Discovering "/Users/rod/DevOps/ReportMate/apps/www/app/api/events"
2025-07-09T17:23:56.242185Z  INFO scan_sources: tailwindcss_oxide::scanner: Discovering "/Users/rod/DevOps/ReportMate/apps/www/app/api/devices"
2025-07-09T17:23:56.242333Z  INFO scan_sources: tailwindcss_oxide::scanner: Discovering "/Users/rod/DevOps/ReportMate/apps/www/app/api/debug"
2025-07-09T17:23:56.242469Z  INFO scan_sources: tailwindcss_oxide::scanner: Discovering "/Users/rod/DevOps/ReportMate/apps/www/app/device"
2025-07-09T17:23:56.242593Z  INFO scan_sources: tailwindcss_oxide::scanner: Discovering "/Users/rod/DevOps/ReportMate/apps/www/app/device/[deviceId]"
2025-07-09T17:23:56.242639Z  INFO scan_sources: tailwindcss_oxide::scanner: Discovering "/Users/rod/DevOps/ReportMate/apps/www/app/device/[deviceId]/page.tsx"
2025-07-09T17:23:56.242740Z  INFO scan_sources: tailwindcss_oxide::scanner: Discovering "/Users/rod/DevOps/ReportMate/apps/www/app/device/list"
2025-07-09T17:23:56.242900Z  INFO scan_sources: tailwindcss_oxide::scanner: Discovering "/Users/rod/DevOps/ReportMate/apps/www/app/events"
2025-07-09T17:23:56.243036Z  INFO scan_sources: tailwindcss_oxide::scanner: Discovering "/Users/rod/DevOps/ReportMate/apps/www/app/modules"
2025-07-09T17:23:56.243192Z  INFO scan_sources: tailwindcss_oxide::scanner: Discovering "/Users/rod/DevOps/ReportMate/apps/www/app/devices"
2025-07-09T17:23:56.243383Z  INFO scan_sources: tailwindcss_oxide::scanner: Discovering "/Users/rod/DevOps/ReportMate/apps/www/prisma"
2025-07-09T17:23:56.243720Z  INFO scan_sources: tailwindcss_oxide::scanner: Discovering "/Users/rod/DevOps/ReportMate/apps/www/public"
2025-07-09T17:23:56.243856Z  INFO scan_sources: tailwindcss_oxide::scanner: Discovering "/Users/rod/DevOps/ReportMate/apps/www/__tests__"
2025-07-09T17:23:56.243988Z  INFO scan_sources: tailwindcss_oxide::scanner: Discovering "/Users/rod/DevOps/ReportMate/apps/www/__tests__/unit"
2025-07-09T17:23:56.244140Z  INFO scan_sources: tailwindcss_oxide::scanner: Discovering "/Users/rod/DevOps/ReportMate/apps/www/__tests__/api"
2025-07-09T17:23:56.244296Z  INFO scan_sources: tailwindcss_oxide::scanner: Discovering "/Users/rod/DevOps/ReportMate/apps/www/scripts"
2025-07-09T17:23:56.244489Z  INFO scan_sources: tailwindcss_oxide::scanner: Discovering "/Users/rod/DevOps/ReportMate/apps/www/e2e"
2025-07-09T17:23:56.244637Z  INFO scan_sources: tailwindcss_oxide::scanner: Discovering "/Users/rod/DevOps/ReportMate/apps/www/src"
2025-07-09T17:23:56.244763Z  INFO scan_sources: tailwindcss_oxide::scanner: Discovering "/Users/rod/DevOps/ReportMate/apps/www/src/app"
2025-07-09T17:23:56.244893Z  INFO scan_sources: tailwindcss_oxide::scanner: Discovering "/Users/rod/DevOps/ReportMate/apps/www/src/app/api"
2025-07-09T17:23:56.245090Z  INFO scan_sources: tailwindcss_oxide::scanner: Discovering "/Users/rod/DevOps/ReportMate/apps/www/src/app/api/modules"
2025-07-09T17:23:56.245258Z  INFO scan_sources: tailwindcss_oxide::scanner: Discovering "/Users/rod/DevOps/ReportMate/apps/www/src/components"
2025-07-09T17:23:56.245383Z  INFO scan_sources: tailwindcss_oxide::scanner: Discovering "/Users/rod/DevOps/ReportMate/apps/www/src/components/tables"
2025-07-09T17:23:56.245548Z  INFO scan_sources: tailwindcss_oxide::scanner: Discovering "/Users/rod/DevOps/ReportMate/apps/www/src/components/widgets"
2025-07-09T17:23:56.245684Z  INFO scan_sources: tailwindcss_oxide::scanner: Discovering "/Users/rod/DevOps/ReportMate/apps/www/src/lib"
2025-07-09T17:23:56.245835Z  INFO scan_sources: tailwindcss_oxide::scanner: Discovering "/Users/rod/DevOps/ReportMate/apps/www/src/lib/modules"
2025-07-09T17:23:56.245963Z  INFO scan_sources: tailwindcss_oxide::scanner: Discovering "/Users/rod/DevOps/ReportMate/apps/www/src/lib/modules/core"
2025-07-09T17:23:56.246140Z  INFO scan_sources: tailwindcss_oxide::scanner: Discovering "/Users/rod/DevOps/ReportMate/apps/www/src/lib/modules/widgets"
2025-07-09T17:23:56.246361Z  INFO scan_sources: tailwindcss_oxide::scanner: Discovering "/Users/rod/DevOps/ReportMate/apps/www/src/api"
2025-07-09T17:23:56.246479Z  INFO scan_sources: tailwindcss_oxide::scanner: Discovering "/Users/rod/DevOps/ReportMate/apps/www/src/api/business-units"
2025-07-09T17:23:56.246603Z  INFO scan_sources: tailwindcss_oxide::scanner: Discovering "/Users/rod/DevOps/ReportMate/apps/www/src/api/machine-groups"
2025-07-09T17:23:56.246703Z  INFO scan_sources: tailwindcss_oxide::scanner: exit
2025-07-09T17:23:56.246707Z  INFO extract_candidates: tailwindcss_oxide::scanner: enter
2025-07-09T17:23:56.246709Z  INFO extract_candidates:read_all_files: tailwindcss_oxide::scanner: enter
2025-07-09T17:23:56.246711Z  INFO extract_candidates:read_all_files: tailwindcss_oxide::scanner: Reading 1 file(s)
2025-07-09T17:23:56.246737Z  INFO extract_candidates:read_all_files: tailwindcss_oxide::scanner: Reading "/Users/rod/DevOps/ReportMate/apps/www/app/device/[deviceId]/page.tsx"
2025-07-09T17:23:56.246742Z  INFO extract_candidates:read_all_files: tailwindcss_oxide::scanner: exit
2025-07-09T17:23:56.246744Z  INFO extract_candidates:parse_all_blobs: tailwindcss_oxide::scanner: enter
2025-07-09T17:23:56.246746Z  INFO extract_candidates:parse_all_blobs:extract: tailwindcss_oxide::scanner: enter
2025-07-09T17:23:56.247081Z  INFO extract_candidates:parse_all_blobs:extract: tailwindcss_oxide::scanner: exit
2025-07-09T17:23:56.247091Z  INFO extract_candidates:parse_all_blobs: tailwindcss_oxide::scanner: exit
2025-07-09T17:23:56.247487Z  INFO extract_candidates: tailwindcss_oxide::scanner: exit
2025-07-09T17:23:56.248093Z  INFO get_files: tailwindcss_oxide::scanner: enter
2025-07-09T17:23:56.248100Z  INFO get_files:scan_sources: tailwindcss_oxide::scanner: enter
2025-07-09T17:23:56.248688Z  INFO get_files:scan_sources: tailwindcss_oxide::scanner: Discovering "/Users/rod/DevOps/ReportMate/apps/www/app"
2025-07-09T17:23:56.248761Z  INFO get_files:scan_sources: tailwindcss_oxide::scanner: Discovering "/Users/rod/DevOps/ReportMate/apps/www/app/settings"
2025-07-09T17:23:56.248836Z  INFO get_files:scan_sources: tailwindcss_oxide::scanner: Discovering "/Users/rod/DevOps/ReportMate/apps/www/app/device-modular"
2025-07-09T17:23:56.248897Z  INFO get_files:scan_sources: tailwindcss_oxide::scanner: Discovering "/Users/rod/DevOps/ReportMate/apps/www/app/device-modular/[deviceId]"
2025-07-09T17:23:56.248968Z  INFO get_files:scan_sources: tailwindcss_oxide::scanner: Discovering "/Users/rod/DevOps/ReportMate/apps/www/app/dashboard"
2025-07-09T17:23:56.249043Z  INFO get_files:scan_sources: tailwindcss_oxide::scanner: Discovering "/Users/rod/DevOps/ReportMate/apps/www/app/device-new"
2025-07-09T17:23:56.249099Z  INFO get_files:scan_sources: tailwindcss_oxide::scanner: Discovering "/Users/rod/DevOps/ReportMate/apps/www/app/device-new/[deviceId]"
2025-07-09T17:23:56.249173Z  INFO get_files:scan_sources: tailwindcss_oxide::scanner: Discovering "/Users/rod/DevOps/ReportMate/apps/www/app/api-test"
2025-07-09T17:23:56.249246Z  INFO get_files:scan_sources: tailwindcss_oxide::scanner: Discovering "/Users/rod/DevOps/ReportMate/apps/www/app/api"
2025-07-09T17:23:56.249314Z  INFO get_files:scan_sources: tailwindcss_oxide::scanner: Discovering "/Users/rod/DevOps/ReportMate/apps/www/app/api/events-internal"
2025-07-09T17:23:56.249396Z  INFO get_files:scan_sources: tailwindcss_oxide::scanner: Discovering "/Users/rod/DevOps/ReportMate/apps/www/app/api/negotiate-internal"
2025-07-09T17:23:56.249470Z  INFO get_files:scan_sources: tailwindcss_oxide::scanner: Discovering "/Users/rod/DevOps/ReportMate/apps/www/app/api/device"
2025-07-09T17:23:56.249536Z  INFO get_files:scan_sources: tailwindcss_oxide::scanner: Discovering "/Users/rod/DevOps/ReportMate/apps/www/app/api/device/[deviceId]"
2025-07-09T17:23:56.249615Z  INFO get_files:scan_sources: tailwindcss_oxide::scanner: Discovering "/Users/rod/DevOps/ReportMate/apps/www/app/api/devices-internal"
2025-07-09T17:23:56.249691Z  INFO get_files:scan_sources: tailwindcss_oxide::scanner: Discovering "/Users/rod/DevOps/ReportMate/apps/www/app/api/events"
2025-07-09T17:23:56.249831Z  INFO get_files:scan_sources: tailwindcss_oxide::scanner: Discovering "/Users/rod/DevOps/ReportMate/apps/www/app/api/devices"
2025-07-09T17:23:56.249914Z  INFO get_files:scan_sources: tailwindcss_oxide::scanner: Discovering "/Users/rod/DevOps/ReportMate/apps/www/app/api/debug"
2025-07-09T17:23:56.250067Z  INFO get_files:scan_sources: tailwindcss_oxide::scanner: Discovering "/Users/rod/DevOps/ReportMate/apps/www/app/device"
2025-07-09T17:23:56.250140Z  INFO get_files:scan_sources: tailwindcss_oxide::scanner: Discovering "/Users/rod/DevOps/ReportMate/apps/www/app/device/[deviceId]"
2025-07-09T17:23:56.250224Z  INFO get_files:scan_sources: tailwindcss_oxide::scanner: Discovering "/Users/rod/DevOps/ReportMate/apps/www/app/device/list"
2025-07-09T17:23:56.250306Z  INFO get_files:scan_sources: tailwindcss_oxide::scanner: Discovering "/Users/rod/DevOps/ReportMate/apps/www/app/events"
2025-07-09T17:23:56.250376Z  INFO get_files:scan_sources: tailwindcss_oxide::scanner: Discovering "/Users/rod/DevOps/ReportMate/apps/www/app/modules"
2025-07-09T17:23:56.250465Z  INFO get_files:scan_sources: tailwindcss_oxide::scanner: Discovering "/Users/rod/DevOps/ReportMate/apps/www/app/devices"
2025-07-09T17:23:56.250576Z  INFO get_files:scan_sources: tailwindcss_oxide::scanner: Discovering "/Users/rod/DevOps/ReportMate/apps/www/prisma"
2025-07-09T17:23:56.250678Z  INFO get_files:scan_sources: tailwindcss_oxide::scanner: Discovering "/Users/rod/DevOps/ReportMate/apps/www/public"
2025-07-09T17:23:56.250743Z  INFO get_files:scan_sources: tailwindcss_oxide::scanner: Discovering "/Users/rod/DevOps/ReportMate/apps/www/__tests__"
2025-07-09T17:23:56.250808Z  INFO get_files:scan_sources: tailwindcss_oxide::scanner: Discovering "/Users/rod/DevOps/ReportMate/apps/www/__tests__/unit"
2025-07-09T17:23:56.250879Z  INFO get_files:scan_sources: tailwindcss_oxide::scanner: Discovering "/Users/rod/DevOps/ReportMate/apps/www/__tests__/api"
2025-07-09T17:23:56.250953Z  INFO get_files:scan_sources: tailwindcss_oxide::scanner: Discovering "/Users/rod/DevOps/ReportMate/apps/www/scripts"
2025-07-09T17:23:56.251050Z  INFO get_files:scan_sources: tailwindcss_oxide::scanner: Discovering "/Users/rod/DevOps/ReportMate/apps/www/e2e"
2025-07-09T17:23:56.251124Z  INFO get_files:scan_sources: tailwindcss_oxide::scanner: Discovering "/Users/rod/DevOps/ReportMate/apps/www/src"
2025-07-09T17:23:56.251175Z  INFO get_files:scan_sources: tailwindcss_oxide::scanner: Discovering "/Users/rod/DevOps/ReportMate/apps/www/src/app"
2025-07-09T17:23:56.251223Z  INFO get_files:scan_sources: tailwindcss_oxide::scanner: Discovering "/Users/rod/DevOps/ReportMate/apps/www/src/app/api"
2025-07-09T17:23:56.251275Z  INFO get_files:scan_sources: tailwindcss_oxide::scanner: Discovering "/Users/rod/DevOps/ReportMate/apps/www/src/app/api/modules"
2025-07-09T17:23:56.251338Z  INFO get_files:scan_sources: tailwindcss_oxide::scanner: Discovering "/Users/rod/DevOps/ReportMate/apps/www/src/components"
2025-07-09T17:23:56.251400Z  INFO get_files:scan_sources: tailwindcss_oxide::scanner: Discovering "/Users/rod/DevOps/ReportMate/apps/www/src/components/tables"
2025-07-09T17:23:56.251484Z  INFO get_files:scan_sources: tailwindcss_oxide::scanner: Discovering "/Users/rod/DevOps/ReportMate/apps/www/src/components/widgets"
2025-07-09T17:23:56.251559Z  INFO get_files:scan_sources: tailwindcss_oxide::scanner: Discovering "/Users/rod/DevOps/ReportMate/apps/www/src/lib"
2025-07-09T17:23:56.251641Z  INFO get_files:scan_sources: tailwindcss_oxide::scanner: Discovering "/Users/rod/DevOps/ReportMate/apps/www/src/lib/modules"
2025-07-09T17:23:56.251705Z  INFO get_files:scan_sources: tailwindcss_oxide::scanner: Discovering "/Users/rod/DevOps/ReportMate/apps/www/src/lib/modules/core"
2025-07-09T17:23:56.251807Z  INFO get_files:scan_sources: tailwindcss_oxide::scanner: Discovering "/Users/rod/DevOps/ReportMate/apps/www/src/lib/modules/widgets"
2025-07-09T17:23:56.251937Z  INFO get_files:scan_sources: tailwindcss_oxide::scanner: Discovering "/Users/rod/DevOps/ReportMate/apps/www/src/api"
2025-07-09T17:23:56.251996Z  INFO get_files:scan_sources: tailwindcss_oxide::scanner: Discovering "/Users/rod/DevOps/ReportMate/apps/www/src/api/business-units"
2025-07-09T17:23:56.252068Z  INFO get_files:scan_sources: tailwindcss_oxide::scanner: Discovering "/Users/rod/DevOps/ReportMate/apps/www/src/api/machine-groups"
2025-07-09T17:23:56.252172Z  INFO get_files:scan_sources: tailwindcss_oxide::scanner: exit
2025-07-09T17:23:56.252310Z  INFO get_files: tailwindcss_oxide::scanner: exit
2025-07-09T17:23:56.252601Z  INFO get_globs: tailwindcss_oxide::scanner: enter
2025-07-09T17:23:56.252605Z  INFO get_globs: tailwindcss_oxide::scanner: exit
2025-07-09T17:32:41.997266Z  INFO scan_sources: tailwindcss_oxide::scanner: enter
2025-07-09T17:32:41.999270Z  INFO scan_sources: tailwindcss_oxide::scanner: Discovering "/Users/rod/DevOps/ReportMate/apps/www/app"
2025-07-09T17:32:41.999441Z  INFO scan_sources: tailwindcss_oxide::scanner: Discovering "/Users/rod/DevOps/ReportMate/apps/www/app/settings"
2025-07-09T17:32:41.999981Z  INFO scan_sources: tailwindcss_oxide::scanner: Discovering "/Users/rod/DevOps/ReportMate/apps/www/app/device-modular"
2025-07-09T17:32:42.000267Z  INFO scan_sources: tailwindcss_oxide::scanner: Discovering "/Users/rod/DevOps/ReportMate/apps/www/app/device-modular/[deviceId]"
2025-07-09T17:32:42.000468Z  INFO scan_sources: tailwindcss_oxide::scanner: Discovering "/Users/rod/DevOps/ReportMate/apps/www/app/dashboard"
2025-07-09T17:32:42.000651Z  INFO scan_sources: tailwindcss_oxide::scanner: Discovering "/Users/rod/DevOps/ReportMate/apps/www/app/device-new"
2025-07-09T17:32:42.000931Z  INFO scan_sources: tailwindcss_oxide::scanner: Discovering "/Users/rod/DevOps/ReportMate/apps/www/app/device-new/[deviceId]"
2025-07-09T17:32:42.001097Z  INFO scan_sources: tailwindcss_oxide::scanner: Discovering "/Users/rod/DevOps/ReportMate/apps/www/app/api-test"
2025-07-09T17:32:42.001285Z  INFO scan_sources: tailwindcss_oxide::scanner: Discovering "/Users/rod/DevOps/ReportMate/apps/www/app/api"
2025-07-09T17:32:42.001460Z  INFO scan_sources: tailwindcss_oxide::scanner: Discovering "/Users/rod/DevOps/ReportMate/apps/www/app/api/events-internal"
2025-07-09T17:32:42.001631Z  INFO scan_sources: tailwindcss_oxide::scanner: Discovering "/Users/rod/DevOps/ReportMate/apps/www/app/api/negotiate-internal"
2025-07-09T17:32:42.001796Z  INFO scan_sources: tailwindcss_oxide::scanner: Discovering "/Users/rod/DevOps/ReportMate/apps/www/app/api/device"
2025-07-09T17:32:42.001974Z  INFO scan_sources: tailwindcss_oxide::scanner: Discovering "/Users/rod/DevOps/ReportMate/apps/www/app/api/device/[deviceId]"
2025-07-09T17:32:42.002159Z  INFO scan_sources: tailwindcss_oxide::scanner: Discovering "/Users/rod/DevOps/ReportMate/apps/www/app/api/devices-internal"
2025-07-09T17:32:42.002325Z  INFO scan_sources: tailwindcss_oxide::scanner: Discovering "/Users/rod/DevOps/ReportMate/apps/www/app/api/events"
2025-07-09T17:32:42.002497Z  INFO scan_sources: tailwindcss_oxide::scanner: Discovering "/Users/rod/DevOps/ReportMate/apps/www/app/api/devices"
2025-07-09T17:32:42.002666Z  INFO scan_sources: tailwindcss_oxide::scanner: Discovering "/Users/rod/DevOps/ReportMate/apps/www/app/api/debug"
2025-07-09T17:32:42.002840Z  INFO scan_sources: tailwindcss_oxide::scanner: Discovering "/Users/rod/DevOps/ReportMate/apps/www/app/device"
2025-07-09T17:32:42.003045Z  INFO scan_sources: tailwindcss_oxide::scanner: Discovering "/Users/rod/DevOps/ReportMate/apps/www/app/device/[deviceId]"
2025-07-09T17:32:42.003233Z  INFO scan_sources: tailwindcss_oxide::scanner: Discovering "/Users/rod/DevOps/ReportMate/apps/www/app/device/list"
2025-07-09T17:32:42.003409Z  INFO scan_sources: tailwindcss_oxide::scanner: Discovering "/Users/rod/DevOps/ReportMate/apps/www/app/events"
2025-07-09T17:32:42.003573Z  INFO scan_sources: tailwindcss_oxide::scanner: Discovering "/Users/rod/DevOps/ReportMate/apps/www/app/modules"
2025-07-09T17:32:42.003721Z  INFO scan_sources: tailwindcss_oxide::scanner: Discovering "/Users/rod/DevOps/ReportMate/apps/www/app/devices"
2025-07-09T17:32:42.004015Z  INFO scan_sources: tailwindcss_oxide::scanner: Discovering "/Users/rod/DevOps/ReportMate/apps/www/prisma"
2025-07-09T17:32:42.004348Z  INFO scan_sources: tailwindcss_oxide::scanner: Discovering "/Users/rod/DevOps/ReportMate/apps/www/public"
2025-07-09T17:32:42.004517Z  INFO scan_sources: tailwindcss_oxide::scanner: Discovering "/Users/rod/DevOps/ReportMate/apps/www/__tests__"
2025-07-09T17:32:42.004694Z  INFO scan_sources: tailwindcss_oxide::scanner: Discovering "/Users/rod/DevOps/ReportMate/apps/www/__tests__/unit"
2025-07-09T17:32:42.004916Z  INFO scan_sources: tailwindcss_oxide::scanner: Discovering "/Users/rod/DevOps/ReportMate/apps/www/__tests__/api"
2025-07-09T17:32:42.005173Z  INFO scan_sources: tailwindcss_oxide::scanner: Discovering "/Users/rod/DevOps/ReportMate/apps/www/scripts"
2025-07-09T17:32:42.005423Z  INFO scan_sources: tailwindcss_oxide::scanner: Discovering "/Users/rod/DevOps/ReportMate/apps/www/e2e"
2025-07-09T17:32:42.005604Z  INFO scan_sources: tailwindcss_oxide::scanner: Discovering "/Users/rod/DevOps/ReportMate/apps/www/src"
2025-07-09T17:32:42.005741Z  INFO scan_sources: tailwindcss_oxide::scanner: Discovering "/Users/rod/DevOps/ReportMate/apps/www/src/app"
2025-07-09T17:32:42.005877Z  INFO scan_sources: tailwindcss_oxide::scanner: Discovering "/Users/rod/DevOps/ReportMate/apps/www/src/app/api"
2025-07-09T17:32:42.006061Z  INFO scan_sources: tailwindcss_oxide::scanner: Discovering "/Users/rod/DevOps/ReportMate/apps/www/src/app/api/modules"
2025-07-09T17:32:42.006398Z  INFO scan_sources: tailwindcss_oxide::scanner: Discovering "/Users/rod/DevOps/ReportMate/apps/www/src/components"
2025-07-09T17:32:42.006545Z  INFO scan_sources: tailwindcss_oxide::scanner: Discovering "/Users/rod/DevOps/ReportMate/apps/www/src/components/tables"
2025-07-09T17:32:42.006713Z  INFO scan_sources: tailwindcss_oxide::scanner: Discovering "/Users/rod/DevOps/ReportMate/apps/www/src/components/widgets"
2025-07-09T17:32:42.006866Z  INFO scan_sources: tailwindcss_oxide::scanner: Discovering "/Users/rod/DevOps/ReportMate/apps/www/src/lib"
2025-07-09T17:32:42.007028Z  INFO scan_sources: tailwindcss_oxide::scanner: Discovering "/Users/rod/DevOps/ReportMate/apps/www/src/lib/modules"
2025-07-09T17:32:42.007183Z  INFO scan_sources: tailwindcss_oxide::scanner: Discovering "/Users/rod/DevOps/ReportMate/apps/www/src/lib/modules/core"
2025-07-09T17:32:42.007435Z  INFO scan_sources: tailwindcss_oxide::scanner: Discovering "/Users/rod/DevOps/ReportMate/apps/www/src/lib/modules/widgets"
2025-07-09T17:32:42.007703Z  INFO scan_sources: tailwindcss_oxide::scanner: Discovering "/Users/rod/DevOps/ReportMate/apps/www/src/api"
2025-07-09T17:32:42.007898Z  INFO scan_sources: tailwindcss_oxide::scanner: Discovering "/Users/rod/DevOps/ReportMate/apps/www/src/api/business-units"
2025-07-09T17:32:42.008068Z  INFO scan_sources: tailwindcss_oxide::scanner: Discovering "/Users/rod/DevOps/ReportMate/apps/www/src/api/machine-groups"
2025-07-09T17:32:42.008227Z  INFO scan_sources: tailwindcss_oxide::scanner: exit
2025-07-09T17:32:42.008237Z  INFO extract_candidates: tailwindcss_oxide::scanner: enter
2025-07-09T17:32:42.008241Z  INFO extract_candidates:read_all_files: tailwindcss_oxide::scanner: enter
2025-07-09T17:32:42.008244Z  INFO extract_candidates:read_all_files: tailwindcss_oxide::scanner: Reading 0 file(s)
2025-07-09T17:32:42.008247Z  INFO extract_candidates:read_all_files: tailwindcss_oxide::scanner: exit
2025-07-09T17:32:42.008251Z  INFO extract_candidates:parse_all_blobs: tailwindcss_oxide::scanner: enter
2025-07-09T17:32:42.008254Z  INFO extract_candidates:parse_all_blobs:extract: tailwindcss_oxide::scanner: enter
2025-07-09T17:32:42.008257Z  INFO extract_candidates:parse_all_blobs:extract: tailwindcss_oxide::scanner: exit
2025-07-09T17:32:42.008260Z  INFO extract_candidates:parse_all_blobs: tailwindcss_oxide::scanner: exit
2025-07-09T17:32:42.008263Z  INFO extract_candidates: tailwindcss_oxide::scanner: exit
2025-07-09T17:32:42.008931Z  INFO get_files: tailwindcss_oxide::scanner: enter
2025-07-09T17:32:42.008935Z  INFO get_files:scan_sources: tailwindcss_oxide::scanner: enter
2025-07-09T17:32:42.009569Z  INFO get_files:scan_sources: tailwindcss_oxide::scanner: Discovering "/Users/rod/DevOps/ReportMate/apps/www/app"
2025-07-09T17:32:42.009632Z  INFO get_files:scan_sources: tailwindcss_oxide::scanner: Discovering "/Users/rod/DevOps/ReportMate/apps/www/app/settings"
2025-07-09T17:32:42.009705Z  INFO get_files:scan_sources: tailwindcss_oxide::scanner: Discovering "/Users/rod/DevOps/ReportMate/apps/www/app/device-modular"
2025-07-09T17:32:42.009764Z  INFO get_files:scan_sources: tailwindcss_oxide::scanner: Discovering "/Users/rod/DevOps/ReportMate/apps/www/app/device-modular/[deviceId]"
2025-07-09T17:32:42.009832Z  INFO get_files:scan_sources: tailwindcss_oxide::scanner: Discovering "/Users/rod/DevOps/ReportMate/apps/www/app/dashboard"
2025-07-09T17:32:42.009904Z  INFO get_files:scan_sources: tailwindcss_oxide::scanner: Discovering "/Users/rod/DevOps/ReportMate/apps/www/app/device-new"
2025-07-09T17:32:42.009961Z  INFO get_files:scan_sources: tailwindcss_oxide::scanner: Discovering "/Users/rod/DevOps/ReportMate/apps/www/app/device-new/[deviceId]"
2025-07-09T17:32:42.010033Z  INFO get_files:scan_sources: tailwindcss_oxide::scanner: Discovering "/Users/rod/DevOps/ReportMate/apps/www/app/api-test"
2025-07-09T17:32:42.010098Z  INFO get_files:scan_sources: tailwindcss_oxide::scanner: Discovering "/Users/rod/DevOps/ReportMate/apps/www/app/api"
2025-07-09T17:32:42.010153Z  INFO get_files:scan_sources: tailwindcss_oxide::scanner: Discovering "/Users/rod/DevOps/ReportMate/apps/www/app/api/events-internal"
2025-07-09T17:32:42.010212Z  INFO get_files:scan_sources: tailwindcss_oxide::scanner: Discovering "/Users/rod/DevOps/ReportMate/apps/www/app/api/negotiate-internal"
2025-07-09T17:32:42.010266Z  INFO get_files:scan_sources: tailwindcss_oxide::scanner: Discovering "/Users/rod/DevOps/ReportMate/apps/www/app/api/device"
2025-07-09T17:32:42.010317Z  INFO get_files:scan_sources: tailwindcss_oxide::scanner: Discovering "/Users/rod/DevOps/ReportMate/apps/www/app/api/device/[deviceId]"
2025-07-09T17:32:42.010381Z  INFO get_files:scan_sources: tailwindcss_oxide::scanner: Discovering "/Users/rod/DevOps/ReportMate/apps/www/app/api/devices-internal"
2025-07-09T17:32:42.010439Z  INFO get_files:scan_sources: tailwindcss_oxide::scanner: Discovering "/Users/rod/DevOps/ReportMate/apps/www/app/api/events"
2025-07-09T17:32:42.010495Z  INFO get_files:scan_sources: tailwindcss_oxide::scanner: Discovering "/Users/rod/DevOps/ReportMate/apps/www/app/api/devices"
2025-07-09T17:32:42.010554Z  INFO get_files:scan_sources: tailwindcss_oxide::scanner: Discovering "/Users/rod/DevOps/ReportMate/apps/www/app/api/debug"
2025-07-09T17:32:42.010616Z  INFO get_files:scan_sources: tailwindcss_oxide::scanner: Discovering "/Users/rod/DevOps/ReportMate/apps/www/app/device"
2025-07-09T17:32:42.010669Z  INFO get_files:scan_sources: tailwindcss_oxide::scanner: Discovering "/Users/rod/DevOps/ReportMate/apps/www/app/device/[deviceId]"
2025-07-09T17:32:42.010727Z  INFO get_files:scan_sources: tailwindcss_oxide::scanner: Discovering "/Users/rod/DevOps/ReportMate/apps/www/app/device/list"
2025-07-09T17:32:42.010796Z  INFO get_files:scan_sources: tailwindcss_oxide::scanner: Discovering "/Users/rod/DevOps/ReportMate/apps/www/app/events"
2025-07-09T17:32:42.010851Z  INFO get_files:scan_sources: tailwindcss_oxide::scanner: Discovering "/Users/rod/DevOps/ReportMate/apps/www/app/modules"
2025-07-09T17:32:42.010915Z  INFO get_files:scan_sources: tailwindcss_oxide::scanner: Discovering "/Users/rod/DevOps/ReportMate/apps/www/app/devices"
2025-07-09T17:32:42.011007Z  INFO get_files:scan_sources: tailwindcss_oxide::scanner: Discovering "/Users/rod/DevOps/ReportMate/apps/www/prisma"
2025-07-09T17:32:42.011097Z  INFO get_files:scan_sources: tailwindcss_oxide::scanner: Discovering "/Users/rod/DevOps/ReportMate/apps/www/public"
2025-07-09T17:32:42.011159Z  INFO get_files:scan_sources: tailwindcss_oxide::scanner: Discovering "/Users/rod/DevOps/ReportMate/apps/www/__tests__"
2025-07-09T17:32:42.011211Z  INFO get_files:scan_sources: tailwindcss_oxide::scanner: Discovering "/Users/rod/DevOps/ReportMate/apps/www/__tests__/unit"
2025-07-09T17:32:42.011266Z  INFO get_files:scan_sources: tailwindcss_oxide::scanner: Discovering "/Users/rod/DevOps/ReportMate/apps/www/__tests__/api"
2025-07-09T17:32:42.011332Z  INFO get_files:scan_sources: tailwindcss_oxide::scanner: Discovering "/Users/rod/DevOps/ReportMate/apps/www/scripts"
2025-07-09T17:32:42.011424Z  INFO get_files:scan_sources: tailwindcss_oxide::scanner: Discovering "/Users/rod/DevOps/ReportMate/apps/www/e2e"
2025-07-09T17:32:42.011489Z  INFO get_files:scan_sources: tailwindcss_oxide::scanner: Discovering "/Users/rod/DevOps/ReportMate/apps/www/src"
2025-07-09T17:32:42.011539Z  INFO get_files:scan_sources: tailwindcss_oxide::scanner: Discovering "/Users/rod/DevOps/ReportMate/apps/www/src/app"
2025-07-09T17:32:42.011590Z  INFO get_files:scan_sources: tailwindcss_oxide::scanner: Discovering "/Users/rod/DevOps/ReportMate/apps/www/src/app/api"
2025-07-09T17:32:42.011645Z  INFO get_files:scan_sources: tailwindcss_oxide::scanner: Discovering "/Users/rod/DevOps/ReportMate/apps/www/src/app/api/modules"
2025-07-09T17:32:42.011709Z  INFO get_files:scan_sources: tailwindcss_oxide::scanner: Discovering "/Users/rod/DevOps/ReportMate/apps/www/src/components"
2025-07-09T17:32:42.011765Z  INFO get_files:scan_sources: tailwindcss_oxide::scanner: Discovering "/Users/rod/DevOps/ReportMate/apps/www/src/components/tables"
2025-07-09T17:32:42.011843Z  INFO get_files:scan_sources: tailwindcss_oxide::scanner: Discovering "/Users/rod/DevOps/ReportMate/apps/www/src/components/widgets"
2025-07-09T17:32:42.011903Z  INFO get_files:scan_sources: tailwindcss_oxide::scanner: Discovering "/Users/rod/DevOps/ReportMate/apps/www/src/lib"
2025-07-09T17:32:42.011971Z  INFO get_files:scan_sources: tailwindcss_oxide::scanner: Discovering "/Users/rod/DevOps/ReportMate/apps/www/src/lib/modules"
2025-07-09T17:32:42.012021Z  INFO get_files:scan_sources: tailwindcss_oxide::scanner: Discovering "/Users/rod/DevOps/ReportMate/apps/www/src/lib/modules/core"
2025-07-09T17:32:42.012106Z  INFO get_files:scan_sources: tailwindcss_oxide::scanner: Discovering "/Users/rod/DevOps/ReportMate/apps/www/src/lib/modules/widgets"
2025-07-09T17:32:42.012222Z  INFO get_files:scan_sources: tailwindcss_oxide::scanner: Discovering "/Users/rod/DevOps/ReportMate/apps/www/src/api"
2025-07-09T17:32:42.012278Z  INFO get_files:scan_sources: tailwindcss_oxide::scanner: Discovering "/Users/rod/DevOps/ReportMate/apps/www/src/api/business-units"
2025-07-09T17:32:42.012334Z  INFO get_files:scan_sources: tailwindcss_oxide::scanner: Discovering "/Users/rod/DevOps/ReportMate/apps/www/src/api/machine-groups"
2025-07-09T17:32:42.012430Z  INFO get_files:scan_sources: tailwindcss_oxide::scanner: exit
2025-07-09T17:32:42.012567Z  INFO get_files: tailwindcss_oxide::scanner: exit
2025-07-09T17:32:42.012652Z  INFO get_globs: tailwindcss_oxide::scanner: enter
2025-07-09T17:32:42.012658Z  INFO get_globs: tailwindcss_oxide::scanner: exit
2025-07-09T17:32:46.078358Z  INFO scan_sources: tailwindcss_oxide::scanner: enter
2025-07-09T17:32:46.080803Z  INFO scan_sources: tailwindcss_oxide::scanner: Discovering "/Users/rod/DevOps/ReportMate/apps/www/app"
2025-07-09T17:32:46.081010Z  INFO scan_sources: tailwindcss_oxide::scanner: Discovering "/Users/rod/DevOps/ReportMate/apps/www/app/settings"
2025-07-09T17:32:46.081203Z  INFO scan_sources: tailwindcss_oxide::scanner: Discovering "/Users/rod/DevOps/ReportMate/apps/www/app/device-modular"
2025-07-09T17:32:46.081378Z  INFO scan_sources: tailwindcss_oxide::scanner: Discovering "/Users/rod/DevOps/ReportMate/apps/www/app/device-modular/[deviceId]"
2025-07-09T17:32:46.081617Z  INFO scan_sources: tailwindcss_oxide::scanner: Discovering "/Users/rod/DevOps/ReportMate/apps/www/app/dashboard"
2025-07-09T17:32:46.081824Z  INFO scan_sources: tailwindcss_oxide::scanner: Discovering "/Users/rod/DevOps/ReportMate/apps/www/app/device-new"
2025-07-09T17:32:46.082031Z  INFO scan_sources: tailwindcss_oxide::scanner: Discovering "/Users/rod/DevOps/ReportMate/apps/www/app/device-new/[deviceId]"
2025-07-09T17:32:46.082260Z  INFO scan_sources: tailwindcss_oxide::scanner: Discovering "/Users/rod/DevOps/ReportMate/apps/www/app/api-test"
2025-07-09T17:32:46.082495Z  INFO scan_sources: tailwindcss_oxide::scanner: Discovering "/Users/rod/DevOps/ReportMate/apps/www/app/api"
2025-07-09T17:32:46.082701Z  INFO scan_sources: tailwindcss_oxide::scanner: Discovering "/Users/rod/DevOps/ReportMate/apps/www/app/api/events-internal"
2025-07-09T17:32:46.082906Z  INFO scan_sources: tailwindcss_oxide::scanner: Discovering "/Users/rod/DevOps/ReportMate/apps/www/app/api/negotiate-internal"
2025-07-09T17:32:46.083110Z  INFO scan_sources: tailwindcss_oxide::scanner: Discovering "/Users/rod/DevOps/ReportMate/apps/www/app/api/device"
2025-07-09T17:32:46.083311Z  INFO scan_sources: tailwindcss_oxide::scanner: Discovering "/Users/rod/DevOps/ReportMate/apps/www/app/api/device/[deviceId]"
2025-07-09T17:32:46.083525Z  INFO scan_sources: tailwindcss_oxide::scanner: Discovering "/Users/rod/DevOps/ReportMate/apps/www/app/api/devices-internal"
2025-07-09T17:32:46.083719Z  INFO scan_sources: tailwindcss_oxide::scanner: Discovering "/Users/rod/DevOps/ReportMate/apps/www/app/api/events"
2025-07-09T17:32:46.083947Z  INFO scan_sources: tailwindcss_oxide::scanner: Discovering "/Users/rod/DevOps/ReportMate/apps/www/app/api/devices"
2025-07-09T17:32:46.084140Z  INFO scan_sources: tailwindcss_oxide::scanner: Discovering "/Users/rod/DevOps/ReportMate/apps/www/app/api/debug"
2025-07-09T17:32:46.084331Z  INFO scan_sources: tailwindcss_oxide::scanner: Discovering "/Users/rod/DevOps/ReportMate/apps/www/app/device"
2025-07-09T17:32:46.084489Z  INFO scan_sources: tailwindcss_oxide::scanner: Discovering "/Users/rod/DevOps/ReportMate/apps/www/app/device/[deviceId]"
2025-07-09T17:32:46.084646Z  INFO scan_sources: tailwindcss_oxide::scanner: Discovering "/Users/rod/DevOps/ReportMate/apps/www/app/device/list"
2025-07-09T17:32:46.084797Z  INFO scan_sources: tailwindcss_oxide::scanner: Discovering "/Users/rod/DevOps/ReportMate/apps/www/app/events"
2025-07-09T17:32:46.084954Z  INFO scan_sources: tailwindcss_oxide::scanner: Discovering "/Users/rod/DevOps/ReportMate/apps/www/app/modules"
2025-07-09T17:32:46.085120Z  INFO scan_sources: tailwindcss_oxide::scanner: Discovering "/Users/rod/DevOps/ReportMate/apps/www/app/devices"
2025-07-09T17:32:46.085404Z  INFO scan_sources: tailwindcss_oxide::scanner: Discovering "/Users/rod/DevOps/ReportMate/apps/www/prisma"
2025-07-09T17:32:46.085778Z  INFO scan_sources: tailwindcss_oxide::scanner: Discovering "/Users/rod/DevOps/ReportMate/apps/www/public"
2025-07-09T17:32:46.085981Z  INFO scan_sources: tailwindcss_oxide::scanner: Discovering "/Users/rod/DevOps/ReportMate/apps/www/__tests__"
2025-07-09T17:32:46.086170Z  INFO scan_sources: tailwindcss_oxide::scanner: Discovering "/Users/rod/DevOps/ReportMate/apps/www/__tests__/unit"
2025-07-09T17:32:46.086355Z  INFO scan_sources: tailwindcss_oxide::scanner: Discovering "/Users/rod/DevOps/ReportMate/apps/www/__tests__/api"
2025-07-09T17:32:46.086576Z  INFO scan_sources: tailwindcss_oxide::scanner: Discovering "/Users/rod/DevOps/ReportMate/apps/www/scripts"
2025-07-09T17:32:46.086818Z  INFO scan_sources: tailwindcss_oxide::scanner: Discovering "/Users/rod/DevOps/ReportMate/apps/www/e2e"
2025-07-09T17:32:46.087029Z  INFO scan_sources: tailwindcss_oxide::scanner: Discovering "/Users/rod/DevOps/ReportMate/apps/www/src"
2025-07-09T17:32:46.087213Z  INFO scan_sources: tailwindcss_oxide::scanner: Discovering "/Users/rod/DevOps/ReportMate/apps/www/src/app"
2025-07-09T17:32:46.087411Z  INFO scan_sources: tailwindcss_oxide::scanner: Discovering "/Users/rod/DevOps/ReportMate/apps/www/src/app/api"
2025-07-09T17:32:46.087631Z  INFO scan_sources: tailwindcss_oxide::scanner: Discovering "/Users/rod/DevOps/ReportMate/apps/www/src/app/api/modules"
2025-07-09T17:32:46.087933Z  INFO scan_sources: tailwindcss_oxide::scanner: Discovering "/Users/rod/DevOps/ReportMate/apps/www/src/components"
2025-07-09T17:32:46.088191Z  INFO scan_sources: tailwindcss_oxide::scanner: Discovering "/Users/rod/DevOps/ReportMate/apps/www/src/components/tables"
2025-07-09T17:32:46.088472Z  INFO scan_sources: tailwindcss_oxide::scanner: Discovering "/Users/rod/DevOps/ReportMate/apps/www/src/lib"
2025-07-09T17:32:46.088686Z  INFO scan_sources: tailwindcss_oxide::scanner: Discovering "/Users/rod/DevOps/ReportMate/apps/www/src/lib/modules"
2025-07-09T17:32:46.088894Z  INFO scan_sources: tailwindcss_oxide::scanner: Discovering "/Users/rod/DevOps/ReportMate/apps/www/src/lib/modules/core"
2025-07-09T17:32:46.089130Z  INFO scan_sources: tailwindcss_oxide::scanner: Discovering "/Users/rod/DevOps/ReportMate/apps/www/src/lib/modules/widgets"
2025-07-09T17:32:46.089416Z  INFO scan_sources: tailwindcss_oxide::scanner: Discovering "/Users/rod/DevOps/ReportMate/apps/www/src/api"
2025-07-09T17:32:46.089609Z  INFO scan_sources: tailwindcss_oxide::scanner: Discovering "/Users/rod/DevOps/ReportMate/apps/www/src/api/business-units"
2025-07-09T17:32:46.089806Z  INFO scan_sources: tailwindcss_oxide::scanner: Discovering "/Users/rod/DevOps/ReportMate/apps/www/src/api/machine-groups"
2025-07-09T17:32:46.089961Z  INFO scan_sources: tailwindcss_oxide::scanner: exit
2025-07-09T17:32:46.089967Z  INFO extract_candidates: tailwindcss_oxide::scanner: enter
2025-07-09T17:32:46.089970Z  INFO extract_candidates:read_all_files: tailwindcss_oxide::scanner: enter
2025-07-09T17:32:46.089972Z  INFO extract_candidates:read_all_files: tailwindcss_oxide::scanner: Reading 0 file(s)
2025-07-09T17:32:46.089975Z  INFO extract_candidates:read_all_files: tailwindcss_oxide::scanner: exit
2025-07-09T17:32:46.089977Z  INFO extract_candidates:parse_all_blobs: tailwindcss_oxide::scanner: enter
2025-07-09T17:32:46.089979Z  INFO extract_candidates:parse_all_blobs:extract: tailwindcss_oxide::scanner: enter
2025-07-09T17:32:46.089981Z  INFO extract_candidates:parse_all_blobs:extract: tailwindcss_oxide::scanner: exit
2025-07-09T17:32:46.089982Z  INFO extract_candidates:parse_all_blobs: tailwindcss_oxide::scanner: exit
2025-07-09T17:32:46.089985Z  INFO extract_candidates: tailwindcss_oxide::scanner: exit
2025-07-09T17:32:46.090590Z  INFO get_files: tailwindcss_oxide::scanner: enter
2025-07-09T17:32:46.090594Z  INFO get_files:scan_sources: tailwindcss_oxide::scanner: enter
2025-07-09T17:32:46.091210Z  INFO get_files:scan_sources: tailwindcss_oxide::scanner: Discovering "/Users/rod/DevOps/ReportMate/apps/www/app"
2025-07-09T17:32:46.091285Z  INFO get_files:scan_sources: tailwindcss_oxide::scanner: Discovering "/Users/rod/DevOps/ReportMate/apps/www/app/settings"
2025-07-09T17:32:46.091367Z  INFO get_files:scan_sources: tailwindcss_oxide::scanner: Discovering "/Users/rod/DevOps/ReportMate/apps/www/app/device-modular"
2025-07-09T17:32:46.091444Z  INFO get_files:scan_sources: tailwindcss_oxide::scanner: Discovering "/Users/rod/DevOps/ReportMate/apps/www/app/device-modular/[deviceId]"
2025-07-09T17:32:46.091537Z  INFO get_files:scan_sources: tailwindcss_oxide::scanner: Discovering "/Users/rod/DevOps/ReportMate/apps/www/app/dashboard"
2025-07-09T17:32:46.091629Z  INFO get_files:scan_sources: tailwindcss_oxide::scanner: Discovering "/Users/rod/DevOps/ReportMate/apps/www/app/device-new"
2025-07-09T17:32:46.091702Z  INFO get_files:scan_sources: tailwindcss_oxide::scanner: Discovering "/Users/rod/DevOps/ReportMate/apps/www/app/device-new/[deviceId]"
2025-07-09T17:32:46.091788Z  INFO get_files:scan_sources: tailwindcss_oxide::scanner: Discovering "/Users/rod/DevOps/ReportMate/apps/www/app/api-test"
2025-07-09T17:32:46.091875Z  INFO get_files:scan_sources: tailwindcss_oxide::scanner: Discovering "/Users/rod/DevOps/ReportMate/apps/www/app/api"
2025-07-09T17:32:46.091950Z  INFO get_files:scan_sources: tailwindcss_oxide::scanner: Discovering "/Users/rod/DevOps/ReportMate/apps/www/app/api/events-internal"
2025-07-09T17:32:46.092027Z  INFO get_files:scan_sources: tailwindcss_oxide::scanner: Discovering "/Users/rod/DevOps/ReportMate/apps/www/app/api/negotiate-internal"
2025-07-09T17:32:46.092098Z  INFO get_files:scan_sources: tailwindcss_oxide::scanner: Discovering "/Users/rod/DevOps/ReportMate/apps/www/app/api/device"
2025-07-09T17:32:46.092168Z  INFO get_files:scan_sources: tailwindcss_oxide::scanner: Discovering "/Users/rod/DevOps/ReportMate/apps/www/app/api/device/[deviceId]"
2025-07-09T17:32:46.092251Z  INFO get_files:scan_sources: tailwindcss_oxide::scanner: Discovering "/Users/rod/DevOps/ReportMate/apps/www/app/api/devices-internal"
2025-07-09T17:32:46.092321Z  INFO get_files:scan_sources: tailwindcss_oxide::scanner: Discovering "/Users/rod/DevOps/ReportMate/apps/www/app/api/events"
2025-07-09T17:32:46.092396Z  INFO get_files:scan_sources: tailwindcss_oxide::scanner: Discovering "/Users/rod/DevOps/ReportMate/apps/www/app/api/devices"
2025-07-09T17:32:46.092472Z  INFO get_files:scan_sources: tailwindcss_oxide::scanner: Discovering "/Users/rod/DevOps/ReportMate/apps/www/app/api/debug"
2025-07-09T17:32:46.092548Z  INFO get_files:scan_sources: tailwindcss_oxide::scanner: Discovering "/Users/rod/DevOps/ReportMate/apps/www/app/device"
2025-07-09T17:32:46.092616Z  INFO get_files:scan_sources: tailwindcss_oxide::scanner: Discovering "/Users/rod/DevOps/ReportMate/apps/www/app/device/[deviceId]"
2025-07-09T17:32:46.092694Z  INFO get_files:scan_sources: tailwindcss_oxide::scanner: Discovering "/Users/rod/DevOps/ReportMate/apps/www/app/device/list"
2025-07-09T17:32:46.092774Z  INFO get_files:scan_sources: tailwindcss_oxide::scanner: Discovering "/Users/rod/DevOps/ReportMate/apps/www/app/events"
2025-07-09T17:32:46.092846Z  INFO get_files:scan_sources: tailwindcss_oxide::scanner: Discovering "/Users/rod/DevOps/ReportMate/apps/www/app/modules"
2025-07-09T17:32:46.092935Z  INFO get_files:scan_sources: tailwindcss_oxide::scanner: Discovering "/Users/rod/DevOps/ReportMate/apps/www/app/devices"
2025-07-09T17:32:46.093053Z  INFO get_files:scan_sources: tailwindcss_oxide::scanner: Discovering "/Users/rod/DevOps/ReportMate/apps/www/prisma"
2025-07-09T17:32:46.093173Z  INFO get_files:scan_sources: tailwindcss_oxide::scanner: Discovering "/Users/rod/DevOps/ReportMate/apps/www/public"
2025-07-09T17:32:46.093246Z  INFO get_files:scan_sources: tailwindcss_oxide::scanner: Discovering "/Users/rod/DevOps/ReportMate/apps/www/__tests__"
2025-07-09T17:32:46.093321Z  INFO get_files:scan_sources: tailwindcss_oxide::scanner: Discovering "/Users/rod/DevOps/ReportMate/apps/www/__tests__/unit"
2025-07-09T17:32:46.093396Z  INFO get_files:scan_sources: tailwindcss_oxide::scanner: Discovering "/Users/rod/DevOps/ReportMate/apps/www/__tests__/api"
2025-07-09T17:32:46.093483Z  INFO get_files:scan_sources: tailwindcss_oxide::scanner: Discovering "/Users/rod/DevOps/ReportMate/apps/www/scripts"
2025-07-09T17:32:46.093592Z  INFO get_files:scan_sources: tailwindcss_oxide::scanner: Discovering "/Users/rod/DevOps/ReportMate/apps/www/e2e"
2025-07-09T17:32:46.093675Z  INFO get_files:scan_sources: tailwindcss_oxide::scanner: Discovering "/Users/rod/DevOps/ReportMate/apps/www/src"
2025-07-09T17:32:46.093744Z  INFO get_files:scan_sources: tailwindcss_oxide::scanner: Discovering "/Users/rod/DevOps/ReportMate/apps/www/src/app"
2025-07-09T17:32:46.093811Z  INFO get_files:scan_sources: tailwindcss_oxide::scanner: Discovering "/Users/rod/DevOps/ReportMate/apps/www/src/app/api"
2025-07-09T17:32:46.093879Z  INFO get_files:scan_sources: tailwindcss_oxide::scanner: Discovering "/Users/rod/DevOps/ReportMate/apps/www/src/app/api/modules"
2025-07-09T17:32:46.093955Z  INFO get_files:scan_sources: tailwindcss_oxide::scanner: Discovering "/Users/rod/DevOps/ReportMate/apps/www/src/components"
2025-07-09T17:32:46.094039Z  INFO get_files:scan_sources: tailwindcss_oxide::scanner: Discovering "/Users/rod/DevOps/ReportMate/apps/www/src/components/tables"
2025-07-09T17:32:46.094134Z  INFO get_files:scan_sources: tailwindcss_oxide::scanner: Discovering "/Users/rod/DevOps/ReportMate/apps/www/src/lib"
2025-07-09T17:32:46.094207Z  INFO get_files:scan_sources: tailwindcss_oxide::scanner: Discovering "/Users/rod/DevOps/ReportMate/apps/www/src/lib/modules"
2025-07-09T17:32:46.094262Z  INFO get_files:scan_sources: tailwindcss_oxide::scanner: Discovering "/Users/rod/DevOps/ReportMate/apps/www/src/lib/modules/core"
2025-07-09T17:32:46.094349Z  INFO get_files:scan_sources: tailwindcss_oxide::scanner: Discovering "/Users/rod/DevOps/ReportMate/apps/www/src/lib/modules/widgets"
2025-07-09T17:32:46.094474Z  INFO get_files:scan_sources: tailwindcss_oxide::scanner: Discovering "/Users/rod/DevOps/ReportMate/apps/www/src/api"
2025-07-09T17:32:46.094532Z  INFO get_files:scan_sources: tailwindcss_oxide::scanner: Discovering "/Users/rod/DevOps/ReportMate/apps/www/src/api/business-units"
2025-07-09T17:32:46.094596Z  INFO get_files:scan_sources: tailwindcss_oxide::scanner: Discovering "/Users/rod/DevOps/ReportMate/apps/www/src/api/machine-groups"
2025-07-09T17:32:46.094697Z  INFO get_files:scan_sources: tailwindcss_oxide::scanner: exit
2025-07-09T17:32:46.094848Z  INFO get_files: tailwindcss_oxide::scanner: exit
2025-07-09T17:32:46.094913Z  INFO get_globs: tailwindcss_oxide::scanner: enter
2025-07-09T17:32:46.094918Z  INFO get_globs: tailwindcss_oxide::scanner: exit
