2025-07-05T22:52:03.957394Z  INFO tailwindcss_oxide::scanner: Provided sources:
2025-07-05T22:52:03.957445Z  INFO tailwindcss_oxide::scanner: Source: PublicSourceEntry { base: "/Users/rod/DevOps/ReportMate/apps/www", pattern: "**/*", negated: false }
2025-07-05T22:52:03.957478Z  INFO tailwindcss_oxide::scanner: Optimized sources:
2025-07-05T22:52:03.957486Z  INFO tailwindcss_oxide::scanner: Source: Auto { base: "/Users/rod/DevOps/ReportMate/apps/www" }
2025-07-05T22:52:03.958429Z  INFO scan_sources: tailwindcss_oxide::scanner: enter
2025-07-05T22:52:03.959817Z  INFO scan_sources: tailwindcss_oxide::scanner: Discovering "/Users/rod/DevOps/ReportMate/apps/www/.env.local.example"
2025-07-05T22:52:03.959838Z  INFO scan_sources: tailwindcss_oxide::scanner: Discovering "/Users/rod/DevOps/ReportMate/apps/www/app"
2025-07-05T22:52:03.959913Z  INFO scan_sources: tailwindcss_oxide::scanner: Discovering "/Users/rod/DevOps/ReportMate/apps/www/app/settings"
2025-07-05T22:52:03.959978Z  INFO scan_sources: tailwindcss_oxide::scanner: Discovering "/Users/rod/DevOps/ReportMate/apps/www/app/settings/page.tsx"
2025-07-05T22:52:03.960001Z  INFO scan_sources: tailwindcss_oxide::scanner: Discovering "/Users/rod/DevOps/ReportMate/apps/www/app/device-modular"
2025-07-05T22:52:03.960066Z  INFO scan_sources: tailwindcss_oxide::scanner: Discovering "/Users/rod/DevOps/ReportMate/apps/www/app/device-modular/[deviceId]"
2025-07-05T22:52:03.960130Z  INFO scan_sources: tailwindcss_oxide::scanner: Discovering "/Users/rod/DevOps/ReportMate/apps/www/app/device-modular/[deviceId]/page.tsx"
2025-07-05T22:52:03.960152Z  INFO scan_sources: tailwindcss_oxide::scanner: Discovering "/Users/rod/DevOps/ReportMate/apps/www/app/dashboard"
2025-07-05T22:52:03.960212Z  INFO scan_sources: tailwindcss_oxide::scanner: Discovering "/Users/rod/DevOps/ReportMate/apps/www/app/dashboard/page-static-backup.tsx"
2025-07-05T22:52:03.960221Z  INFO scan_sources: tailwindcss_oxide::scanner: Discovering "/Users/rod/DevOps/ReportMate/apps/www/app/dashboard/page.tsx"
2025-07-05T22:52:03.960231Z  INFO scan_sources: tailwindcss_oxide::scanner: Discovering "/Users/rod/DevOps/ReportMate/apps/www/app/dashboard/hooks.ts"
2025-07-05T22:52:03.960249Z  INFO scan_sources: tailwindcss_oxide::scanner: Discovering "/Users/rod/DevOps/ReportMate/apps/www/app/device-new"
2025-07-05T22:52:03.960311Z  INFO scan_sources: tailwindcss_oxide::scanner: Discovering "/Users/rod/DevOps/ReportMate/apps/www/app/device-new/[deviceId]"
2025-07-05T22:52:03.960362Z  INFO scan_sources: tailwindcss_oxide::scanner: Discovering "/Users/rod/DevOps/ReportMate/apps/www/app/device-new/[deviceId]/page.tsx"
2025-07-05T22:52:03.960378Z  INFO scan_sources: tailwindcss_oxide::scanner: Discovering "/Users/rod/DevOps/ReportMate/apps/www/app/layout.tsx"
2025-07-05T22:52:03.960398Z  INFO scan_sources: tailwindcss_oxide::scanner: Discovering "/Users/rod/DevOps/ReportMate/apps/www/app/api"
2025-07-05T22:52:03.960460Z  INFO scan_sources: tailwindcss_oxide::scanner: Discovering "/Users/rod/DevOps/ReportMate/apps/www/app/api/device"
2025-07-05T22:52:03.960524Z  INFO scan_sources: tailwindcss_oxide::scanner: Discovering "/Users/rod/DevOps/ReportMate/apps/www/app/api/device/[deviceId]"
2025-07-05T22:52:03.960578Z  INFO scan_sources: tailwindcss_oxide::scanner: Discovering "/Users/rod/DevOps/ReportMate/apps/www/app/api/device/[deviceId]/route.ts"
2025-07-05T22:52:03.960598Z  INFO scan_sources: tailwindcss_oxide::scanner: Discovering "/Users/rod/DevOps/ReportMate/apps/www/app/api/events"
2025-07-05T22:52:03.960654Z  INFO scan_sources: tailwindcss_oxide::scanner: Discovering "/Users/rod/DevOps/ReportMate/apps/www/app/api/events/route.ts"
2025-07-05T22:52:03.960677Z  INFO scan_sources: tailwindcss_oxide::scanner: Discovering "/Users/rod/DevOps/ReportMate/apps/www/app/device"
2025-07-05T22:52:03.960736Z  INFO scan_sources: tailwindcss_oxide::scanner: Discovering "/Users/rod/DevOps/ReportMate/apps/www/app/device/[deviceId]"
2025-07-05T22:52:03.960790Z  INFO scan_sources: tailwindcss_oxide::scanner: Discovering "/Users/rod/DevOps/ReportMate/apps/www/app/device/[deviceId]/page.tsx"
2025-07-05T22:52:03.960814Z  INFO scan_sources: tailwindcss_oxide::scanner: Discovering "/Users/rod/DevOps/ReportMate/apps/www/app/device/list"
2025-07-05T22:52:03.960867Z  INFO scan_sources: tailwindcss_oxide::scanner: Discovering "/Users/rod/DevOps/ReportMate/apps/www/app/device/list/page.tsx"
2025-07-05T22:52:03.960881Z  INFO scan_sources: tailwindcss_oxide::scanner: Discovering "/Users/rod/DevOps/ReportMate/apps/www/app/device/page.tsx"
2025-07-05T22:52:03.960895Z  INFO scan_sources: tailwindcss_oxide::scanner: Discovering "/Users/rod/DevOps/ReportMate/apps/www/app/events"
2025-07-05T22:52:03.960952Z  INFO scan_sources: tailwindcss_oxide::scanner: Discovering "/Users/rod/DevOps/ReportMate/apps/www/app/events/page.tsx"
2025-07-05T22:52:03.960975Z  INFO scan_sources: tailwindcss_oxide::scanner: Discovering "/Users/rod/DevOps/ReportMate/apps/www/app/modules"
2025-07-05T22:52:03.961025Z  INFO scan_sources: tailwindcss_oxide::scanner: Discovering "/Users/rod/DevOps/ReportMate/apps/www/app/modules/page.tsx"
2025-07-05T22:52:03.961037Z  INFO scan_sources: tailwindcss_oxide::scanner: Discovering "/Users/rod/DevOps/ReportMate/apps/www/app/page.tsx"
2025-07-05T22:52:03.961045Z  INFO scan_sources: tailwindcss_oxide::scanner: Discovering "/Users/rod/DevOps/ReportMate/apps/www/app/globals.css"
2025-07-05T22:52:03.961057Z  INFO scan_sources: tailwindcss_oxide::scanner: Discovering "/Users/rod/DevOps/ReportMate/apps/www/app/devices"
2025-07-05T22:52:03.961103Z  INFO scan_sources: tailwindcss_oxide::scanner: Discovering "/Users/rod/DevOps/ReportMate/apps/www/app/devices/page.tsx"
2025-07-05T22:52:03.961117Z  INFO scan_sources: tailwindcss_oxide::scanner: Discovering "/Users/rod/DevOps/ReportMate/apps/www/LICENSE"
2025-07-05T22:52:03.961125Z  INFO scan_sources: tailwindcss_oxide::scanner: Discovering "/Users/rod/DevOps/ReportMate/apps/www/Dockerfile"
2025-07-05T22:52:03.961137Z  INFO scan_sources: tailwindcss_oxide::scanner: Discovering "/Users/rod/DevOps/ReportMate/apps/www/next.config.mjs"
2025-07-05T22:52:03.961165Z  INFO scan_sources: tailwindcss_oxide::scanner: Discovering "/Users/rod/DevOps/ReportMate/apps/www/prisma"
2025-07-05T22:52:03.961233Z  INFO scan_sources: tailwindcss_oxide::scanner: Discovering "/Users/rod/DevOps/ReportMate/apps/www/prisma/schema.prisma"
2025-07-05T22:52:03.961244Z  INFO scan_sources: tailwindcss_oxide::scanner: Discovering "/Users/rod/DevOps/ReportMate/apps/www/clear-events-emergency.js"
2025-07-05T22:52:03.961526Z  INFO scan_sources: tailwindcss_oxide::scanner: Discovering "/Users/rod/DevOps/ReportMate/apps/www/README.md"
2025-07-05T22:52:03.961534Z  INFO scan_sources: tailwindcss_oxide::scanner: Discovering "/Users/rod/DevOps/ReportMate/apps/www/tailwind.config.ts"
2025-07-05T22:52:03.961541Z  INFO scan_sources: tailwindcss_oxide::scanner: Discovering "/Users/rod/DevOps/ReportMate/apps/www/clear-events.js"
2025-07-05T22:52:03.961546Z  INFO scan_sources: tailwindcss_oxide::scanner: Discovering "/Users/rod/DevOps/ReportMate/apps/www/clear-events-utility.js"
2025-07-05T22:52:03.961554Z  INFO scan_sources: tailwindcss_oxide::scanner: Discovering "/Users/rod/DevOps/ReportMate/apps/www/.dockerignore"
2025-07-05T22:52:03.961712Z  INFO scan_sources: tailwindcss_oxide::scanner: Discovering "/Users/rod/DevOps/ReportMate/apps/www/public"
2025-07-05T22:52:03.961771Z  INFO scan_sources: tailwindcss_oxide::scanner: Discovering "/Users/rod/DevOps/ReportMate/apps/www/package.json"
2025-07-05T22:52:03.961778Z  INFO scan_sources: tailwindcss_oxide::scanner: Discovering "/Users/rod/DevOps/ReportMate/apps/www/init-prod-db.js"
2025-07-05T22:52:03.961790Z  INFO scan_sources: tailwindcss_oxide::scanner: Discovering "/Users/rod/DevOps/ReportMate/apps/www/scripts"
2025-07-05T22:52:03.961853Z  INFO scan_sources: tailwindcss_oxide::scanner: Discovering "/Users/rod/DevOps/ReportMate/apps/www/scripts/import-production-data.sh"
2025-07-05T22:52:03.961861Z  INFO scan_sources: tailwindcss_oxide::scanner: Discovering "/Users/rod/DevOps/ReportMate/apps/www/scripts/inject-test-data.js"
2025-07-05T22:52:03.961869Z  INFO scan_sources: tailwindcss_oxide::scanner: Discovering "/Users/rod/DevOps/ReportMate/apps/www/scripts/inject-large-payloads.sql"
2025-07-05T22:52:03.961880Z  INFO scan_sources: tailwindcss_oxide::scanner: Discovering "/Users/rod/DevOps/ReportMate/apps/www/scripts/large-test-payloads.json"
2025-07-05T22:52:03.961888Z  INFO scan_sources: tailwindcss_oxide::scanner: Discovering "/Users/rod/DevOps/ReportMate/apps/www/scripts/generate-large-payloads.js"
2025-07-05T22:52:03.961895Z  INFO scan_sources: tailwindcss_oxide::scanner: Discovering "/Users/rod/DevOps/ReportMate/apps/www/scripts/import-production-data.ps1"
2025-07-05T22:52:03.961905Z  INFO scan_sources: tailwindcss_oxide::scanner: Discovering "/Users/rod/DevOps/ReportMate/apps/www/tsconfig.json"
2025-07-05T22:52:03.961911Z  INFO scan_sources: tailwindcss_oxide::scanner: Discovering "/Users/rod/DevOps/ReportMate/apps/www/.git"
2025-07-05T22:52:03.961918Z  INFO scan_sources: tailwindcss_oxide::scanner: Discovering "/Users/rod/DevOps/ReportMate/apps/www/postcss.config.js"
2025-07-05T22:52:03.961924Z  INFO scan_sources: tailwindcss_oxide::scanner: Discovering "/Users/rod/DevOps/ReportMate/apps/www/test-server.js"
2025-07-05T22:52:03.961930Z  INFO scan_sources: tailwindcss_oxide::scanner: Discovering "/Users/rod/DevOps/ReportMate/apps/www/explore-db.js"
2025-07-05T22:52:03.961936Z  INFO scan_sources: tailwindcss_oxide::scanner: Discovering "/Users/rod/DevOps/ReportMate/apps/www/.eslintrc.json"
2025-07-05T22:52:03.961947Z  INFO scan_sources: tailwindcss_oxide::scanner: Discovering "/Users/rod/DevOps/ReportMate/apps/www/src"
2025-07-05T22:52:03.962007Z  INFO scan_sources: tailwindcss_oxide::scanner: Discovering "/Users/rod/DevOps/ReportMate/apps/www/src/app"
2025-07-05T22:52:03.962065Z  INFO scan_sources: tailwindcss_oxide::scanner: Discovering "/Users/rod/DevOps/ReportMate/apps/www/src/app/api"
2025-07-05T22:52:03.962121Z  INFO scan_sources: tailwindcss_oxide::scanner: Discovering "/Users/rod/DevOps/ReportMate/apps/www/src/app/api/modules"
2025-07-05T22:52:03.962174Z  INFO scan_sources: tailwindcss_oxide::scanner: Discovering "/Users/rod/DevOps/ReportMate/apps/www/src/app/api/modules/route.ts"
2025-07-05T22:52:03.962194Z  INFO scan_sources: tailwindcss_oxide::scanner: Discovering "/Users/rod/DevOps/ReportMate/apps/www/src/components"
2025-07-05T22:52:03.962252Z  INFO scan_sources: tailwindcss_oxide::scanner: Discovering "/Users/rod/DevOps/ReportMate/apps/www/src/components/theme-provider.tsx"
2025-07-05T22:52:03.962260Z  INFO scan_sources: tailwindcss_oxide::scanner: Discovering "/Users/rod/DevOps/ReportMate/apps/www/src/components/ModuleManager.tsx"
2025-07-05T22:52:03.962269Z  INFO scan_sources: tailwindcss_oxide::scanner: Discovering "/Users/rod/DevOps/ReportMate/apps/www/src/components/ErrorBoundary.tsx"
2025-07-05T22:52:03.962283Z  INFO scan_sources: tailwindcss_oxide::scanner: Discovering "/Users/rod/DevOps/ReportMate/apps/www/src/lib"
2025-07-05T22:52:03.962338Z  INFO scan_sources: tailwindcss_oxide::scanner: Discovering "/Users/rod/DevOps/ReportMate/apps/www/src/lib/prisma.ts"
2025-07-05T22:52:03.962345Z  INFO scan_sources: tailwindcss_oxide::scanner: Discovering "/Users/rod/DevOps/ReportMate/apps/www/src/lib/signalr-new.ts"
2025-07-05T22:52:03.962351Z  INFO scan_sources: tailwindcss_oxide::scanner: Discovering "/Users/rod/DevOps/ReportMate/apps/www/src/lib/polling.ts"
2025-07-05T22:52:03.962358Z  INFO scan_sources: tailwindcss_oxide::scanner: Discovering "/Users/rod/DevOps/ReportMate/apps/www/src/lib/utils.ts"
2025-07-05T22:52:03.962364Z  INFO scan_sources: tailwindcss_oxide::scanner: Discovering "/Users/rod/DevOps/ReportMate/apps/www/src/lib/signalr-old.ts"
2025-07-05T22:52:03.962370Z  INFO scan_sources: tailwindcss_oxide::scanner: Discovering "/Users/rod/DevOps/ReportMate/apps/www/src/lib/signalr.ts"
2025-07-05T22:52:03.962381Z  INFO scan_sources: tailwindcss_oxide::scanner: Discovering "/Users/rod/DevOps/ReportMate/apps/www/src/lib/modules"
2025-07-05T22:52:03.962436Z  INFO scan_sources: tailwindcss_oxide::scanner: Discovering "/Users/rod/DevOps/ReportMate/apps/www/src/lib/modules/core"
2025-07-05T22:52:03.962497Z  INFO scan_sources: tailwindcss_oxide::scanner: Discovering "/Users/rod/DevOps/ReportMate/apps/www/src/lib/modules/core/DeviceInfoModule.tsx"
2025-07-05T22:52:03.962505Z  INFO scan_sources: tailwindcss_oxide::scanner: Discovering "/Users/rod/DevOps/ReportMate/apps/www/src/lib/modules/core/EventsModule.tsx"
2025-07-05T22:52:03.962516Z  INFO scan_sources: tailwindcss_oxide::scanner: Discovering "/Users/rod/DevOps/ReportMate/apps/www/src/lib/modules/EnhancedModule.ts"
2025-07-05T22:52:03.962523Z  INFO scan_sources: tailwindcss_oxide::scanner: Discovering "/Users/rod/DevOps/ReportMate/apps/www/src/lib/modules/ModuleRegistry.ts"
2025-07-05T22:52:03.962537Z  INFO scan_sources: tailwindcss_oxide::scanner: Discovering "/Users/rod/DevOps/ReportMate/apps/www/src/lib/modules/ModularDeviceLayout.tsx"
2025-07-05T22:52:03.962544Z  INFO scan_sources: tailwindcss_oxide::scanner: Discovering "/Users/rod/DevOps/ReportMate/apps/www/src/lib/modules/DynamicModuleLoader-new.ts"
2025-07-05T22:52:03.962551Z  INFO scan_sources: tailwindcss_oxide::scanner: Discovering "/Users/rod/DevOps/ReportMate/apps/www/src/lib/modules/BaseModule.ts"
2025-07-05T22:52:03.962557Z  INFO scan_sources: tailwindcss_oxide::scanner: Discovering "/Users/rod/DevOps/ReportMate/apps/www/src/lib/modules/DynamicModuleLoader.ts"
2025-07-05T22:52:03.962572Z  INFO scan_sources: tailwindcss_oxide::scanner: Discovering "/Users/rod/DevOps/ReportMate/apps/www/src/lib/modules/widgets"
2025-07-05T22:52:03.962637Z  INFO scan_sources: tailwindcss_oxide::scanner: Discovering "/Users/rod/DevOps/ReportMate/apps/www/src/lib/modules/widgets/MDMModule.tsx"
2025-07-05T22:52:03.962646Z  INFO scan_sources: tailwindcss_oxide::scanner: Discovering "/Users/rod/DevOps/ReportMate/apps/www/src/lib/modules/widgets/EventsModule.tsx"
2025-07-05T22:52:03.962653Z  INFO scan_sources: tailwindcss_oxide::scanner: Discovering "/Users/rod/DevOps/ReportMate/apps/www/src/lib/modules/widgets/OSVersionWidget.tsx"
2025-07-05T22:52:03.962659Z  INFO scan_sources: tailwindcss_oxide::scanner: Discovering "/Users/rod/DevOps/ReportMate/apps/www/src/lib/modules/widgets/ApplicationsModule.tsx"
2025-07-05T22:52:03.962666Z  INFO scan_sources: tailwindcss_oxide::scanner: Discovering "/Users/rod/DevOps/ReportMate/apps/www/src/lib/modules/widgets/NetworkModuleWidget.tsx"
2025-07-05T22:52:03.962673Z  INFO scan_sources: tailwindcss_oxide::scanner: Discovering "/Users/rod/DevOps/ReportMate/apps/www/src/lib/modules/widgets/DashboardStats.tsx"
2025-07-05T22:52:03.962681Z  INFO scan_sources: tailwindcss_oxide::scanner: Discovering "/Users/rod/DevOps/ReportMate/apps/www/src/lib/modules/widgets/HardwareModule.tsx"
2025-07-05T22:52:03.962689Z  INFO scan_sources: tailwindcss_oxide::scanner: Discovering "/Users/rod/DevOps/ReportMate/apps/www/src/lib/modules/widgets/ConnectionStatusWidget.tsx"
2025-07-05T22:52:03.962695Z  INFO scan_sources: tailwindcss_oxide::scanner: Discovering "/Users/rod/DevOps/ReportMate/apps/www/src/lib/modules/widgets/NewClientsWidget.tsx"
2025-07-05T22:52:03.962702Z  INFO scan_sources: tailwindcss_oxide::scanner: Discovering "/Users/rod/DevOps/ReportMate/apps/www/src/lib/modules/widgets/SecurityModule.tsx"
2025-07-05T22:52:03.962710Z  INFO scan_sources: tailwindcss_oxide::scanner: Discovering "/Users/rod/DevOps/ReportMate/apps/www/src/lib/modules/widgets/ManagedInstallsModule.tsx"
2025-07-05T22:52:03.962717Z  INFO scan_sources: tailwindcss_oxide::scanner: Discovering "/Users/rod/DevOps/ReportMate/apps/www/src/lib/modules/widgets/NetworkModule.tsx"
2025-07-05T22:52:03.962724Z  INFO scan_sources: tailwindcss_oxide::scanner: Discovering "/Users/rod/DevOps/ReportMate/apps/www/src/lib/modules/widgets/RecentEventsWidget.tsx"
2025-07-05T22:52:03.962736Z  INFO scan_sources: tailwindcss_oxide::scanner: Discovering "/Users/rod/DevOps/ReportMate/apps/www/src/lib/modules/ModuleInit.ts"
2025-07-05T22:52:03.962746Z  INFO scan_sources: tailwindcss_oxide::scanner: Discovering "/Users/rod/DevOps/ReportMate/apps/www/src/lib/db.ts"
2025-07-05T22:52:03.962752Z  INFO scan_sources: tailwindcss_oxide::scanner: Discovering "/Users/rod/DevOps/ReportMate/apps/www/src/lib/time.ts"
2025-07-05T22:52:03.962772Z  INFO scan_sources: tailwindcss_oxide::scanner: Discovering "/Users/rod/DevOps/ReportMate/apps/www/src/api"
2025-07-05T22:52:03.962837Z  INFO scan_sources: tailwindcss_oxide::scanner: Discovering "/Users/rod/DevOps/ReportMate/apps/www/src/api/business-units"
2025-07-05T22:52:03.962892Z  INFO scan_sources: tailwindcss_oxide::scanner: Discovering "/Users/rod/DevOps/ReportMate/apps/www/src/api/business-units/[id].ts"
2025-07-05T22:52:03.962907Z  INFO scan_sources: tailwindcss_oxide::scanner: Discovering "/Users/rod/DevOps/ReportMate/apps/www/src/api/machine-groups"
2025-07-05T22:52:03.962961Z  INFO scan_sources: tailwindcss_oxide::scanner: Discovering "/Users/rod/DevOps/ReportMate/apps/www/src/api/machine-groups/[id].ts"
2025-07-05T22:52:03.962969Z  INFO scan_sources: tailwindcss_oxide::scanner: Discovering "/Users/rod/DevOps/ReportMate/apps/www/src/api/machine-groups/generate-passphrase.ts"
2025-07-05T22:52:03.962979Z  INFO scan_sources: tailwindcss_oxide::scanner: Discovering "/Users/rod/DevOps/ReportMate/apps/www/src/api/business-units.ts"
2025-07-05T22:52:03.962986Z  INFO scan_sources: tailwindcss_oxide::scanner: Discovering "/Users/rod/DevOps/ReportMate/apps/www/src/api/machine-groups.ts"
2025-07-05T22:52:03.963032Z  INFO scan_sources: tailwindcss_oxide::scanner: exit
2025-07-05T22:52:03.963035Z  INFO extract_candidates: tailwindcss_oxide::scanner: enter
2025-07-05T22:52:03.963037Z  INFO extract_candidates:read_all_files: tailwindcss_oxide::scanner: enter
2025-07-05T22:52:03.963039Z  INFO extract_candidates:read_all_files: tailwindcss_oxide::scanner: Reading 80 file(s)
2025-07-05T22:52:03.963255Z  INFO tailwindcss_oxide::scanner: Reading "/Users/rod/DevOps/ReportMate/apps/www/app/layout.tsx"
2025-07-05T22:52:03.963437Z  INFO tailwindcss_oxide::scanner: Reading "/Users/rod/DevOps/ReportMate/apps/www/package.json"
2025-07-05T22:52:03.963441Z  INFO tailwindcss_oxide::scanner: Reading "/Users/rod/DevOps/ReportMate/apps/www/postcss.config.js"
2025-07-05T22:52:03.963454Z  INFO tailwindcss_oxide::scanner: Reading "/Users/rod/DevOps/ReportMate/apps/www/app/dashboard/hooks.ts"
2025-07-05T22:52:03.963621Z  INFO tailwindcss_oxide::scanner: Reading "/Users/rod/DevOps/ReportMate/apps/www/.env.local.example"
2025-07-05T22:52:03.963632Z  INFO tailwindcss_oxide::scanner: Reading "/Users/rod/DevOps/ReportMate/apps/www/app/device/[deviceId]/page.tsx"
2025-07-05T22:52:03.963634Z  INFO tailwindcss_oxide::scanner: Reading "/Users/rod/DevOps/ReportMate/apps/www/scripts/inject-test-data.js"
2025-07-05T22:52:03.963621Z  INFO tailwindcss_oxide::scanner: Reading "/Users/rod/DevOps/ReportMate/apps/www/prisma/schema.prisma"
2025-07-05T22:52:03.963918Z  INFO tailwindcss_oxide::scanner: Reading "/Users/rod/DevOps/ReportMate/apps/www/app/api/device/[deviceId]/route.ts"
2025-07-05T22:52:03.963987Z  INFO tailwindcss_oxide::scanner: Reading "/Users/rod/DevOps/ReportMate/apps/www/clear-events-utility.js"
2025-07-05T22:52:03.964057Z  INFO tailwindcss_oxide::scanner: Reading "/Users/rod/DevOps/ReportMate/apps/www/test-server.js"
2025-07-05T22:52:03.964066Z  INFO tailwindcss_oxide::scanner: Reading "/Users/rod/DevOps/ReportMate/apps/www/app/device-modular/[deviceId]/page.tsx"
2025-07-05T22:52:03.964086Z  INFO tailwindcss_oxide::scanner: Reading "/Users/rod/DevOps/ReportMate/apps/www/tsconfig.json"
2025-07-05T22:52:03.964095Z  INFO tailwindcss_oxide::scanner: Reading "/Users/rod/DevOps/ReportMate/apps/www/app/dashboard/page-static-backup.tsx"
2025-07-05T22:52:03.964106Z  INFO tailwindcss_oxide::scanner: Reading "/Users/rod/DevOps/ReportMate/apps/www/app/device-new/[deviceId]/page.tsx"
2025-07-05T22:52:03.964109Z  INFO tailwindcss_oxide::scanner: Reading "/Users/rod/DevOps/ReportMate/apps/www/.git"
2025-07-05T22:52:03.964137Z  INFO tailwindcss_oxide::scanner: Reading "/Users/rod/DevOps/ReportMate/apps/www/app/page.tsx"
2025-07-05T22:52:03.964154Z  INFO tailwindcss_oxide::scanner: Reading "/Users/rod/DevOps/ReportMate/apps/www/init-prod-db.js"
2025-07-05T22:52:03.964175Z  INFO tailwindcss_oxide::scanner: Reading "/Users/rod/DevOps/ReportMate/apps/www/tailwind.config.ts"
2025-07-05T22:52:03.964211Z  INFO tailwindcss_oxide::scanner: Reading "/Users/rod/DevOps/ReportMate/apps/www/app/settings/page.tsx"
2025-07-05T22:52:03.964236Z  INFO tailwindcss_oxide::scanner: Reading "/Users/rod/DevOps/ReportMate/apps/www/clear-events-emergency.js"
2025-07-05T22:52:03.964310Z  INFO tailwindcss_oxide::scanner: Reading "/Users/rod/DevOps/ReportMate/apps/www/app/api/events/route.ts"
2025-07-05T22:52:03.964483Z  INFO tailwindcss_oxide::scanner: Reading "/Users/rod/DevOps/ReportMate/apps/www/clear-events.js"
2025-07-05T22:52:03.964500Z  INFO tailwindcss_oxide::scanner: Reading "/Users/rod/DevOps/ReportMate/apps/www/app/devices/page.tsx"
2025-07-05T22:52:03.964507Z  INFO tailwindcss_oxide::scanner: Reading "/Users/rod/DevOps/ReportMate/apps/www/app/device/page.tsx"
2025-07-05T22:52:03.964511Z  INFO tailwindcss_oxide::scanner: Reading "/Users/rod/DevOps/ReportMate/apps/www/.eslintrc.json"
2025-07-05T22:52:03.964519Z  INFO tailwindcss_oxide::scanner: Reading "/Users/rod/DevOps/ReportMate/apps/www/app/dashboard/page.tsx"
2025-07-05T22:52:03.964930Z  INFO tailwindcss_oxide::scanner: Reading "/Users/rod/DevOps/ReportMate/apps/www/README.md"
2025-07-05T22:52:03.966015Z  INFO tailwindcss_oxide::scanner: Reading "/Users/rod/DevOps/ReportMate/apps/www/app/modules/page.tsx"
2025-07-05T22:52:03.966022Z  INFO tailwindcss_oxide::scanner: Reading "/Users/rod/DevOps/ReportMate/apps/www/next.config.mjs"
2025-07-05T22:52:03.966024Z  INFO tailwindcss_oxide::scanner: Reading "/Users/rod/DevOps/ReportMate/apps/www/app/events/page.tsx"
2025-07-05T22:52:03.966237Z  INFO tailwindcss_oxide::scanner: Reading "/Users/rod/DevOps/ReportMate/apps/www/explore-db.js"
2025-07-05T22:52:03.966264Z  INFO tailwindcss_oxide::scanner: Reading "/Users/rod/DevOps/ReportMate/apps/www/scripts/generate-large-payloads.js"
2025-07-05T22:52:03.966341Z  INFO tailwindcss_oxide::scanner: Reading "/Users/rod/DevOps/ReportMate/apps/www/Dockerfile"
2025-07-05T22:52:03.966354Z  INFO tailwindcss_oxide::scanner: Reading "/Users/rod/DevOps/ReportMate/apps/www/scripts/import-production-data.ps1"
2025-07-05T22:52:03.966355Z  INFO tailwindcss_oxide::scanner: Reading "/Users/rod/DevOps/ReportMate/apps/www/src/app/api/modules/route.ts"
2025-07-05T22:52:03.966356Z  INFO tailwindcss_oxide::scanner: Reading "/Users/rod/DevOps/ReportMate/apps/www/LICENSE"
2025-07-05T22:52:03.966388Z  INFO tailwindcss_oxide::scanner: Reading "/Users/rod/DevOps/ReportMate/apps/www/.dockerignore"
2025-07-05T22:52:03.967793Z  INFO tailwindcss_oxide::scanner: Reading "/Users/rod/DevOps/ReportMate/apps/www/src/lib/modules/widgets/EventsModule.tsx"
2025-07-05T22:52:03.967795Z  INFO tailwindcss_oxide::scanner: Reading "/Users/rod/DevOps/ReportMate/apps/www/scripts/import-production-data.sh"
2025-07-05T22:52:03.967874Z  INFO tailwindcss_oxide::scanner: Reading "/Users/rod/DevOps/ReportMate/apps/www/src/lib/modules/BaseModule.ts"
2025-07-05T22:52:03.967878Z  INFO tailwindcss_oxide::scanner: Reading "/Users/rod/DevOps/ReportMate/apps/www/src/lib/polling.ts"
2025-07-05T22:52:03.967881Z  INFO tailwindcss_oxide::scanner: Reading "/Users/rod/DevOps/ReportMate/apps/www/src/components/theme-provider.tsx"
2025-07-05T22:52:03.967910Z  INFO tailwindcss_oxide::scanner: Reading "/Users/rod/DevOps/ReportMate/apps/www/src/lib/prisma.ts"
2025-07-05T22:52:03.967913Z  INFO tailwindcss_oxide::scanner: Reading "/Users/rod/DevOps/ReportMate/apps/www/src/lib/signalr.ts"
2025-07-05T22:52:03.967960Z  INFO tailwindcss_oxide::scanner: Reading "/Users/rod/DevOps/ReportMate/apps/www/src/lib/utils.ts"
2025-07-05T22:52:03.967965Z  INFO tailwindcss_oxide::scanner: Reading "/Users/rod/DevOps/ReportMate/apps/www/src/lib/modules/DynamicModuleLoader-new.ts"
2025-07-05T22:52:03.968211Z  INFO tailwindcss_oxide::scanner: Reading "/Users/rod/DevOps/ReportMate/apps/www/src/lib/modules/core/EventsModule.tsx"
2025-07-05T22:52:03.968427Z  INFO tailwindcss_oxide::scanner: Reading "/Users/rod/DevOps/ReportMate/apps/www/app/device/list/page.tsx"
2025-07-05T22:52:03.968427Z  INFO tailwindcss_oxide::scanner: Reading "/Users/rod/DevOps/ReportMate/apps/www/src/lib/modules/ModularDeviceLayout.tsx"
2025-07-05T22:52:03.970282Z  INFO tailwindcss_oxide::scanner: Reading "/Users/rod/DevOps/ReportMate/apps/www/scripts/inject-large-payloads.sql"
2025-07-05T22:52:03.971240Z  INFO tailwindcss_oxide::scanner: Reading "/Users/rod/DevOps/ReportMate/apps/www/scripts/large-test-payloads.json"
2025-07-05T22:52:03.971487Z  INFO tailwindcss_oxide::scanner: Reading "/Users/rod/DevOps/ReportMate/apps/www/src/lib/signalr-new.ts"
2025-07-05T22:52:03.971496Z  INFO tailwindcss_oxide::scanner: Reading "/Users/rod/DevOps/ReportMate/apps/www/src/lib/signalr-old.ts"
2025-07-05T22:52:03.971705Z  INFO tailwindcss_oxide::scanner: Reading "/Users/rod/DevOps/ReportMate/apps/www/src/lib/modules/widgets/ApplicationsModule.tsx"
2025-07-05T22:52:03.971857Z  INFO tailwindcss_oxide::scanner: Reading "/Users/rod/DevOps/ReportMate/apps/www/src/lib/modules/widgets/OSVersionWidget.tsx"
2025-07-05T22:52:03.971861Z  INFO tailwindcss_oxide::scanner: Reading "/Users/rod/DevOps/ReportMate/apps/www/src/api/business-units/[id].ts"
2025-07-05T22:52:03.971911Z  INFO tailwindcss_oxide::scanner: Reading "/Users/rod/DevOps/ReportMate/apps/www/src/lib/modules/DynamicModuleLoader.ts"
2025-07-05T22:52:03.971920Z  INFO tailwindcss_oxide::scanner: Reading "/Users/rod/DevOps/ReportMate/apps/www/src/api/machine-groups/generate-passphrase.ts"
2025-07-05T22:52:03.971958Z  INFO tailwindcss_oxide::scanner: Reading "/Users/rod/DevOps/ReportMate/apps/www/src/lib/modules/widgets/NetworkModuleWidget.tsx"
2025-07-05T22:52:03.971976Z  INFO tailwindcss_oxide::scanner: Reading "/Users/rod/DevOps/ReportMate/apps/www/src/lib/modules/widgets/NewClientsWidget.tsx"
2025-07-05T22:52:03.971988Z  INFO tailwindcss_oxide::scanner: Reading "/Users/rod/DevOps/ReportMate/apps/www/src/lib/modules/widgets/NetworkModule.tsx"
2025-07-05T22:52:03.972000Z  INFO tailwindcss_oxide::scanner: Reading "/Users/rod/DevOps/ReportMate/apps/www/src/lib/modules/EnhancedModule.ts"
2025-07-05T22:52:03.972008Z  INFO tailwindcss_oxide::scanner: Reading "/Users/rod/DevOps/ReportMate/apps/www/src/lib/modules/ModuleRegistry.ts"
2025-07-05T22:52:03.972013Z  INFO tailwindcss_oxide::scanner: Reading "/Users/rod/DevOps/ReportMate/apps/www/src/lib/modules/widgets/HardwareModule.tsx"
2025-07-05T22:52:03.972063Z  INFO tailwindcss_oxide::scanner: Reading "/Users/rod/DevOps/ReportMate/apps/www/src/lib/modules/widgets/MDMModule.tsx"
2025-07-05T22:52:03.972124Z  INFO tailwindcss_oxide::scanner: Reading "/Users/rod/DevOps/ReportMate/apps/www/src/components/ModuleManager.tsx"
2025-07-05T22:52:03.972076Z  INFO tailwindcss_oxide::scanner: Reading "/Users/rod/DevOps/ReportMate/apps/www/src/lib/modules/core/DeviceInfoModule.tsx"
2025-07-05T22:52:03.972340Z  INFO tailwindcss_oxide::scanner: Reading "/Users/rod/DevOps/ReportMate/apps/www/src/lib/modules/widgets/ConnectionStatusWidget.tsx"
2025-07-05T22:52:03.972491Z  INFO tailwindcss_oxide::scanner: Reading "/Users/rod/DevOps/ReportMate/apps/www/src/components/ErrorBoundary.tsx"
2025-07-05T22:52:03.972500Z  INFO tailwindcss_oxide::scanner: Reading "/Users/rod/DevOps/ReportMate/apps/www/src/api/business-units.ts"
2025-07-05T22:52:03.972501Z  INFO tailwindcss_oxide::scanner: Reading "/Users/rod/DevOps/ReportMate/apps/www/src/api/machine-groups/[id].ts"
2025-07-05T22:52:03.972568Z  INFO tailwindcss_oxide::scanner: Reading "/Users/rod/DevOps/ReportMate/apps/www/src/api/machine-groups.ts"
2025-07-05T22:52:03.972585Z  INFO tailwindcss_oxide::scanner: Reading "/Users/rod/DevOps/ReportMate/apps/www/src/lib/modules/widgets/ManagedInstallsModule.tsx"
2025-07-05T22:52:03.972618Z  INFO tailwindcss_oxide::scanner: Reading "/Users/rod/DevOps/ReportMate/apps/www/src/lib/db.ts"
2025-07-05T22:52:03.972673Z  INFO tailwindcss_oxide::scanner: Reading "/Users/rod/DevOps/ReportMate/apps/www/src/lib/modules/widgets/DashboardStats.tsx"
2025-07-05T22:52:03.972696Z  INFO tailwindcss_oxide::scanner: Reading "/Users/rod/DevOps/ReportMate/apps/www/src/lib/time.ts"
2025-07-05T22:52:03.972718Z  INFO tailwindcss_oxide::scanner: Reading "/Users/rod/DevOps/ReportMate/apps/www/src/lib/modules/widgets/RecentEventsWidget.tsx"
2025-07-05T22:52:03.972718Z  INFO tailwindcss_oxide::scanner: Reading "/Users/rod/DevOps/ReportMate/apps/www/src/lib/modules/ModuleInit.ts"
2025-07-05T22:52:03.972735Z  INFO tailwindcss_oxide::scanner: Reading "/Users/rod/DevOps/ReportMate/apps/www/src/lib/modules/widgets/SecurityModule.tsx"
2025-07-05T22:52:03.975874Z  INFO extract_candidates:read_all_files: tailwindcss_oxide::scanner: exit
2025-07-05T22:52:03.975891Z  INFO extract_candidates:parse_all_blobs: tailwindcss_oxide::scanner: enter
2025-07-05T22:52:03.975894Z  INFO extract_candidates:parse_all_blobs:extract: tailwindcss_oxide::scanner: enter
2025-07-05T22:52:03.985686Z  INFO extract_candidates:parse_all_blobs:extract: tailwindcss_oxide::scanner: exit
2025-07-05T22:52:03.985984Z  INFO extract_candidates:parse_all_blobs: tailwindcss_oxide::scanner: exit
2025-07-05T22:52:03.985990Z  INFO extract_candidates:read_all_files: tailwindcss_oxide::scanner: enter
2025-07-05T22:52:03.985993Z  INFO extract_candidates:read_all_files: tailwindcss_oxide::scanner: Reading 1 file(s)
2025-07-05T22:52:03.986347Z  INFO extract_candidates:read_all_files: tailwindcss_oxide::scanner: Reading "/Users/rod/DevOps/ReportMate/apps/www/app/globals.css"
2025-07-05T22:52:03.986354Z  INFO extract_candidates:read_all_files: tailwindcss_oxide::scanner: exit
2025-07-05T22:52:03.986356Z  INFO extract_candidates:extract_css_variables: tailwindcss_oxide::scanner: enter
2025-07-05T22:52:03.986358Z  INFO extract_candidates:extract_css_variables:extract: tailwindcss_oxide::scanner: enter
2025-07-05T22:52:03.986524Z  INFO extract_candidates:extract_css_variables:extract: tailwindcss_oxide::scanner: exit
2025-07-05T22:52:03.986528Z  INFO extract_candidates:extract_css_variables: tailwindcss_oxide::scanner: exit
2025-07-05T22:52:03.987046Z  INFO extract_candidates: tailwindcss_oxide::scanner: exit
2025-07-05T22:52:03.987918Z  INFO get_files: tailwindcss_oxide::scanner: enter
2025-07-05T22:52:03.987926Z  INFO get_files:scan_sources: tailwindcss_oxide::scanner: enter
2025-07-05T22:52:03.989283Z  INFO get_files:scan_sources: tailwindcss_oxide::scanner: Discovering "/Users/rod/DevOps/ReportMate/apps/www/app"
2025-07-05T22:52:03.989445Z  INFO get_files:scan_sources: tailwindcss_oxide::scanner: Discovering "/Users/rod/DevOps/ReportMate/apps/www/app/settings"
2025-07-05T22:52:03.989626Z  INFO get_files:scan_sources: tailwindcss_oxide::scanner: Discovering "/Users/rod/DevOps/ReportMate/apps/www/app/device-modular"
2025-07-05T22:52:03.989784Z  INFO get_files:scan_sources: tailwindcss_oxide::scanner: Discovering "/Users/rod/DevOps/ReportMate/apps/www/app/device-modular/[deviceId]"
2025-07-05T22:52:03.989962Z  INFO get_files:scan_sources: tailwindcss_oxide::scanner: Discovering "/Users/rod/DevOps/ReportMate/apps/www/app/dashboard"
2025-07-05T22:52:03.990123Z  INFO get_files:scan_sources: tailwindcss_oxide::scanner: Discovering "/Users/rod/DevOps/ReportMate/apps/www/app/device-new"
2025-07-05T22:52:03.990258Z  INFO get_files:scan_sources: tailwindcss_oxide::scanner: Discovering "/Users/rod/DevOps/ReportMate/apps/www/app/device-new/[deviceId]"
2025-07-05T22:52:03.990430Z  INFO get_files:scan_sources: tailwindcss_oxide::scanner: Discovering "/Users/rod/DevOps/ReportMate/apps/www/app/api"
2025-07-05T22:52:03.990579Z  INFO get_files:scan_sources: tailwindcss_oxide::scanner: Discovering "/Users/rod/DevOps/ReportMate/apps/www/app/api/device"
2025-07-05T22:52:03.990718Z  INFO get_files:scan_sources: tailwindcss_oxide::scanner: Discovering "/Users/rod/DevOps/ReportMate/apps/www/app/api/device/[deviceId]"
2025-07-05T22:52:03.990869Z  INFO get_files:scan_sources: tailwindcss_oxide::scanner: Discovering "/Users/rod/DevOps/ReportMate/apps/www/app/api/events"
2025-07-05T22:52:03.991025Z  INFO get_files:scan_sources: tailwindcss_oxide::scanner: Discovering "/Users/rod/DevOps/ReportMate/apps/www/app/device"
2025-07-05T22:52:03.991166Z  INFO get_files:scan_sources: tailwindcss_oxide::scanner: Discovering "/Users/rod/DevOps/ReportMate/apps/www/app/device/[deviceId]"
2025-07-05T22:52:03.991320Z  INFO get_files:scan_sources: tailwindcss_oxide::scanner: Discovering "/Users/rod/DevOps/ReportMate/apps/www/app/device/list"
2025-07-05T22:52:03.991477Z  INFO get_files:scan_sources: tailwindcss_oxide::scanner: Discovering "/Users/rod/DevOps/ReportMate/apps/www/app/events"
2025-07-05T22:52:03.991627Z  INFO get_files:scan_sources: tailwindcss_oxide::scanner: Discovering "/Users/rod/DevOps/ReportMate/apps/www/app/modules"
2025-07-05T22:52:03.991793Z  INFO get_files:scan_sources: tailwindcss_oxide::scanner: Discovering "/Users/rod/DevOps/ReportMate/apps/www/app/devices"
2025-07-05T22:52:03.991980Z  INFO get_files:scan_sources: tailwindcss_oxide::scanner: Discovering "/Users/rod/DevOps/ReportMate/apps/www/prisma"
2025-07-05T22:52:03.992086Z  INFO get_files:scan_sources: tailwindcss_oxide::scanner: Discovering "/Users/rod/DevOps/ReportMate/apps/www/public"
2025-07-05T22:52:03.992246Z  INFO get_files:scan_sources: tailwindcss_oxide::scanner: Discovering "/Users/rod/DevOps/ReportMate/apps/www/scripts"
2025-07-05T22:52:03.992461Z  INFO get_files:scan_sources: tailwindcss_oxide::scanner: Discovering "/Users/rod/DevOps/ReportMate/apps/www/src"
2025-07-05T22:52:03.992596Z  INFO get_files:scan_sources: tailwindcss_oxide::scanner: Discovering "/Users/rod/DevOps/ReportMate/apps/www/src/app"
2025-07-05T22:52:03.992743Z  INFO get_files:scan_sources: tailwindcss_oxide::scanner: Discovering "/Users/rod/DevOps/ReportMate/apps/www/src/app/api"
2025-07-05T22:52:03.992797Z  INFO get_files:scan_sources: tailwindcss_oxide::scanner: Discovering "/Users/rod/DevOps/ReportMate/apps/www/src/app/api/modules"
2025-07-05T22:52:03.992957Z  INFO get_files:scan_sources: tailwindcss_oxide::scanner: Discovering "/Users/rod/DevOps/ReportMate/apps/www/src/components"
2025-07-05T22:52:03.993127Z  INFO get_files:scan_sources: tailwindcss_oxide::scanner: Discovering "/Users/rod/DevOps/ReportMate/apps/www/src/lib"
2025-07-05T22:52:03.993300Z  INFO get_files:scan_sources: tailwindcss_oxide::scanner: Discovering "/Users/rod/DevOps/ReportMate/apps/www/src/lib/modules"
2025-07-05T22:52:03.993358Z  INFO get_files:scan_sources: tailwindcss_oxide::scanner: Discovering "/Users/rod/DevOps/ReportMate/apps/www/src/lib/modules/core"
2025-07-05T22:52:03.993453Z  INFO get_files:scan_sources: tailwindcss_oxide::scanner: Discovering "/Users/rod/DevOps/ReportMate/apps/www/src/lib/modules/widgets"
2025-07-05T22:52:03.993690Z  INFO get_files:scan_sources: tailwindcss_oxide::scanner: Discovering "/Users/rod/DevOps/ReportMate/apps/www/src/api"
2025-07-05T22:52:03.993828Z  INFO get_files:scan_sources: tailwindcss_oxide::scanner: Discovering "/Users/rod/DevOps/ReportMate/apps/www/src/api/business-units"
2025-07-05T22:52:03.993964Z  INFO get_files:scan_sources: tailwindcss_oxide::scanner: Discovering "/Users/rod/DevOps/ReportMate/apps/www/src/api/machine-groups"
2025-07-05T22:52:03.994066Z  INFO get_files:scan_sources: tailwindcss_oxide::scanner: exit
2025-07-05T22:52:03.994256Z  INFO get_files: tailwindcss_oxide::scanner: exit
2025-07-05T22:52:03.994370Z  INFO get_globs: tailwindcss_oxide::scanner: enter
2025-07-05T22:52:03.994373Z  INFO get_globs:scan_sources: tailwindcss_oxide::scanner: enter
2025-07-05T22:52:03.994883Z  INFO get_globs:scan_sources: tailwindcss_oxide::scanner: Discovering "/Users/rod/DevOps/ReportMate/apps/www/app"
2025-07-05T22:52:03.994937Z  INFO get_globs:scan_sources: tailwindcss_oxide::scanner: Discovering "/Users/rod/DevOps/ReportMate/apps/www/app/settings"
2025-07-05T22:52:03.994998Z  INFO get_globs:scan_sources: tailwindcss_oxide::scanner: Discovering "/Users/rod/DevOps/ReportMate/apps/www/app/device-modular"
2025-07-05T22:52:03.995046Z  INFO get_globs:scan_sources: tailwindcss_oxide::scanner: Discovering "/Users/rod/DevOps/ReportMate/apps/www/app/device-modular/[deviceId]"
2025-07-05T22:52:03.995108Z  INFO get_globs:scan_sources: tailwindcss_oxide::scanner: Discovering "/Users/rod/DevOps/ReportMate/apps/www/app/dashboard"
2025-07-05T22:52:03.995190Z  INFO get_globs:scan_sources: tailwindcss_oxide::scanner: Discovering "/Users/rod/DevOps/ReportMate/apps/www/app/device-new"
2025-07-05T22:52:03.995243Z  INFO get_globs:scan_sources: tailwindcss_oxide::scanner: Discovering "/Users/rod/DevOps/ReportMate/apps/www/app/device-new/[deviceId]"
2025-07-05T22:52:03.995312Z  INFO get_globs:scan_sources: tailwindcss_oxide::scanner: Discovering "/Users/rod/DevOps/ReportMate/apps/www/app/api"
2025-07-05T22:52:03.995362Z  INFO get_globs:scan_sources: tailwindcss_oxide::scanner: Discovering "/Users/rod/DevOps/ReportMate/apps/www/app/api/device"
2025-07-05T22:52:03.995412Z  INFO get_globs:scan_sources: tailwindcss_oxide::scanner: Discovering "/Users/rod/DevOps/ReportMate/apps/www/app/api/device/[deviceId]"
2025-07-05T22:52:03.995472Z  INFO get_globs:scan_sources: tailwindcss_oxide::scanner: Discovering "/Users/rod/DevOps/ReportMate/apps/www/app/api/events"
2025-07-05T22:52:03.995542Z  INFO get_globs:scan_sources: tailwindcss_oxide::scanner: Discovering "/Users/rod/DevOps/ReportMate/apps/www/app/device"
2025-07-05T22:52:03.995602Z  INFO get_globs:scan_sources: tailwindcss_oxide::scanner: Discovering "/Users/rod/DevOps/ReportMate/apps/www/app/device/[deviceId]"
2025-07-05T22:52:03.995657Z  INFO get_globs:scan_sources: tailwindcss_oxide::scanner: Discovering "/Users/rod/DevOps/ReportMate/apps/www/app/device/list"
2025-07-05T22:52:03.995719Z  INFO get_globs:scan_sources: tailwindcss_oxide::scanner: Discovering "/Users/rod/DevOps/ReportMate/apps/www/app/events"
2025-07-05T22:52:03.995780Z  INFO get_globs:scan_sources: tailwindcss_oxide::scanner: Discovering "/Users/rod/DevOps/ReportMate/apps/www/app/modules"
2025-07-05T22:52:03.995842Z  INFO get_globs:scan_sources: tailwindcss_oxide::scanner: Discovering "/Users/rod/DevOps/ReportMate/apps/www/app/devices"
2025-07-05T22:52:03.995926Z  INFO get_globs:scan_sources: tailwindcss_oxide::scanner: Discovering "/Users/rod/DevOps/ReportMate/apps/www/prisma"
2025-07-05T22:52:03.996025Z  INFO get_globs:scan_sources: tailwindcss_oxide::scanner: Discovering "/Users/rod/DevOps/ReportMate/apps/www/public"
2025-07-05T22:52:03.996095Z  INFO get_globs:scan_sources: tailwindcss_oxide::scanner: Discovering "/Users/rod/DevOps/ReportMate/apps/www/scripts"
2025-07-05T22:52:03.996193Z  INFO get_globs:scan_sources: tailwindcss_oxide::scanner: Discovering "/Users/rod/DevOps/ReportMate/apps/www/src"
2025-07-05T22:52:03.996242Z  INFO get_globs:scan_sources: tailwindcss_oxide::scanner: Discovering "/Users/rod/DevOps/ReportMate/apps/www/src/app"
2025-07-05T22:52:03.996287Z  INFO get_globs:scan_sources: tailwindcss_oxide::scanner: Discovering "/Users/rod/DevOps/ReportMate/apps/www/src/app/api"
2025-07-05T22:52:03.996336Z  INFO get_globs:scan_sources: tailwindcss_oxide::scanner: Discovering "/Users/rod/DevOps/ReportMate/apps/www/src/app/api/modules"
2025-07-05T22:52:03.996407Z  INFO get_globs:scan_sources: tailwindcss_oxide::scanner: Discovering "/Users/rod/DevOps/ReportMate/apps/www/src/components"
2025-07-05T22:52:03.996469Z  INFO get_globs:scan_sources: tailwindcss_oxide::scanner: Discovering "/Users/rod/DevOps/ReportMate/apps/www/src/lib"
2025-07-05T22:52:03.996539Z  INFO get_globs:scan_sources: tailwindcss_oxide::scanner: Discovering "/Users/rod/DevOps/ReportMate/apps/www/src/lib/modules"
2025-07-05T22:52:03.996590Z  INFO get_globs:scan_sources: tailwindcss_oxide::scanner: Discovering "/Users/rod/DevOps/ReportMate/apps/www/src/lib/modules/core"
2025-07-05T22:52:03.996671Z  INFO get_globs:scan_sources: tailwindcss_oxide::scanner: Discovering "/Users/rod/DevOps/ReportMate/apps/www/src/lib/modules/widgets"
2025-07-05T22:52:03.996789Z  INFO get_globs:scan_sources: tailwindcss_oxide::scanner: Discovering "/Users/rod/DevOps/ReportMate/apps/www/src/api"
2025-07-05T22:52:03.996848Z  INFO get_globs:scan_sources: tailwindcss_oxide::scanner: Discovering "/Users/rod/DevOps/ReportMate/apps/www/src/api/business-units"
2025-07-05T22:52:03.996904Z  INFO get_globs:scan_sources: tailwindcss_oxide::scanner: Discovering "/Users/rod/DevOps/ReportMate/apps/www/src/api/machine-groups"
2025-07-05T22:52:03.997001Z  INFO get_globs:scan_sources: tailwindcss_oxide::scanner: exit
2025-07-05T22:52:03.999453Z  INFO get_globs: tailwindcss_oxide::scanner: exit
