2025-07-09T17:09:40.640696Z  INFO tailwindcss_oxide::scanner: Provided sources:
2025-07-09T17:09:40.640755Z  INFO tailwindcss_oxide::scanner: Source: PublicSourceEntry { base: "/Users/rod/DevOps/ReportMate/apps/www", pattern: "**/*", negated: false }
2025-07-09T17:09:40.641046Z  INFO tailwindcss_oxide::scanner: Optimized sources:
2025-07-09T17:09:40.641052Z  INFO tailwindcss_oxide::scanner: Source: Auto { base: "/Users/rod/DevOps/ReportMate/apps/www" }
2025-07-09T17:09:40.641813Z  INFO scan_sources: tailwindcss_oxide::scanner: enter
2025-07-09T17:09:40.642863Z  INFO scan_sources: tailwindcss_oxide::scanner: Discovering "/Users/rod/DevOps/ReportMate/apps/www/.env.local.example"
2025-07-09T17:09:40.642957Z  INFO scan_sources: tailwindcss_oxide::scanner: Discovering "/Users/rod/DevOps/ReportMate/apps/www/app"
2025-07-09T17:09:40.643083Z  INFO scan_sources: tailwindcss_oxide::scanner: Discovering "/Users/rod/DevOps/ReportMate/apps/www/app/settings"
2025-07-09T17:09:40.643131Z  INFO scan_sources: tailwindcss_oxide::scanner: Discovering "/Users/rod/DevOps/ReportMate/apps/www/app/settings/page.tsx"
2025-07-09T17:09:40.643225Z  INFO scan_sources: tailwindcss_oxide::scanner: Discovering "/Users/rod/DevOps/ReportMate/apps/www/app/device-modular"
2025-07-09T17:09:40.643280Z  INFO scan_sources: tailwindcss_oxide::scanner: Discovering "/Users/rod/DevOps/ReportMate/apps/www/app/device-modular/[deviceId]"
2025-07-09T17:09:40.643328Z  INFO scan_sources: tailwindcss_oxide::scanner: Discovering "/Users/rod/DevOps/ReportMate/apps/www/app/device-modular/[deviceId]/page.tsx"
2025-07-09T17:09:40.643421Z  INFO scan_sources: tailwindcss_oxide::scanner: Discovering "/Users/rod/DevOps/ReportMate/apps/www/app/dashboard"
2025-07-09T17:09:40.643469Z  INFO scan_sources: tailwindcss_oxide::scanner: Discovering "/Users/rod/DevOps/ReportMate/apps/www/app/dashboard/page-static-backup.tsx"
2025-07-09T17:09:40.643480Z  INFO scan_sources: tailwindcss_oxide::scanner: Discovering "/Users/rod/DevOps/ReportMate/apps/www/app/dashboard/page.tsx"
2025-07-09T17:09:40.643491Z  INFO scan_sources: tailwindcss_oxide::scanner: Discovering "/Users/rod/DevOps/ReportMate/apps/www/app/dashboard/hooks.ts"
2025-07-09T17:09:40.643580Z  INFO scan_sources: tailwindcss_oxide::scanner: Discovering "/Users/rod/DevOps/ReportMate/apps/www/app/device-new"
2025-07-09T17:09:40.643626Z  INFO scan_sources: tailwindcss_oxide::scanner: Discovering "/Users/rod/DevOps/ReportMate/apps/www/app/device-new/[deviceId]"
2025-07-09T17:09:40.643671Z  INFO scan_sources: tailwindcss_oxide::scanner: Discovering "/Users/rod/DevOps/ReportMate/apps/www/app/device-new/[deviceId]/page.tsx"
2025-07-09T17:09:40.643761Z  INFO scan_sources: tailwindcss_oxide::scanner: Discovering "/Users/rod/DevOps/ReportMate/apps/www/app/api-test"
2025-07-09T17:09:40.643807Z  INFO scan_sources: tailwindcss_oxide::scanner: Discovering "/Users/rod/DevOps/ReportMate/apps/www/app/api-test/page.tsx"
2025-07-09T17:09:40.643820Z  INFO scan_sources: tailwindcss_oxide::scanner: Discovering "/Users/rod/DevOps/ReportMate/apps/www/app/layout.tsx"
2025-07-09T17:09:40.643909Z  INFO scan_sources: tailwindcss_oxide::scanner: Discovering "/Users/rod/DevOps/ReportMate/apps/www/app/api"
2025-07-09T17:09:40.643963Z  INFO scan_sources: tailwindcss_oxide::scanner: Discovering "/Users/rod/DevOps/ReportMate/apps/www/app/api/events-internal"
2025-07-09T17:09:40.644017Z  INFO scan_sources: tailwindcss_oxide::scanner: Discovering "/Users/rod/DevOps/ReportMate/apps/www/app/api/negotiate-internal"
2025-07-09T17:09:40.644132Z  INFO scan_sources: tailwindcss_oxide::scanner: Discovering "/Users/rod/DevOps/ReportMate/apps/www/app/api/device"
2025-07-09T17:09:40.644181Z  INFO scan_sources: tailwindcss_oxide::scanner: Discovering "/Users/rod/DevOps/ReportMate/apps/www/app/api/device/[deviceId]"
2025-07-09T17:09:40.644223Z  INFO scan_sources: tailwindcss_oxide::scanner: Discovering "/Users/rod/DevOps/ReportMate/apps/www/app/api/device/[deviceId]/route.ts"
2025-07-09T17:09:40.644235Z  INFO scan_sources: tailwindcss_oxide::scanner: Discovering "/Users/rod/DevOps/ReportMate/apps/www/app/api/device/route.ts"
2025-07-09T17:09:40.644257Z  INFO scan_sources: tailwindcss_oxide::scanner: Discovering "/Users/rod/DevOps/ReportMate/apps/www/app/api/devices-internal"
2025-07-09T17:09:40.644305Z  INFO scan_sources: tailwindcss_oxide::scanner: Discovering "/Users/rod/DevOps/ReportMate/apps/www/app/api/events"
2025-07-09T17:09:40.644349Z  INFO scan_sources: tailwindcss_oxide::scanner: Discovering "/Users/rod/DevOps/ReportMate/apps/www/app/api/events/route.ts"
2025-07-09T17:09:40.644499Z  INFO scan_sources: tailwindcss_oxide::scanner: Discovering "/Users/rod/DevOps/ReportMate/apps/www/app/api/devices"
2025-07-09T17:09:40.644547Z  INFO scan_sources: tailwindcss_oxide::scanner: Discovering "/Users/rod/DevOps/ReportMate/apps/www/app/api/devices/route.ts"
2025-07-09T17:09:40.644705Z  INFO scan_sources: tailwindcss_oxide::scanner: Discovering "/Users/rod/DevOps/ReportMate/apps/www/app/api/debug"
2025-07-09T17:09:40.644747Z  INFO scan_sources: tailwindcss_oxide::scanner: Discovering "/Users/rod/DevOps/ReportMate/apps/www/app/api/debug/route.ts"
2025-07-09T17:09:40.644896Z  INFO scan_sources: tailwindcss_oxide::scanner: Discovering "/Users/rod/DevOps/ReportMate/apps/www/app/device"
2025-07-09T17:09:40.644961Z  INFO scan_sources: tailwindcss_oxide::scanner: Discovering "/Users/rod/DevOps/ReportMate/apps/www/app/device/[deviceId]"
2025-07-09T17:09:40.645021Z  INFO scan_sources: tailwindcss_oxide::scanner: Discovering "/Users/rod/DevOps/ReportMate/apps/www/app/device/[deviceId]/page.tsx"
2025-07-09T17:09:40.645036Z  INFO scan_sources: tailwindcss_oxide::scanner: Discovering "/Users/rod/DevOps/ReportMate/apps/www/app/device/list"
2025-07-09T17:09:40.645095Z  INFO scan_sources: tailwindcss_oxide::scanner: Discovering "/Users/rod/DevOps/ReportMate/apps/www/app/device/list/page.tsx"
2025-07-09T17:09:40.645107Z  INFO scan_sources: tailwindcss_oxide::scanner: Discovering "/Users/rod/DevOps/ReportMate/apps/www/app/device/page.tsx"
2025-07-09T17:09:40.645256Z  INFO scan_sources: tailwindcss_oxide::scanner: Discovering "/Users/rod/DevOps/ReportMate/apps/www/app/events"
2025-07-09T17:09:40.645300Z  INFO scan_sources: tailwindcss_oxide::scanner: Discovering "/Users/rod/DevOps/ReportMate/apps/www/app/events/page.tsx"
2025-07-09T17:09:40.645482Z  INFO scan_sources: tailwindcss_oxide::scanner: Discovering "/Users/rod/DevOps/ReportMate/apps/www/app/modules"
2025-07-09T17:09:40.645520Z  INFO scan_sources: tailwindcss_oxide::scanner: Discovering "/Users/rod/DevOps/ReportMate/apps/www/app/modules/page.tsx"
2025-07-09T17:09:40.645530Z  INFO scan_sources: tailwindcss_oxide::scanner: Discovering "/Users/rod/DevOps/ReportMate/apps/www/app/page.tsx"
2025-07-09T17:09:40.645537Z  INFO scan_sources: tailwindcss_oxide::scanner: Discovering "/Users/rod/DevOps/ReportMate/apps/www/app/globals.css"
2025-07-09T17:09:40.645641Z  INFO scan_sources: tailwindcss_oxide::scanner: Discovering "/Users/rod/DevOps/ReportMate/apps/www/app/devices"
2025-07-09T17:09:40.645679Z  INFO scan_sources: tailwindcss_oxide::scanner: Discovering "/Users/rod/DevOps/ReportMate/apps/www/app/devices/page.tsx"
2025-07-09T17:09:40.645693Z  INFO scan_sources: tailwindcss_oxide::scanner: Discovering "/Users/rod/DevOps/ReportMate/apps/www/LICENSE"
2025-07-09T17:09:40.645701Z  INFO scan_sources: tailwindcss_oxide::scanner: Discovering "/Users/rod/DevOps/ReportMate/apps/www/jest.setup.js"
2025-07-09T17:09:40.645708Z  INFO scan_sources: tailwindcss_oxide::scanner: Discovering "/Users/rod/DevOps/ReportMate/apps/www/Dockerfile"
2025-07-09T17:09:40.645717Z  INFO scan_sources: tailwindcss_oxide::scanner: Discovering "/Users/rod/DevOps/ReportMate/apps/www/next.config.mjs"
2025-07-09T17:09:40.645723Z  INFO scan_sources: tailwindcss_oxide::scanner: Discovering "/Users/rod/DevOps/ReportMate/apps/www/jest.config.js"
2025-07-09T17:09:40.645823Z  INFO scan_sources: tailwindcss_oxide::scanner: Discovering "/Users/rod/DevOps/ReportMate/apps/www/prisma"
2025-07-09T17:09:40.645862Z  INFO scan_sources: tailwindcss_oxide::scanner: Discovering "/Users/rod/DevOps/ReportMate/apps/www/prisma/schema.prisma"
2025-07-09T17:09:40.645879Z  INFO scan_sources: tailwindcss_oxide::scanner: Discovering "/Users/rod/DevOps/ReportMate/apps/www/package.test.json"
2025-07-09T17:09:40.645990Z  INFO scan_sources: tailwindcss_oxide::scanner: Discovering "/Users/rod/DevOps/ReportMate/apps/www/README.md"
2025-07-09T17:09:40.645999Z  INFO scan_sources: tailwindcss_oxide::scanner: Discovering "/Users/rod/DevOps/ReportMate/apps/www/tailwind.config.ts"
2025-07-09T17:09:40.646007Z  INFO scan_sources: tailwindcss_oxide::scanner: Discovering "/Users/rod/DevOps/ReportMate/apps/www/.dockerignore"
2025-07-09T17:09:40.646088Z  INFO scan_sources: tailwindcss_oxide::scanner: Discovering "/Users/rod/DevOps/ReportMate/apps/www/public"
2025-07-09T17:09:40.646230Z  INFO scan_sources: tailwindcss_oxide::scanner: Discovering "/Users/rod/DevOps/ReportMate/apps/www/__tests__"
2025-07-09T17:09:40.646342Z  INFO scan_sources: tailwindcss_oxide::scanner: Discovering "/Users/rod/DevOps/ReportMate/apps/www/__tests__/unit"
2025-07-09T17:09:40.646384Z  INFO scan_sources: tailwindcss_oxide::scanner: Discovering "/Users/rod/DevOps/ReportMate/apps/www/__tests__/unit/DeviceCard.test.tsx"
2025-07-09T17:09:40.646462Z  INFO scan_sources: tailwindcss_oxide::scanner: Discovering "/Users/rod/DevOps/ReportMate/apps/www/__tests__/api"
2025-07-09T17:09:40.646502Z  INFO scan_sources: tailwindcss_oxide::scanner: Discovering "/Users/rod/DevOps/ReportMate/apps/www/__tests__/api/devices.test.ts"
2025-07-09T17:09:40.646522Z  INFO scan_sources: tailwindcss_oxide::scanner: Discovering "/Users/rod/DevOps/ReportMate/apps/www/package.json"
2025-07-09T17:09:40.646530Z  INFO scan_sources: tailwindcss_oxide::scanner: Discovering "/Users/rod/DevOps/ReportMate/apps/www/init-prod-db.js"
2025-07-09T17:09:40.646607Z  INFO scan_sources: tailwindcss_oxide::scanner: Discovering "/Users/rod/DevOps/ReportMate/apps/www/scripts"
2025-07-09T17:09:40.646656Z  INFO scan_sources: tailwindcss_oxide::scanner: Discovering "/Users/rod/DevOps/ReportMate/apps/www/scripts/import-production-data.sh"
2025-07-09T17:09:40.646663Z  INFO scan_sources: tailwindcss_oxide::scanner: Discovering "/Users/rod/DevOps/ReportMate/apps/www/scripts/inject-test-data.js"
2025-07-09T17:09:40.646671Z  INFO scan_sources: tailwindcss_oxide::scanner: Discovering "/Users/rod/DevOps/ReportMate/apps/www/scripts/inject-large-payloads.sql"
2025-07-09T17:09:40.646677Z  INFO scan_sources: tailwindcss_oxide::scanner: Discovering "/Users/rod/DevOps/ReportMate/apps/www/scripts/test-db-connection.js"
2025-07-09T17:09:40.646684Z  INFO scan_sources: tailwindcss_oxide::scanner: Discovering "/Users/rod/DevOps/ReportMate/apps/www/scripts/large-test-payloads.json"
2025-07-09T17:09:40.646690Z  INFO scan_sources: tailwindcss_oxide::scanner: Discovering "/Users/rod/DevOps/ReportMate/apps/www/scripts/generate-large-payloads.js"
2025-07-09T17:09:40.646697Z  INFO scan_sources: tailwindcss_oxide::scanner: Discovering "/Users/rod/DevOps/ReportMate/apps/www/scripts/import-production-data.ps1"
2025-07-09T17:09:40.646708Z  INFO scan_sources: tailwindcss_oxide::scanner: Discovering "/Users/rod/DevOps/ReportMate/apps/www/tsconfig.json"
2025-07-09T17:09:40.646716Z  INFO scan_sources: tailwindcss_oxide::scanner: Discovering "/Users/rod/DevOps/ReportMate/apps/www/playwright.config.ts"
2025-07-09T17:09:40.646722Z  INFO scan_sources: tailwindcss_oxide::scanner: Discovering "/Users/rod/DevOps/ReportMate/apps/www/.git"
2025-07-09T17:09:40.646833Z  INFO scan_sources: tailwindcss_oxide::scanner: Discovering "/Users/rod/DevOps/ReportMate/apps/www/e2e"
2025-07-09T17:09:40.646873Z  INFO scan_sources: tailwindcss_oxide::scanner: Discovering "/Users/rod/DevOps/ReportMate/apps/www/e2e/dashboard.spec.ts"
2025-07-09T17:09:40.646885Z  INFO scan_sources: tailwindcss_oxide::scanner: Discovering "/Users/rod/DevOps/ReportMate/apps/www/postcss.config.js"
2025-07-09T17:09:40.646892Z  INFO scan_sources: tailwindcss_oxide::scanner: Discovering "/Users/rod/DevOps/ReportMate/apps/www/.eslintrc.json"
2025-07-09T17:09:40.646967Z  INFO scan_sources: tailwindcss_oxide::scanner: Discovering "/Users/rod/DevOps/ReportMate/apps/www/src"
2025-07-09T17:09:40.647128Z  INFO scan_sources: tailwindcss_oxide::scanner: Discovering "/Users/rod/DevOps/ReportMate/apps/www/src/app"
2025-07-09T17:09:40.647335Z  INFO scan_sources: tailwindcss_oxide::scanner: Discovering "/Users/rod/DevOps/ReportMate/apps/www/src/app/api"
2025-07-09T17:09:40.647412Z  INFO scan_sources: tailwindcss_oxide::scanner: Discovering "/Users/rod/DevOps/ReportMate/apps/www/src/app/api/modules"
2025-07-09T17:09:40.647466Z  INFO scan_sources: tailwindcss_oxide::scanner: Discovering "/Users/rod/DevOps/ReportMate/apps/www/src/app/api/modules/route.ts"
2025-07-09T17:09:40.647606Z  INFO scan_sources: tailwindcss_oxide::scanner: Discovering "/Users/rod/DevOps/ReportMate/apps/www/src/components"
2025-07-09T17:09:40.647662Z  INFO scan_sources: tailwindcss_oxide::scanner: Discovering "/Users/rod/DevOps/ReportMate/apps/www/src/components/theme-provider.tsx"
2025-07-09T17:09:40.647796Z  INFO scan_sources: tailwindcss_oxide::scanner: Discovering "/Users/rod/DevOps/ReportMate/apps/www/src/components/tables"
2025-07-09T17:09:40.647865Z  INFO scan_sources: tailwindcss_oxide::scanner: Discovering "/Users/rod/DevOps/ReportMate/apps/www/src/components/tables/ApplicationsTable.tsx"
2025-07-09T17:09:40.647875Z  INFO scan_sources: tailwindcss_oxide::scanner: Discovering "/Users/rod/DevOps/ReportMate/apps/www/src/components/tables/SecurityCard.tsx"
2025-07-09T17:09:40.647883Z  INFO scan_sources: tailwindcss_oxide::scanner: Discovering "/Users/rod/DevOps/ReportMate/apps/www/src/components/tables/NetworkTable.tsx"
2025-07-09T17:09:40.647890Z  INFO scan_sources: tailwindcss_oxide::scanner: Discovering "/Users/rod/DevOps/ReportMate/apps/www/src/components/tables/index.ts"
2025-07-09T17:09:40.647898Z  INFO scan_sources: tailwindcss_oxide::scanner: Discovering "/Users/rod/DevOps/ReportMate/apps/www/src/components/tables/ManagedInstallsTable.tsx"
2025-07-09T17:09:40.647914Z  INFO scan_sources: tailwindcss_oxide::scanner: Discovering "/Users/rod/DevOps/ReportMate/apps/www/src/components/DeviceEventsSimple.tsx"
2025-07-09T17:09:40.647926Z  INFO scan_sources: tailwindcss_oxide::scanner: Discovering "/Users/rod/DevOps/ReportMate/apps/www/src/components/ModuleManager.tsx"
2025-07-09T17:09:40.647936Z  INFO scan_sources: tailwindcss_oxide::scanner: Discovering "/Users/rod/DevOps/ReportMate/apps/www/src/components/DeviceEvents.tsx"
2025-07-09T17:09:40.648243Z  INFO scan_sources: tailwindcss_oxide::scanner: Discovering "/Users/rod/DevOps/ReportMate/apps/www/src/components/widgets"
2025-07-09T17:09:40.648293Z  INFO scan_sources: tailwindcss_oxide::scanner: Discovering "/Users/rod/DevOps/ReportMate/apps/www/src/components/widgets/MDM.tsx"
2025-07-09T17:09:40.648312Z  INFO scan_sources: tailwindcss_oxide::scanner: Discovering "/Users/rod/DevOps/ReportMate/apps/www/src/components/ErrorBoundary.tsx"
2025-07-09T17:09:40.648410Z  INFO scan_sources: tailwindcss_oxide::scanner: Discovering "/Users/rod/DevOps/ReportMate/apps/www/src/lib"
2025-07-09T17:09:40.648464Z  INFO scan_sources: tailwindcss_oxide::scanner: Discovering "/Users/rod/DevOps/ReportMate/apps/www/src/lib/prisma.ts"
2025-07-09T17:09:40.648472Z  INFO scan_sources: tailwindcss_oxide::scanner: Discovering "/Users/rod/DevOps/ReportMate/apps/www/src/lib/signalr-new.ts"
2025-07-09T17:09:40.648480Z  INFO scan_sources: tailwindcss_oxide::scanner: Discovering "/Users/rod/DevOps/ReportMate/apps/www/src/lib/polling.ts"
2025-07-09T17:09:40.648488Z  INFO scan_sources: tailwindcss_oxide::scanner: Discovering "/Users/rod/DevOps/ReportMate/apps/www/src/lib/utils.ts"
2025-07-09T17:09:40.648495Z  INFO scan_sources: tailwindcss_oxide::scanner: Discovering "/Users/rod/DevOps/ReportMate/apps/www/src/lib/signalr-old.ts"
2025-07-09T17:09:40.648502Z  INFO scan_sources: tailwindcss_oxide::scanner: Discovering "/Users/rod/DevOps/ReportMate/apps/www/src/lib/signalr.ts"
2025-07-09T17:09:40.648587Z  INFO scan_sources: tailwindcss_oxide::scanner: Discovering "/Users/rod/DevOps/ReportMate/apps/www/src/lib/modules"
2025-07-09T17:09:40.648706Z  INFO scan_sources: tailwindcss_oxide::scanner: Discovering "/Users/rod/DevOps/ReportMate/apps/www/src/lib/modules/core"
2025-07-09T17:09:40.648773Z  INFO scan_sources: tailwindcss_oxide::scanner: Discovering "/Users/rod/DevOps/ReportMate/apps/www/src/lib/modules/core/DeviceInfoModule.tsx"
2025-07-09T17:09:40.648784Z  INFO scan_sources: tailwindcss_oxide::scanner: Discovering "/Users/rod/DevOps/ReportMate/apps/www/src/lib/modules/core/EventsModule.tsx"
2025-07-09T17:09:40.648796Z  INFO scan_sources: tailwindcss_oxide::scanner: Discovering "/Users/rod/DevOps/ReportMate/apps/www/src/lib/modules/EnhancedModule.ts"
2025-07-09T17:09:40.648804Z  INFO scan_sources: tailwindcss_oxide::scanner: Discovering "/Users/rod/DevOps/ReportMate/apps/www/src/lib/modules/ModuleRegistry.ts"
2025-07-09T17:09:40.648814Z  INFO scan_sources: tailwindcss_oxide::scanner: Discovering "/Users/rod/DevOps/ReportMate/apps/www/src/lib/modules/ModularDeviceLayout.tsx"
2025-07-09T17:09:40.648823Z  INFO scan_sources: tailwindcss_oxide::scanner: Discovering "/Users/rod/DevOps/ReportMate/apps/www/src/lib/modules/DynamicModuleLoader-new.ts"
2025-07-09T17:09:40.648831Z  INFO scan_sources: tailwindcss_oxide::scanner: Discovering "/Users/rod/DevOps/ReportMate/apps/www/src/lib/modules/BaseModule.ts"
2025-07-09T17:09:40.648838Z  INFO scan_sources: tailwindcss_oxide::scanner: Discovering "/Users/rod/DevOps/ReportMate/apps/www/src/lib/modules/DynamicModuleLoader.ts"
2025-07-09T17:09:40.648852Z  INFO scan_sources: tailwindcss_oxide::scanner: Discovering "/Users/rod/DevOps/ReportMate/apps/www/src/lib/modules/widgets"
2025-07-09T17:09:40.648916Z  INFO scan_sources: tailwindcss_oxide::scanner: Discovering "/Users/rod/DevOps/ReportMate/apps/www/src/lib/modules/widgets/MDMModule.tsx"
2025-07-09T17:09:40.648925Z  INFO scan_sources: tailwindcss_oxide::scanner: Discovering "/Users/rod/DevOps/ReportMate/apps/www/src/lib/modules/widgets/EventsModule.tsx"
2025-07-09T17:09:40.648933Z  INFO scan_sources: tailwindcss_oxide::scanner: Discovering "/Users/rod/DevOps/ReportMate/apps/www/src/lib/modules/widgets/OSVersionWidget.tsx"
2025-07-09T17:09:40.648941Z  INFO scan_sources: tailwindcss_oxide::scanner: Discovering "/Users/rod/DevOps/ReportMate/apps/www/src/lib/modules/widgets/ApplicationsModule.tsx"
2025-07-09T17:09:40.648949Z  INFO scan_sources: tailwindcss_oxide::scanner: Discovering "/Users/rod/DevOps/ReportMate/apps/www/src/lib/modules/widgets/NetworkModuleWidget.tsx"
2025-07-09T17:09:40.648956Z  INFO scan_sources: tailwindcss_oxide::scanner: Discovering "/Users/rod/DevOps/ReportMate/apps/www/src/lib/modules/widgets/DashboardStats.tsx"
2025-07-09T17:09:40.648964Z  INFO scan_sources: tailwindcss_oxide::scanner: Discovering "/Users/rod/DevOps/ReportMate/apps/www/src/lib/modules/widgets/HardwareModule.tsx"
2025-07-09T17:09:40.648972Z  INFO scan_sources: tailwindcss_oxide::scanner: Discovering "/Users/rod/DevOps/ReportMate/apps/www/src/lib/modules/widgets/ConnectionStatusWidget.tsx"
2025-07-09T17:09:40.648980Z  INFO scan_sources: tailwindcss_oxide::scanner: Discovering "/Users/rod/DevOps/ReportMate/apps/www/src/lib/modules/widgets/NewClientsWidget.tsx"
2025-07-09T17:09:40.648987Z  INFO scan_sources: tailwindcss_oxide::scanner: Discovering "/Users/rod/DevOps/ReportMate/apps/www/src/lib/modules/widgets/SecurityModule.tsx"
2025-07-09T17:09:40.648997Z  INFO scan_sources: tailwindcss_oxide::scanner: Discovering "/Users/rod/DevOps/ReportMate/apps/www/src/lib/modules/widgets/ManagedInstallsModule.tsx"
2025-07-09T17:09:40.649005Z  INFO scan_sources: tailwindcss_oxide::scanner: Discovering "/Users/rod/DevOps/ReportMate/apps/www/src/lib/modules/widgets/NetworkModule.tsx"
2025-07-09T17:09:40.649013Z  INFO scan_sources: tailwindcss_oxide::scanner: Discovering "/Users/rod/DevOps/ReportMate/apps/www/src/lib/modules/widgets/RecentEventsWidget.tsx"
2025-07-09T17:09:40.649028Z  INFO scan_sources: tailwindcss_oxide::scanner: Discovering "/Users/rod/DevOps/ReportMate/apps/www/src/lib/modules/ModuleInit.ts"
2025-07-09T17:09:40.649039Z  INFO scan_sources: tailwindcss_oxide::scanner: Discovering "/Users/rod/DevOps/ReportMate/apps/www/src/lib/db.ts"
2025-07-09T17:09:40.649051Z  INFO scan_sources: tailwindcss_oxide::scanner: Discovering "/Users/rod/DevOps/ReportMate/apps/www/src/lib/time.ts"
2025-07-09T17:09:40.649226Z  INFO scan_sources: tailwindcss_oxide::scanner: Discovering "/Users/rod/DevOps/ReportMate/apps/www/src/api"
2025-07-09T17:09:40.649427Z  INFO scan_sources: tailwindcss_oxide::scanner: Discovering "/Users/rod/DevOps/ReportMate/apps/www/src/api/business-units"
2025-07-09T17:09:40.649483Z  INFO scan_sources: tailwindcss_oxide::scanner: Discovering "/Users/rod/DevOps/ReportMate/apps/www/src/api/business-units/[id].ts"
2025-07-09T17:09:40.649646Z  INFO scan_sources: tailwindcss_oxide::scanner: Discovering "/Users/rod/DevOps/ReportMate/apps/www/src/api/machine-groups"
2025-07-09T17:09:40.649695Z  INFO scan_sources: tailwindcss_oxide::scanner: Discovering "/Users/rod/DevOps/ReportMate/apps/www/src/api/machine-groups/[id].ts"
2025-07-09T17:09:40.649703Z  INFO scan_sources: tailwindcss_oxide::scanner: Discovering "/Users/rod/DevOps/ReportMate/apps/www/src/api/machine-groups/generate-passphrase.ts"
2025-07-09T17:09:40.649713Z  INFO scan_sources: tailwindcss_oxide::scanner: Discovering "/Users/rod/DevOps/ReportMate/apps/www/src/api/business-units.ts"
2025-07-09T17:09:40.649719Z  INFO scan_sources: tailwindcss_oxide::scanner: Discovering "/Users/rod/DevOps/ReportMate/apps/www/src/api/machine-groups.ts"
2025-07-09T17:09:40.649774Z  INFO scan_sources: tailwindcss_oxide::scanner: exit
2025-07-09T17:09:40.649781Z  INFO extract_candidates: tailwindcss_oxide::scanner: enter
2025-07-09T17:09:40.649784Z  INFO extract_candidates:read_all_files: tailwindcss_oxide::scanner: enter
2025-07-09T17:09:40.649787Z  INFO extract_candidates:read_all_files: tailwindcss_oxide::scanner: Reading 95 file(s)
2025-07-09T17:09:40.649995Z  INFO tailwindcss_oxide::scanner: Reading "/Users/rod/DevOps/ReportMate/apps/www/src/components/ErrorBoundary.tsx"
2025-07-09T17:09:40.650027Z  INFO tailwindcss_oxide::scanner: Reading "/Users/rod/DevOps/ReportMate/apps/www/src/lib/signalr.ts"
2025-07-09T17:09:40.650156Z  INFO tailwindcss_oxide::scanner: Reading "/Users/rod/DevOps/ReportMate/apps/www/src/lib/prisma.ts"
2025-07-09T17:09:40.650161Z  INFO tailwindcss_oxide::scanner: Reading "/Users/rod/DevOps/ReportMate/apps/www/src/lib/polling.ts"
2025-07-09T17:09:40.650169Z  INFO tailwindcss_oxide::scanner: Reading "/Users/rod/DevOps/ReportMate/apps/www/src/components/tables/index.ts"
2025-07-09T17:09:40.650170Z  INFO tailwindcss_oxide::scanner: Reading "/Users/rod/DevOps/ReportMate/apps/www/src/lib/modules/DynamicModuleLoader-new.ts"
2025-07-09T17:09:40.650200Z  INFO tailwindcss_oxide::scanner: Reading "/Users/rod/DevOps/ReportMate/apps/www/src/lib/signalr-new.ts"
2025-07-09T17:09:40.650202Z  INFO tailwindcss_oxide::scanner: Reading "/Users/rod/DevOps/ReportMate/apps/www/src/components/tables/ManagedInstallsTable.tsx"
2025-07-09T17:09:40.650212Z  INFO tailwindcss_oxide::scanner: Reading "/Users/rod/DevOps/ReportMate/apps/www/.env.local.example"
2025-07-09T17:09:40.650221Z  INFO tailwindcss_oxide::scanner: Reading "/Users/rod/DevOps/ReportMate/apps/www/src/lib/time.ts"
2025-07-09T17:09:40.650230Z  INFO tailwindcss_oxide::scanner: Reading "/Users/rod/DevOps/ReportMate/apps/www/src/components/DeviceEventsSimple.tsx"
2025-07-09T17:09:40.650202Z  INFO tailwindcss_oxide::scanner: Reading "/Users/rod/DevOps/ReportMate/apps/www/src/lib/utils.ts"
2025-07-09T17:09:40.650231Z  INFO tailwindcss_oxide::scanner: Reading "/Users/rod/DevOps/ReportMate/apps/www/src/lib/modules/BaseModule.ts"
2025-07-09T17:09:40.650245Z  INFO tailwindcss_oxide::scanner: Reading "/Users/rod/DevOps/ReportMate/apps/www/src/api/business-units/[id].ts"
2025-07-09T17:09:40.650251Z  INFO tailwindcss_oxide::scanner: Reading "/Users/rod/DevOps/ReportMate/apps/www/src/components/ModuleManager.tsx"
2025-07-09T17:09:40.650253Z  INFO tailwindcss_oxide::scanner: Reading "/Users/rod/DevOps/ReportMate/apps/www/src/lib/signalr-old.ts"
2025-07-09T17:09:40.650230Z  INFO tailwindcss_oxide::scanner: Reading "/Users/rod/DevOps/ReportMate/apps/www/.eslintrc.json"
2025-07-09T17:09:40.650270Z  INFO tailwindcss_oxide::scanner: Reading "/Users/rod/DevOps/ReportMate/apps/www/src/components/DeviceEvents.tsx"
2025-07-09T17:09:40.650266Z  INFO tailwindcss_oxide::scanner: Reading "/Users/rod/DevOps/ReportMate/apps/www/src/api/machine-groups/[id].ts"
2025-07-09T17:09:40.650297Z  INFO tailwindcss_oxide::scanner: Reading "/Users/rod/DevOps/ReportMate/apps/www/app/events/page.tsx"
2025-07-09T17:09:40.650316Z  INFO tailwindcss_oxide::scanner: Reading "/Users/rod/DevOps/ReportMate/apps/www/src/api/machine-groups/generate-passphrase.ts"
2025-07-09T17:09:40.650377Z  INFO tailwindcss_oxide::scanner: Reading "/Users/rod/DevOps/ReportMate/apps/www/Dockerfile"
2025-07-09T17:09:40.650380Z  INFO tailwindcss_oxide::scanner: Reading "/Users/rod/DevOps/ReportMate/apps/www/src/components/widgets/MDM.tsx"
2025-07-09T17:09:40.650411Z  INFO tailwindcss_oxide::scanner: Reading "/Users/rod/DevOps/ReportMate/apps/www/src/lib/modules/widgets/ApplicationsModule.tsx"
2025-07-09T17:09:40.650468Z  INFO tailwindcss_oxide::scanner: Reading "/Users/rod/DevOps/ReportMate/apps/www/src/lib/modules/widgets/SecurityModule.tsx"
2025-07-09T17:09:40.650497Z  INFO tailwindcss_oxide::scanner: Reading "/Users/rod/DevOps/ReportMate/apps/www/app/api/events/route.ts"
2025-07-09T17:09:40.650512Z  INFO tailwindcss_oxide::scanner: Reading "/Users/rod/DevOps/ReportMate/apps/www/app/settings/page.tsx"
2025-07-09T17:09:40.650593Z  INFO tailwindcss_oxide::scanner: Reading "/Users/rod/DevOps/ReportMate/apps/www/app/modules/page.tsx"
2025-07-09T17:09:40.650609Z  INFO tailwindcss_oxide::scanner: Reading "/Users/rod/DevOps/ReportMate/apps/www/src/api/business-units.ts"
2025-07-09T17:09:40.650672Z  INFO tailwindcss_oxide::scanner: Reading "/Users/rod/DevOps/ReportMate/apps/www/app/device/[deviceId]/page.tsx"
2025-07-09T17:09:40.650679Z  INFO tailwindcss_oxide::scanner: Reading "/Users/rod/DevOps/ReportMate/apps/www/src/lib/modules/DynamicModuleLoader.ts"
2025-07-09T17:09:40.650690Z  INFO tailwindcss_oxide::scanner: Reading "/Users/rod/DevOps/ReportMate/apps/www/src/lib/modules/EnhancedModule.ts"
2025-07-09T17:09:40.650694Z  INFO tailwindcss_oxide::scanner: Reading "/Users/rod/DevOps/ReportMate/apps/www/src/app/api/modules/route.ts"
2025-07-09T17:09:40.650773Z  INFO tailwindcss_oxide::scanner: Reading "/Users/rod/DevOps/ReportMate/apps/www/next.config.mjs"
2025-07-09T17:09:40.650802Z  INFO tailwindcss_oxide::scanner: Reading "/Users/rod/DevOps/ReportMate/apps/www/app/devices/page.tsx"
2025-07-09T17:09:40.650876Z  INFO tailwindcss_oxide::scanner: Reading "/Users/rod/DevOps/ReportMate/apps/www/app/api/devices/route.ts"
2025-07-09T17:09:40.650967Z  INFO tailwindcss_oxide::scanner: Reading "/Users/rod/DevOps/ReportMate/apps/www/src/lib/modules/widgets/ManagedInstallsModule.tsx"
2025-07-09T17:09:40.650993Z  INFO tailwindcss_oxide::scanner: Reading "/Users/rod/DevOps/ReportMate/apps/www/src/lib/modules/core/DeviceInfoModule.tsx"
2025-07-09T17:09:40.651043Z  INFO tailwindcss_oxide::scanner: Reading "/Users/rod/DevOps/ReportMate/apps/www/app/device-modular/[deviceId]/page.tsx"
2025-07-09T17:09:40.651056Z  INFO tailwindcss_oxide::scanner: Reading "/Users/rod/DevOps/ReportMate/apps/www/src/lib/modules/widgets/NetworkModuleWidget.tsx"
2025-07-09T17:09:40.651221Z  INFO tailwindcss_oxide::scanner: Reading "/Users/rod/DevOps/ReportMate/apps/www/LICENSE"
2025-07-09T17:09:40.652376Z  INFO tailwindcss_oxide::scanner: Reading "/Users/rod/DevOps/ReportMate/apps/www/app/page.tsx"
2025-07-09T17:09:40.652545Z  INFO tailwindcss_oxide::scanner: Reading "/Users/rod/DevOps/ReportMate/apps/www/src/api/machine-groups.ts"
2025-07-09T17:09:40.653475Z  INFO tailwindcss_oxide::scanner: Reading "/Users/rod/DevOps/ReportMate/apps/www/app/device/list/page.tsx"
2025-07-09T17:09:40.653751Z  INFO tailwindcss_oxide::scanner: Reading "/Users/rod/DevOps/ReportMate/apps/www/src/lib/modules/widgets/MDMModule.tsx"
2025-07-09T17:09:40.654164Z  INFO tailwindcss_oxide::scanner: Reading "/Users/rod/DevOps/ReportMate/apps/www/src/lib/modules/ModuleRegistry.ts"
2025-07-09T17:09:40.654174Z  INFO tailwindcss_oxide::scanner: Reading "/Users/rod/DevOps/ReportMate/apps/www/src/components/theme-provider.tsx"
2025-07-09T17:09:40.654277Z  INFO tailwindcss_oxide::scanner: Reading "/Users/rod/DevOps/ReportMate/apps/www/jest.config.js"
2025-07-09T17:09:40.654299Z  INFO tailwindcss_oxide::scanner: Reading "/Users/rod/DevOps/ReportMate/apps/www/src/components/tables/ApplicationsTable.tsx"
2025-07-09T17:09:40.654315Z  INFO tailwindcss_oxide::scanner: Reading "/Users/rod/DevOps/ReportMate/apps/www/src/components/tables/SecurityCard.tsx"
2025-07-09T17:09:40.654330Z  INFO tailwindcss_oxide::scanner: Reading "/Users/rod/DevOps/ReportMate/apps/www/src/components/tables/NetworkTable.tsx"
2025-07-09T17:09:40.654408Z  INFO tailwindcss_oxide::scanner: Reading "/Users/rod/DevOps/ReportMate/apps/www/src/lib/modules/widgets/RecentEventsWidget.tsx"
2025-07-09T17:09:40.654532Z  INFO tailwindcss_oxide::scanner: Reading "/Users/rod/DevOps/ReportMate/apps/www/app/api/debug/route.ts"
2025-07-09T17:09:40.655169Z  INFO tailwindcss_oxide::scanner: Reading "/Users/rod/DevOps/ReportMate/apps/www/src/lib/modules/widgets/NetworkModule.tsx"
2025-07-09T17:09:40.655504Z  INFO tailwindcss_oxide::scanner: Reading "/Users/rod/DevOps/ReportMate/apps/www/src/lib/modules/core/EventsModule.tsx"
2025-07-09T17:09:40.655607Z  INFO tailwindcss_oxide::scanner: Reading "/Users/rod/DevOps/ReportMate/apps/www/app/dashboard/page-static-backup.tsx"
2025-07-09T17:09:40.655709Z  INFO tailwindcss_oxide::scanner: Reading "/Users/rod/DevOps/ReportMate/apps/www/src/lib/modules/widgets/DashboardStats.tsx"
2025-07-09T17:09:40.655958Z  INFO tailwindcss_oxide::scanner: Reading "/Users/rod/DevOps/ReportMate/apps/www/jest.setup.js"
2025-07-09T17:09:40.656368Z  INFO tailwindcss_oxide::scanner: Reading "/Users/rod/DevOps/ReportMate/apps/www/app/device/page.tsx"
2025-07-09T17:09:40.656385Z  INFO tailwindcss_oxide::scanner: Reading "/Users/rod/DevOps/ReportMate/apps/www/app/dashboard/hooks.ts"
2025-07-09T17:09:40.656454Z  INFO tailwindcss_oxide::scanner: Reading "/Users/rod/DevOps/ReportMate/apps/www/src/lib/modules/ModularDeviceLayout.tsx"
2025-07-09T17:09:40.656645Z  INFO tailwindcss_oxide::scanner: Reading "/Users/rod/DevOps/ReportMate/apps/www/src/lib/modules/widgets/EventsModule.tsx"
2025-07-09T17:09:40.656980Z  INFO tailwindcss_oxide::scanner: Reading "/Users/rod/DevOps/ReportMate/apps/www/app/layout.tsx"
2025-07-09T17:09:40.657365Z  INFO tailwindcss_oxide::scanner: Reading "/Users/rod/DevOps/ReportMate/apps/www/app/api/device/[deviceId]/route.ts"
2025-07-09T17:09:40.657395Z  INFO tailwindcss_oxide::scanner: Reading "/Users/rod/DevOps/ReportMate/apps/www/prisma/schema.prisma"
2025-07-09T17:09:40.657424Z  INFO tailwindcss_oxide::scanner: Reading "/Users/rod/DevOps/ReportMate/apps/www/app/api/device/route.ts"
2025-07-09T17:09:40.657484Z  INFO tailwindcss_oxide::scanner: Reading "/Users/rod/DevOps/ReportMate/apps/www/app/device-new/[deviceId]/page.tsx"
2025-07-09T17:09:40.657518Z  INFO tailwindcss_oxide::scanner: Reading "/Users/rod/DevOps/ReportMate/apps/www/src/lib/modules/ModuleInit.ts"
2025-07-09T17:09:40.657556Z  INFO tailwindcss_oxide::scanner: Reading "/Users/rod/DevOps/ReportMate/apps/www/src/lib/modules/widgets/HardwareModule.tsx"
2025-07-09T17:09:40.657588Z  INFO tailwindcss_oxide::scanner: Reading "/Users/rod/DevOps/ReportMate/apps/www/app/dashboard/page.tsx"
2025-07-09T17:09:40.657603Z  INFO tailwindcss_oxide::scanner: Reading "/Users/rod/DevOps/ReportMate/apps/www/.git"
2025-07-09T17:09:40.657696Z  INFO tailwindcss_oxide::scanner: Reading "/Users/rod/DevOps/ReportMate/apps/www/src/lib/modules/widgets/ConnectionStatusWidget.tsx"
2025-07-09T17:09:40.657753Z  INFO tailwindcss_oxide::scanner: Reading "/Users/rod/DevOps/ReportMate/apps/www/app/api-test/page.tsx"
2025-07-09T17:09:40.657865Z  INFO tailwindcss_oxide::scanner: Reading "/Users/rod/DevOps/ReportMate/apps/www/src/lib/db.ts"
2025-07-09T17:09:40.657877Z  INFO tailwindcss_oxide::scanner: Reading "/Users/rod/DevOps/ReportMate/apps/www/src/lib/modules/widgets/OSVersionWidget.tsx"
2025-07-09T17:09:40.657901Z  INFO tailwindcss_oxide::scanner: Reading "/Users/rod/DevOps/ReportMate/apps/www/tailwind.config.ts"
2025-07-09T17:09:40.657923Z  INFO tailwindcss_oxide::scanner: Reading "/Users/rod/DevOps/ReportMate/apps/www/scripts/import-production-data.sh"
2025-07-09T17:09:40.657939Z  INFO tailwindcss_oxide::scanner: Reading "/Users/rod/DevOps/ReportMate/apps/www/package.json"
2025-07-09T17:09:40.657946Z  INFO tailwindcss_oxide::scanner: Reading "/Users/rod/DevOps/ReportMate/apps/www/src/lib/modules/widgets/NewClientsWidget.tsx"
2025-07-09T17:09:40.658015Z  INFO tailwindcss_oxide::scanner: Reading "/Users/rod/DevOps/ReportMate/apps/www/package.test.json"
2025-07-09T17:09:40.658108Z  INFO tailwindcss_oxide::scanner: Reading "/Users/rod/DevOps/ReportMate/apps/www/scripts/import-production-data.ps1"
2025-07-09T17:09:40.658166Z  INFO tailwindcss_oxide::scanner: Reading "/Users/rod/DevOps/ReportMate/apps/www/.dockerignore"
2025-07-09T17:09:40.658200Z  INFO tailwindcss_oxide::scanner: Reading "/Users/rod/DevOps/ReportMate/apps/www/README.md"
2025-07-09T17:09:40.658201Z  INFO tailwindcss_oxide::scanner: Reading "/Users/rod/DevOps/ReportMate/apps/www/__tests__/api/devices.test.ts"
2025-07-09T17:09:40.658240Z  INFO tailwindcss_oxide::scanner: Reading "/Users/rod/DevOps/ReportMate/apps/www/scripts/test-db-connection.js"
2025-07-09T17:09:40.658672Z  INFO tailwindcss_oxide::scanner: Reading "/Users/rod/DevOps/ReportMate/apps/www/e2e/dashboard.spec.ts"
2025-07-09T17:09:40.659100Z  INFO tailwindcss_oxide::scanner: Reading "/Users/rod/DevOps/ReportMate/apps/www/postcss.config.js"
2025-07-09T17:09:40.659212Z  INFO tailwindcss_oxide::scanner: Reading "/Users/rod/DevOps/ReportMate/apps/www/tsconfig.json"
2025-07-09T17:09:40.659267Z  INFO tailwindcss_oxide::scanner: Reading "/Users/rod/DevOps/ReportMate/apps/www/init-prod-db.js"
2025-07-09T17:09:40.659283Z  INFO tailwindcss_oxide::scanner: Reading "/Users/rod/DevOps/ReportMate/apps/www/__tests__/unit/DeviceCard.test.tsx"
2025-07-09T17:09:40.659431Z  INFO tailwindcss_oxide::scanner: Reading "/Users/rod/DevOps/ReportMate/apps/www/scripts/inject-test-data.js"
2025-07-09T17:09:40.659803Z  INFO tailwindcss_oxide::scanner: Reading "/Users/rod/DevOps/ReportMate/apps/www/playwright.config.ts"
2025-07-09T17:09:40.659983Z  INFO tailwindcss_oxide::scanner: Reading "/Users/rod/DevOps/ReportMate/apps/www/scripts/generate-large-payloads.js"
2025-07-09T17:09:40.660870Z  INFO tailwindcss_oxide::scanner: Reading "/Users/rod/DevOps/ReportMate/apps/www/scripts/inject-large-payloads.sql"
2025-07-09T17:09:40.661440Z  INFO tailwindcss_oxide::scanner: Reading "/Users/rod/DevOps/ReportMate/apps/www/scripts/large-test-payloads.json"
2025-07-09T17:09:40.665564Z  INFO extract_candidates:read_all_files: tailwindcss_oxide::scanner: exit
2025-07-09T17:09:40.665576Z  INFO extract_candidates:parse_all_blobs: tailwindcss_oxide::scanner: enter
2025-07-09T17:09:40.665580Z  INFO extract_candidates:parse_all_blobs:extract: tailwindcss_oxide::scanner: enter
2025-07-09T17:09:40.675069Z  INFO extract_candidates:parse_all_blobs:extract: tailwindcss_oxide::scanner: exit
2025-07-09T17:09:40.675291Z  INFO extract_candidates:parse_all_blobs: tailwindcss_oxide::scanner: exit
2025-07-09T17:09:40.675297Z  INFO extract_candidates:read_all_files: tailwindcss_oxide::scanner: enter
2025-07-09T17:09:40.675300Z  INFO extract_candidates:read_all_files: tailwindcss_oxide::scanner: Reading 1 file(s)
2025-07-09T17:09:40.675675Z  INFO extract_candidates:read_all_files: tailwindcss_oxide::scanner: Reading "/Users/rod/DevOps/ReportMate/apps/www/app/globals.css"
2025-07-09T17:09:40.675680Z  INFO extract_candidates:read_all_files: tailwindcss_oxide::scanner: exit
2025-07-09T17:09:40.675683Z  INFO extract_candidates:extract_css_variables: tailwindcss_oxide::scanner: enter
2025-07-09T17:09:40.675685Z  INFO extract_candidates:extract_css_variables:extract: tailwindcss_oxide::scanner: enter
2025-07-09T17:09:40.675819Z  INFO extract_candidates:extract_css_variables:extract: tailwindcss_oxide::scanner: exit
2025-07-09T17:09:40.675823Z  INFO extract_candidates:extract_css_variables: tailwindcss_oxide::scanner: exit
2025-07-09T17:09:40.676274Z  INFO extract_candidates: tailwindcss_oxide::scanner: exit
2025-07-09T17:09:40.676940Z  INFO get_files: tailwindcss_oxide::scanner: enter
2025-07-09T17:09:40.676944Z  INFO get_files:scan_sources: tailwindcss_oxide::scanner: enter
2025-07-09T17:09:40.677567Z  INFO get_files:scan_sources: tailwindcss_oxide::scanner: Discovering "/Users/rod/DevOps/ReportMate/apps/www/app"
2025-07-09T17:09:40.677641Z  INFO get_files:scan_sources: tailwindcss_oxide::scanner: Discovering "/Users/rod/DevOps/ReportMate/apps/www/app/settings"
2025-07-09T17:09:40.677718Z  INFO get_files:scan_sources: tailwindcss_oxide::scanner: Discovering "/Users/rod/DevOps/ReportMate/apps/www/app/device-modular"
2025-07-09T17:09:40.677919Z  INFO get_files:scan_sources: tailwindcss_oxide::scanner: Discovering "/Users/rod/DevOps/ReportMate/apps/www/app/device-modular/[deviceId]"
2025-07-09T17:09:40.678001Z  INFO get_files:scan_sources: tailwindcss_oxide::scanner: Discovering "/Users/rod/DevOps/ReportMate/apps/www/app/dashboard"
2025-07-09T17:09:40.678084Z  INFO get_files:scan_sources: tailwindcss_oxide::scanner: Discovering "/Users/rod/DevOps/ReportMate/apps/www/app/device-new"
2025-07-09T17:09:40.678262Z  INFO get_files:scan_sources: tailwindcss_oxide::scanner: Discovering "/Users/rod/DevOps/ReportMate/apps/www/app/device-new/[deviceId]"
2025-07-09T17:09:40.678337Z  INFO get_files:scan_sources: tailwindcss_oxide::scanner: Discovering "/Users/rod/DevOps/ReportMate/apps/www/app/api-test"
2025-07-09T17:09:40.678419Z  INFO get_files:scan_sources: tailwindcss_oxide::scanner: Discovering "/Users/rod/DevOps/ReportMate/apps/www/app/api"
2025-07-09T17:09:40.678599Z  INFO get_files:scan_sources: tailwindcss_oxide::scanner: Discovering "/Users/rod/DevOps/ReportMate/apps/www/app/api/events-internal"
2025-07-09T17:09:40.678804Z  INFO get_files:scan_sources: tailwindcss_oxide::scanner: Discovering "/Users/rod/DevOps/ReportMate/apps/www/app/api/negotiate-internal"
2025-07-09T17:09:40.678874Z  INFO get_files:scan_sources: tailwindcss_oxide::scanner: Discovering "/Users/rod/DevOps/ReportMate/apps/www/app/api/device"
2025-07-09T17:09:40.679152Z  INFO get_files:scan_sources: tailwindcss_oxide::scanner: Discovering "/Users/rod/DevOps/ReportMate/apps/www/app/api/device/[deviceId]"
2025-07-09T17:09:40.679353Z  INFO get_files:scan_sources: tailwindcss_oxide::scanner: Discovering "/Users/rod/DevOps/ReportMate/apps/www/app/api/devices-internal"
2025-07-09T17:09:40.679504Z  INFO get_files:scan_sources: tailwindcss_oxide::scanner: Discovering "/Users/rod/DevOps/ReportMate/apps/www/app/api/events"
2025-07-09T17:09:40.679570Z  INFO get_files:scan_sources: tailwindcss_oxide::scanner: Discovering "/Users/rod/DevOps/ReportMate/apps/www/app/api/devices"
2025-07-09T17:09:40.679635Z  INFO get_files:scan_sources: tailwindcss_oxide::scanner: Discovering "/Users/rod/DevOps/ReportMate/apps/www/app/api/debug"
2025-07-09T17:09:40.679697Z  INFO get_files:scan_sources: tailwindcss_oxide::scanner: Discovering "/Users/rod/DevOps/ReportMate/apps/www/app/device"
2025-07-09T17:09:40.679841Z  INFO get_files:scan_sources: tailwindcss_oxide::scanner: Discovering "/Users/rod/DevOps/ReportMate/apps/www/app/device/[deviceId]"
2025-07-09T17:09:40.679985Z  INFO get_files:scan_sources: tailwindcss_oxide::scanner: Discovering "/Users/rod/DevOps/ReportMate/apps/www/app/device/list"
2025-07-09T17:09:40.680065Z  INFO get_files:scan_sources: tailwindcss_oxide::scanner: Discovering "/Users/rod/DevOps/ReportMate/apps/www/app/events"
2025-07-09T17:09:40.680130Z  INFO get_files:scan_sources: tailwindcss_oxide::scanner: Discovering "/Users/rod/DevOps/ReportMate/apps/www/app/modules"
2025-07-09T17:09:40.680197Z  INFO get_files:scan_sources: tailwindcss_oxide::scanner: Discovering "/Users/rod/DevOps/ReportMate/apps/www/app/devices"
2025-07-09T17:09:40.680381Z  INFO get_files:scan_sources: tailwindcss_oxide::scanner: Discovering "/Users/rod/DevOps/ReportMate/apps/www/prisma"
2025-07-09T17:09:40.680496Z  INFO get_files:scan_sources: tailwindcss_oxide::scanner: Discovering "/Users/rod/DevOps/ReportMate/apps/www/public"
2025-07-09T17:09:40.680569Z  INFO get_files:scan_sources: tailwindcss_oxide::scanner: Discovering "/Users/rod/DevOps/ReportMate/apps/www/__tests__"
2025-07-09T17:09:40.680622Z  INFO get_files:scan_sources: tailwindcss_oxide::scanner: Discovering "/Users/rod/DevOps/ReportMate/apps/www/__tests__/unit"
2025-07-09T17:09:40.680702Z  INFO get_files:scan_sources: tailwindcss_oxide::scanner: Discovering "/Users/rod/DevOps/ReportMate/apps/www/__tests__/api"
2025-07-09T17:09:40.680796Z  INFO get_files:scan_sources: tailwindcss_oxide::scanner: Discovering "/Users/rod/DevOps/ReportMate/apps/www/scripts"
2025-07-09T17:09:40.680918Z  INFO get_files:scan_sources: tailwindcss_oxide::scanner: Discovering "/Users/rod/DevOps/ReportMate/apps/www/e2e"
2025-07-09T17:09:40.681007Z  INFO get_files:scan_sources: tailwindcss_oxide::scanner: Discovering "/Users/rod/DevOps/ReportMate/apps/www/src"
2025-07-09T17:09:40.681074Z  INFO get_files:scan_sources: tailwindcss_oxide::scanner: Discovering "/Users/rod/DevOps/ReportMate/apps/www/src/app"
2025-07-09T17:09:40.681142Z  INFO get_files:scan_sources: tailwindcss_oxide::scanner: Discovering "/Users/rod/DevOps/ReportMate/apps/www/src/app/api"
2025-07-09T17:09:40.681350Z  INFO get_files:scan_sources: tailwindcss_oxide::scanner: Discovering "/Users/rod/DevOps/ReportMate/apps/www/src/app/api/modules"
2025-07-09T17:09:40.681430Z  INFO get_files:scan_sources: tailwindcss_oxide::scanner: Discovering "/Users/rod/DevOps/ReportMate/apps/www/src/components"
2025-07-09T17:09:40.681504Z  INFO get_files:scan_sources: tailwindcss_oxide::scanner: Discovering "/Users/rod/DevOps/ReportMate/apps/www/src/components/tables"
2025-07-09T17:09:40.681604Z  INFO get_files:scan_sources: tailwindcss_oxide::scanner: Discovering "/Users/rod/DevOps/ReportMate/apps/www/src/components/widgets"
2025-07-09T17:09:40.681686Z  INFO get_files:scan_sources: tailwindcss_oxide::scanner: Discovering "/Users/rod/DevOps/ReportMate/apps/www/src/lib"
2025-07-09T17:09:40.681769Z  INFO get_files:scan_sources: tailwindcss_oxide::scanner: Discovering "/Users/rod/DevOps/ReportMate/apps/www/src/lib/modules"
2025-07-09T17:09:40.681827Z  INFO get_files:scan_sources: tailwindcss_oxide::scanner: Discovering "/Users/rod/DevOps/ReportMate/apps/www/src/lib/modules/core"
2025-07-09T17:09:40.682005Z  INFO get_files:scan_sources: tailwindcss_oxide::scanner: Discovering "/Users/rod/DevOps/ReportMate/apps/www/src/lib/modules/widgets"
2025-07-09T17:09:40.682138Z  INFO get_files:scan_sources: tailwindcss_oxide::scanner: Discovering "/Users/rod/DevOps/ReportMate/apps/www/src/api"
2025-07-09T17:09:40.682191Z  INFO get_files:scan_sources: tailwindcss_oxide::scanner: Discovering "/Users/rod/DevOps/ReportMate/apps/www/src/api/business-units"
2025-07-09T17:09:40.682251Z  INFO get_files:scan_sources: tailwindcss_oxide::scanner: Discovering "/Users/rod/DevOps/ReportMate/apps/www/src/api/machine-groups"
2025-07-09T17:09:40.682353Z  INFO get_files:scan_sources: tailwindcss_oxide::scanner: exit
2025-07-09T17:09:40.682514Z  INFO get_files: tailwindcss_oxide::scanner: exit
2025-07-09T17:09:40.682635Z  INFO get_globs: tailwindcss_oxide::scanner: enter
2025-07-09T17:09:40.682638Z  INFO get_globs:scan_sources: tailwindcss_oxide::scanner: enter
2025-07-09T17:09:40.683172Z  INFO get_globs:scan_sources: tailwindcss_oxide::scanner: Discovering "/Users/rod/DevOps/ReportMate/apps/www/app"
2025-07-09T17:09:40.683228Z  INFO get_globs:scan_sources: tailwindcss_oxide::scanner: Discovering "/Users/rod/DevOps/ReportMate/apps/www/app/settings"
2025-07-09T17:09:40.683293Z  INFO get_globs:scan_sources: tailwindcss_oxide::scanner: Discovering "/Users/rod/DevOps/ReportMate/apps/www/app/device-modular"
2025-07-09T17:09:40.683350Z  INFO get_globs:scan_sources: tailwindcss_oxide::scanner: Discovering "/Users/rod/DevOps/ReportMate/apps/www/app/device-modular/[deviceId]"
2025-07-09T17:09:40.683419Z  INFO get_globs:scan_sources: tailwindcss_oxide::scanner: Discovering "/Users/rod/DevOps/ReportMate/apps/www/app/dashboard"
2025-07-09T17:09:40.683498Z  INFO get_globs:scan_sources: tailwindcss_oxide::scanner: Discovering "/Users/rod/DevOps/ReportMate/apps/www/app/device-new"
2025-07-09T17:09:40.683558Z  INFO get_globs:scan_sources: tailwindcss_oxide::scanner: Discovering "/Users/rod/DevOps/ReportMate/apps/www/app/device-new/[deviceId]"
2025-07-09T17:09:40.683621Z  INFO get_globs:scan_sources: tailwindcss_oxide::scanner: Discovering "/Users/rod/DevOps/ReportMate/apps/www/app/api-test"
2025-07-09T17:09:40.683685Z  INFO get_globs:scan_sources: tailwindcss_oxide::scanner: Discovering "/Users/rod/DevOps/ReportMate/apps/www/app/api"
2025-07-09T17:09:40.683739Z  INFO get_globs:scan_sources: tailwindcss_oxide::scanner: Discovering "/Users/rod/DevOps/ReportMate/apps/www/app/api/events-internal"
2025-07-09T17:09:40.683798Z  INFO get_globs:scan_sources: tailwindcss_oxide::scanner: Discovering "/Users/rod/DevOps/ReportMate/apps/www/app/api/negotiate-internal"
2025-07-09T17:09:40.683856Z  INFO get_globs:scan_sources: tailwindcss_oxide::scanner: Discovering "/Users/rod/DevOps/ReportMate/apps/www/app/api/device"
2025-07-09T17:09:40.683917Z  INFO get_globs:scan_sources: tailwindcss_oxide::scanner: Discovering "/Users/rod/DevOps/ReportMate/apps/www/app/api/device/[deviceId]"
2025-07-09T17:09:40.683992Z  INFO get_globs:scan_sources: tailwindcss_oxide::scanner: Discovering "/Users/rod/DevOps/ReportMate/apps/www/app/api/devices-internal"
2025-07-09T17:09:40.684056Z  INFO get_globs:scan_sources: tailwindcss_oxide::scanner: Discovering "/Users/rod/DevOps/ReportMate/apps/www/app/api/events"
2025-07-09T17:09:40.684115Z  INFO get_globs:scan_sources: tailwindcss_oxide::scanner: Discovering "/Users/rod/DevOps/ReportMate/apps/www/app/api/devices"
2025-07-09T17:09:40.684174Z  INFO get_globs:scan_sources: tailwindcss_oxide::scanner: Discovering "/Users/rod/DevOps/ReportMate/apps/www/app/api/debug"
2025-07-09T17:09:40.684236Z  INFO get_globs:scan_sources: tailwindcss_oxide::scanner: Discovering "/Users/rod/DevOps/ReportMate/apps/www/app/device"
2025-07-09T17:09:40.684291Z  INFO get_globs:scan_sources: tailwindcss_oxide::scanner: Discovering "/Users/rod/DevOps/ReportMate/apps/www/app/device/[deviceId]"
2025-07-09T17:09:40.684355Z  INFO get_globs:scan_sources: tailwindcss_oxide::scanner: Discovering "/Users/rod/DevOps/ReportMate/apps/www/app/device/list"
2025-07-09T17:09:40.684425Z  INFO get_globs:scan_sources: tailwindcss_oxide::scanner: Discovering "/Users/rod/DevOps/ReportMate/apps/www/app/events"
2025-07-09T17:09:40.684484Z  INFO get_globs:scan_sources: tailwindcss_oxide::scanner: Discovering "/Users/rod/DevOps/ReportMate/apps/www/app/modules"
2025-07-09T17:09:40.684551Z  INFO get_globs:scan_sources: tailwindcss_oxide::scanner: Discovering "/Users/rod/DevOps/ReportMate/apps/www/app/devices"
2025-07-09T17:09:40.684648Z  INFO get_globs:scan_sources: tailwindcss_oxide::scanner: Discovering "/Users/rod/DevOps/ReportMate/apps/www/prisma"
2025-07-09T17:09:40.684739Z  INFO get_globs:scan_sources: tailwindcss_oxide::scanner: Discovering "/Users/rod/DevOps/ReportMate/apps/www/public"
2025-07-09T17:09:40.684803Z  INFO get_globs:scan_sources: tailwindcss_oxide::scanner: Discovering "/Users/rod/DevOps/ReportMate/apps/www/__tests__"
2025-07-09T17:09:40.684857Z  INFO get_globs:scan_sources: tailwindcss_oxide::scanner: Discovering "/Users/rod/DevOps/ReportMate/apps/www/__tests__/unit"
2025-07-09T17:09:40.684916Z  INFO get_globs:scan_sources: tailwindcss_oxide::scanner: Discovering "/Users/rod/DevOps/ReportMate/apps/www/__tests__/api"
2025-07-09T17:09:40.684990Z  INFO get_globs:scan_sources: tailwindcss_oxide::scanner: Discovering "/Users/rod/DevOps/ReportMate/apps/www/scripts"
2025-07-09T17:09:40.685081Z  INFO get_globs:scan_sources: tailwindcss_oxide::scanner: Discovering "/Users/rod/DevOps/ReportMate/apps/www/e2e"
2025-07-09T17:09:40.685147Z  INFO get_globs:scan_sources: tailwindcss_oxide::scanner: Discovering "/Users/rod/DevOps/ReportMate/apps/www/src"
2025-07-09T17:09:40.685199Z  INFO get_globs:scan_sources: tailwindcss_oxide::scanner: Discovering "/Users/rod/DevOps/ReportMate/apps/www/src/app"
2025-07-09T17:09:40.685258Z  INFO get_globs:scan_sources: tailwindcss_oxide::scanner: Discovering "/Users/rod/DevOps/ReportMate/apps/www/src/app/api"
2025-07-09T17:09:40.685311Z  INFO get_globs:scan_sources: tailwindcss_oxide::scanner: Discovering "/Users/rod/DevOps/ReportMate/apps/www/src/app/api/modules"
2025-07-09T17:09:40.685375Z  INFO get_globs:scan_sources: tailwindcss_oxide::scanner: Discovering "/Users/rod/DevOps/ReportMate/apps/www/src/components"
2025-07-09T17:09:40.685433Z  INFO get_globs:scan_sources: tailwindcss_oxide::scanner: Discovering "/Users/rod/DevOps/ReportMate/apps/www/src/components/tables"
2025-07-09T17:09:40.685512Z  INFO get_globs:scan_sources: tailwindcss_oxide::scanner: Discovering "/Users/rod/DevOps/ReportMate/apps/www/src/components/widgets"
2025-07-09T17:09:40.685579Z  INFO get_globs:scan_sources: tailwindcss_oxide::scanner: Discovering "/Users/rod/DevOps/ReportMate/apps/www/src/lib"
2025-07-09T17:09:40.685649Z  INFO get_globs:scan_sources: tailwindcss_oxide::scanner: Discovering "/Users/rod/DevOps/ReportMate/apps/www/src/lib/modules"
2025-07-09T17:09:40.685703Z  INFO get_globs:scan_sources: tailwindcss_oxide::scanner: Discovering "/Users/rod/DevOps/ReportMate/apps/www/src/lib/modules/core"
2025-07-09T17:09:40.685787Z  INFO get_globs:scan_sources: tailwindcss_oxide::scanner: Discovering "/Users/rod/DevOps/ReportMate/apps/www/src/lib/modules/widgets"
2025-07-09T17:09:40.685904Z  INFO get_globs:scan_sources: tailwindcss_oxide::scanner: Discovering "/Users/rod/DevOps/ReportMate/apps/www/src/api"
2025-07-09T17:09:40.685960Z  INFO get_globs:scan_sources: tailwindcss_oxide::scanner: Discovering "/Users/rod/DevOps/ReportMate/apps/www/src/api/business-units"
2025-07-09T17:09:40.686022Z  INFO get_globs:scan_sources: tailwindcss_oxide::scanner: Discovering "/Users/rod/DevOps/ReportMate/apps/www/src/api/machine-groups"
2025-07-09T17:09:40.686124Z  INFO get_globs:scan_sources: tailwindcss_oxide::scanner: exit
2025-07-09T17:09:40.689190Z  INFO get_globs: tailwindcss_oxide::scanner: exit
