2025-07-09T17:06:27.630136Z  INFO tailwindcss_oxide::scanner: Provided sources:
2025-07-09T17:06:27.630378Z  INFO tailwindcss_oxide::scanner: Source: PublicSourceEntry { base: "/Users/rod/DevOps/ReportMate/apps/www", pattern: "**/*", negated: false }
2025-07-09T17:06:27.630885Z  INFO tailwindcss_oxide::scanner: Optimized sources:
2025-07-09T17:06:27.630892Z  INFO tailwindcss_oxide::scanner: Source: Auto { base: "/Users/rod/DevOps/ReportMate/apps/www" }
2025-07-09T17:06:27.633003Z  INFO scan_sources: tailwindcss_oxide::scanner: enter
2025-07-09T17:06:27.634621Z  INFO scan_sources: tailwindcss_oxide::scanner: Discovering "/Users/rod/DevOps/ReportMate/apps/www/.env.local.example"
2025-07-09T17:06:27.634666Z  INFO scan_sources: tailwindcss_oxide::scanner: Discovering "/Users/rod/DevOps/ReportMate/apps/www/app"
2025-07-09T17:06:27.634748Z  INFO scan_sources: tailwindcss_oxide::scanner: Discovering "/Users/rod/DevOps/ReportMate/apps/www/app/settings"
2025-07-09T17:06:27.634806Z  INFO scan_sources: tailwindcss_oxide::scanner: Discovering "/Users/rod/DevOps/ReportMate/apps/www/app/settings/page.tsx"
2025-07-09T17:06:27.635037Z  INFO scan_sources: tailwindcss_oxide::scanner: Discovering "/Users/rod/DevOps/ReportMate/apps/www/app/device-modular"
2025-07-09T17:06:27.635097Z  INFO scan_sources: tailwindcss_oxide::scanner: Discovering "/Users/rod/DevOps/ReportMate/apps/www/app/device-modular/[deviceId]"
2025-07-09T17:06:27.635149Z  INFO scan_sources: tailwindcss_oxide::scanner: Discovering "/Users/rod/DevOps/ReportMate/apps/www/app/device-modular/[deviceId]/page.tsx"
2025-07-09T17:06:27.635173Z  INFO scan_sources: tailwindcss_oxide::scanner: Discovering "/Users/rod/DevOps/ReportMate/apps/www/app/dashboard"
2025-07-09T17:06:27.635229Z  INFO scan_sources: tailwindcss_oxide::scanner: Discovering "/Users/rod/DevOps/ReportMate/apps/www/app/dashboard/page-static-backup.tsx"
2025-07-09T17:06:27.635243Z  INFO scan_sources: tailwindcss_oxide::scanner: Discovering "/Users/rod/DevOps/ReportMate/apps/www/app/dashboard/page.tsx"
2025-07-09T17:06:27.635256Z  INFO scan_sources: tailwindcss_oxide::scanner: Discovering "/Users/rod/DevOps/ReportMate/apps/www/app/dashboard/hooks.ts"
2025-07-09T17:06:27.635279Z  INFO scan_sources: tailwindcss_oxide::scanner: Discovering "/Users/rod/DevOps/ReportMate/apps/www/app/device-new"
2025-07-09T17:06:27.635338Z  INFO scan_sources: tailwindcss_oxide::scanner: Discovering "/Users/rod/DevOps/ReportMate/apps/www/app/device-new/[deviceId]"
2025-07-09T17:06:27.635403Z  INFO scan_sources: tailwindcss_oxide::scanner: Discovering "/Users/rod/DevOps/ReportMate/apps/www/app/device-new/[deviceId]/page.tsx"
2025-07-09T17:06:27.635424Z  INFO scan_sources: tailwindcss_oxide::scanner: Discovering "/Users/rod/DevOps/ReportMate/apps/www/app/api-test"
2025-07-09T17:06:27.635495Z  INFO scan_sources: tailwindcss_oxide::scanner: Discovering "/Users/rod/DevOps/ReportMate/apps/www/app/api-test/page.tsx"
2025-07-09T17:06:27.635508Z  INFO scan_sources: tailwindcss_oxide::scanner: Discovering "/Users/rod/DevOps/ReportMate/apps/www/app/layout.tsx"
2025-07-09T17:06:27.635525Z  INFO scan_sources: tailwindcss_oxide::scanner: Discovering "/Users/rod/DevOps/ReportMate/apps/www/app/api"
2025-07-09T17:06:27.635593Z  INFO scan_sources: tailwindcss_oxide::scanner: Discovering "/Users/rod/DevOps/ReportMate/apps/www/app/api/events-internal"
2025-07-09T17:06:27.635663Z  INFO scan_sources: tailwindcss_oxide::scanner: Discovering "/Users/rod/DevOps/ReportMate/apps/www/app/api/negotiate-internal"
2025-07-09T17:06:27.635728Z  INFO scan_sources: tailwindcss_oxide::scanner: Discovering "/Users/rod/DevOps/ReportMate/apps/www/app/api/device"
2025-07-09T17:06:27.635790Z  INFO scan_sources: tailwindcss_oxide::scanner: Discovering "/Users/rod/DevOps/ReportMate/apps/www/app/api/device/[deviceId]"
2025-07-09T17:06:27.635839Z  INFO scan_sources: tailwindcss_oxide::scanner: Discovering "/Users/rod/DevOps/ReportMate/apps/www/app/api/device/[deviceId]/route.ts"
2025-07-09T17:06:27.635852Z  INFO scan_sources: tailwindcss_oxide::scanner: Discovering "/Users/rod/DevOps/ReportMate/apps/www/app/api/device/route.ts"
2025-07-09T17:06:27.635872Z  INFO scan_sources: tailwindcss_oxide::scanner: Discovering "/Users/rod/DevOps/ReportMate/apps/www/app/api/devices-internal"
2025-07-09T17:06:27.635938Z  INFO scan_sources: tailwindcss_oxide::scanner: Discovering "/Users/rod/DevOps/ReportMate/apps/www/app/api/events"
2025-07-09T17:06:27.635996Z  INFO scan_sources: tailwindcss_oxide::scanner: Discovering "/Users/rod/DevOps/ReportMate/apps/www/app/api/events/route.ts"
2025-07-09T17:06:27.636011Z  INFO scan_sources: tailwindcss_oxide::scanner: Discovering "/Users/rod/DevOps/ReportMate/apps/www/app/api/devices"
2025-07-09T17:06:27.636061Z  INFO scan_sources: tailwindcss_oxide::scanner: Discovering "/Users/rod/DevOps/ReportMate/apps/www/app/api/devices/route.ts"
2025-07-09T17:06:27.636076Z  INFO scan_sources: tailwindcss_oxide::scanner: Discovering "/Users/rod/DevOps/ReportMate/apps/www/app/api/debug"
2025-07-09T17:06:27.636126Z  INFO scan_sources: tailwindcss_oxide::scanner: Discovering "/Users/rod/DevOps/ReportMate/apps/www/app/api/debug/route.ts"
2025-07-09T17:06:27.636144Z  INFO scan_sources: tailwindcss_oxide::scanner: Discovering "/Users/rod/DevOps/ReportMate/apps/www/app/device"
2025-07-09T17:06:27.636201Z  INFO scan_sources: tailwindcss_oxide::scanner: Discovering "/Users/rod/DevOps/ReportMate/apps/www/app/device/[deviceId]"
2025-07-09T17:06:27.636255Z  INFO scan_sources: tailwindcss_oxide::scanner: Discovering "/Users/rod/DevOps/ReportMate/apps/www/app/device/[deviceId]/page.tsx"
2025-07-09T17:06:27.636271Z  INFO scan_sources: tailwindcss_oxide::scanner: Discovering "/Users/rod/DevOps/ReportMate/apps/www/app/device/list"
2025-07-09T17:06:27.636337Z  INFO scan_sources: tailwindcss_oxide::scanner: Discovering "/Users/rod/DevOps/ReportMate/apps/www/app/device/list/page.tsx"
2025-07-09T17:06:27.636349Z  INFO scan_sources: tailwindcss_oxide::scanner: Discovering "/Users/rod/DevOps/ReportMate/apps/www/app/device/page.tsx"
2025-07-09T17:06:27.636364Z  INFO scan_sources: tailwindcss_oxide::scanner: Discovering "/Users/rod/DevOps/ReportMate/apps/www/app/events"
2025-07-09T17:06:27.636411Z  INFO scan_sources: tailwindcss_oxide::scanner: Discovering "/Users/rod/DevOps/ReportMate/apps/www/app/events/page.tsx"
2025-07-09T17:06:27.636428Z  INFO scan_sources: tailwindcss_oxide::scanner: Discovering "/Users/rod/DevOps/ReportMate/apps/www/app/modules"
2025-07-09T17:06:27.636500Z  INFO scan_sources: tailwindcss_oxide::scanner: Discovering "/Users/rod/DevOps/ReportMate/apps/www/app/modules/page.tsx"
2025-07-09T17:06:27.636525Z  INFO scan_sources: tailwindcss_oxide::scanner: Discovering "/Users/rod/DevOps/ReportMate/apps/www/app/page.tsx"
2025-07-09T17:06:27.636541Z  INFO scan_sources: tailwindcss_oxide::scanner: Discovering "/Users/rod/DevOps/ReportMate/apps/www/app/globals.css"
2025-07-09T17:06:27.636566Z  INFO scan_sources: tailwindcss_oxide::scanner: Discovering "/Users/rod/DevOps/ReportMate/apps/www/app/devices"
2025-07-09T17:06:27.636619Z  INFO scan_sources: tailwindcss_oxide::scanner: Discovering "/Users/rod/DevOps/ReportMate/apps/www/app/devices/page.tsx"
2025-07-09T17:06:27.636638Z  INFO scan_sources: tailwindcss_oxide::scanner: Discovering "/Users/rod/DevOps/ReportMate/apps/www/LICENSE"
2025-07-09T17:06:27.636649Z  INFO scan_sources: tailwindcss_oxide::scanner: Discovering "/Users/rod/DevOps/ReportMate/apps/www/jest.setup.js"
2025-07-09T17:06:27.636658Z  INFO scan_sources: tailwindcss_oxide::scanner: Discovering "/Users/rod/DevOps/ReportMate/apps/www/Dockerfile"
2025-07-09T17:06:27.636669Z  INFO scan_sources: tailwindcss_oxide::scanner: Discovering "/Users/rod/DevOps/ReportMate/apps/www/next.config.mjs"
2025-07-09T17:06:27.636677Z  INFO scan_sources: tailwindcss_oxide::scanner: Discovering "/Users/rod/DevOps/ReportMate/apps/www/jest.config.js"
2025-07-09T17:06:27.636722Z  INFO scan_sources: tailwindcss_oxide::scanner: Discovering "/Users/rod/DevOps/ReportMate/apps/www/prisma"
2025-07-09T17:06:27.636773Z  INFO scan_sources: tailwindcss_oxide::scanner: Discovering "/Users/rod/DevOps/ReportMate/apps/www/prisma/schema.prisma"
2025-07-09T17:06:27.636794Z  INFO scan_sources: tailwindcss_oxide::scanner: Discovering "/Users/rod/DevOps/ReportMate/apps/www/package.test.json"
2025-07-09T17:06:27.636940Z  INFO scan_sources: tailwindcss_oxide::scanner: Discovering "/Users/rod/DevOps/ReportMate/apps/www/README.md"
2025-07-09T17:06:27.636951Z  INFO scan_sources: tailwindcss_oxide::scanner: Discovering "/Users/rod/DevOps/ReportMate/apps/www/tailwind.config.ts"
2025-07-09T17:06:27.636961Z  INFO scan_sources: tailwindcss_oxide::scanner: Discovering "/Users/rod/DevOps/ReportMate/apps/www/.dockerignore"
2025-07-09T17:06:27.637063Z  INFO scan_sources: tailwindcss_oxide::scanner: Discovering "/Users/rod/DevOps/ReportMate/apps/www/public"
2025-07-09T17:06:27.637219Z  INFO scan_sources: tailwindcss_oxide::scanner: Discovering "/Users/rod/DevOps/ReportMate/apps/www/__tests__"
2025-07-09T17:06:27.637380Z  INFO scan_sources: tailwindcss_oxide::scanner: Discovering "/Users/rod/DevOps/ReportMate/apps/www/__tests__/unit"
2025-07-09T17:06:27.637436Z  INFO scan_sources: tailwindcss_oxide::scanner: Discovering "/Users/rod/DevOps/ReportMate/apps/www/__tests__/unit/DeviceCard.test.tsx"
2025-07-09T17:06:27.637568Z  INFO scan_sources: tailwindcss_oxide::scanner: Discovering "/Users/rod/DevOps/ReportMate/apps/www/__tests__/api"
2025-07-09T17:06:27.637613Z  INFO scan_sources: tailwindcss_oxide::scanner: Discovering "/Users/rod/DevOps/ReportMate/apps/www/__tests__/api/devices.test.ts"
2025-07-09T17:06:27.637633Z  INFO scan_sources: tailwindcss_oxide::scanner: Discovering "/Users/rod/DevOps/ReportMate/apps/www/package.json"
2025-07-09T17:06:27.637641Z  INFO scan_sources: tailwindcss_oxide::scanner: Discovering "/Users/rod/DevOps/ReportMate/apps/www/init-prod-db.js"
2025-07-09T17:06:27.637653Z  INFO scan_sources: tailwindcss_oxide::scanner: Discovering "/Users/rod/DevOps/ReportMate/apps/www/scripts"
2025-07-09T17:06:27.637710Z  INFO scan_sources: tailwindcss_oxide::scanner: Discovering "/Users/rod/DevOps/ReportMate/apps/www/scripts/import-production-data.sh"
2025-07-09T17:06:27.637718Z  INFO scan_sources: tailwindcss_oxide::scanner: Discovering "/Users/rod/DevOps/ReportMate/apps/www/scripts/inject-test-data.js"
2025-07-09T17:06:27.637729Z  INFO scan_sources: tailwindcss_oxide::scanner: Discovering "/Users/rod/DevOps/ReportMate/apps/www/scripts/inject-large-payloads.sql"
2025-07-09T17:06:27.637738Z  INFO scan_sources: tailwindcss_oxide::scanner: Discovering "/Users/rod/DevOps/ReportMate/apps/www/scripts/test-db-connection.js"
2025-07-09T17:06:27.637747Z  INFO scan_sources: tailwindcss_oxide::scanner: Discovering "/Users/rod/DevOps/ReportMate/apps/www/scripts/large-test-payloads.json"
2025-07-09T17:06:27.637755Z  INFO scan_sources: tailwindcss_oxide::scanner: Discovering "/Users/rod/DevOps/ReportMate/apps/www/scripts/generate-large-payloads.js"
2025-07-09T17:06:27.637764Z  INFO scan_sources: tailwindcss_oxide::scanner: Discovering "/Users/rod/DevOps/ReportMate/apps/www/scripts/import-production-data.ps1"
2025-07-09T17:06:27.637781Z  INFO scan_sources: tailwindcss_oxide::scanner: Discovering "/Users/rod/DevOps/ReportMate/apps/www/tsconfig.json"
2025-07-09T17:06:27.637792Z  INFO scan_sources: tailwindcss_oxide::scanner: Discovering "/Users/rod/DevOps/ReportMate/apps/www/playwright.config.ts"
2025-07-09T17:06:27.637803Z  INFO scan_sources: tailwindcss_oxide::scanner: Discovering "/Users/rod/DevOps/ReportMate/apps/www/.git"
2025-07-09T17:06:27.637953Z  INFO scan_sources: tailwindcss_oxide::scanner: Discovering "/Users/rod/DevOps/ReportMate/apps/www/e2e"
2025-07-09T17:06:27.638011Z  INFO scan_sources: tailwindcss_oxide::scanner: Discovering "/Users/rod/DevOps/ReportMate/apps/www/e2e/dashboard.spec.ts"
2025-07-09T17:06:27.638024Z  INFO scan_sources: tailwindcss_oxide::scanner: Discovering "/Users/rod/DevOps/ReportMate/apps/www/postcss.config.js"
2025-07-09T17:06:27.638033Z  INFO scan_sources: tailwindcss_oxide::scanner: Discovering "/Users/rod/DevOps/ReportMate/apps/www/.eslintrc.json"
2025-07-09T17:06:27.638047Z  INFO scan_sources: tailwindcss_oxide::scanner: Discovering "/Users/rod/DevOps/ReportMate/apps/www/src"
2025-07-09T17:06:27.638117Z  INFO scan_sources: tailwindcss_oxide::scanner: Discovering "/Users/rod/DevOps/ReportMate/apps/www/src/app"
2025-07-09T17:06:27.638181Z  INFO scan_sources: tailwindcss_oxide::scanner: Discovering "/Users/rod/DevOps/ReportMate/apps/www/src/app/api"
2025-07-09T17:06:27.638240Z  INFO scan_sources: tailwindcss_oxide::scanner: Discovering "/Users/rod/DevOps/ReportMate/apps/www/src/app/api/modules"
2025-07-09T17:06:27.638297Z  INFO scan_sources: tailwindcss_oxide::scanner: Discovering "/Users/rod/DevOps/ReportMate/apps/www/src/app/api/modules/route.ts"
2025-07-09T17:06:27.638319Z  INFO scan_sources: tailwindcss_oxide::scanner: Discovering "/Users/rod/DevOps/ReportMate/apps/www/src/components"
2025-07-09T17:06:27.638378Z  INFO scan_sources: tailwindcss_oxide::scanner: Discovering "/Users/rod/DevOps/ReportMate/apps/www/src/components/theme-provider.tsx"
2025-07-09T17:06:27.638392Z  INFO scan_sources: tailwindcss_oxide::scanner: Discovering "/Users/rod/DevOps/ReportMate/apps/www/src/components/tables"
2025-07-09T17:06:27.638444Z  INFO scan_sources: tailwindcss_oxide::scanner: Discovering "/Users/rod/DevOps/ReportMate/apps/www/src/components/tables/ApplicationsTable.tsx"
2025-07-09T17:06:27.638451Z  INFO scan_sources: tailwindcss_oxide::scanner: Discovering "/Users/rod/DevOps/ReportMate/apps/www/src/components/tables/SecurityCard.tsx"
2025-07-09T17:06:27.638457Z  INFO scan_sources: tailwindcss_oxide::scanner: Discovering "/Users/rod/DevOps/ReportMate/apps/www/src/components/tables/NetworkTable.tsx"
2025-07-09T17:06:27.638463Z  INFO scan_sources: tailwindcss_oxide::scanner: Discovering "/Users/rod/DevOps/ReportMate/apps/www/src/components/tables/index.ts"
2025-07-09T17:06:27.638469Z  INFO scan_sources: tailwindcss_oxide::scanner: Discovering "/Users/rod/DevOps/ReportMate/apps/www/src/components/tables/ManagedInstallsTable.tsx"
2025-07-09T17:06:27.638481Z  INFO scan_sources: tailwindcss_oxide::scanner: Discovering "/Users/rod/DevOps/ReportMate/apps/www/src/components/DeviceEventsSimple.tsx"
2025-07-09T17:06:27.638488Z  INFO scan_sources: tailwindcss_oxide::scanner: Discovering "/Users/rod/DevOps/ReportMate/apps/www/src/components/ModuleManager.tsx"
2025-07-09T17:06:27.638494Z  INFO scan_sources: tailwindcss_oxide::scanner: Discovering "/Users/rod/DevOps/ReportMate/apps/www/src/components/DeviceEvents.tsx"
2025-07-09T17:06:27.638506Z  INFO scan_sources: tailwindcss_oxide::scanner: Discovering "/Users/rod/DevOps/ReportMate/apps/www/src/components/widgets"
2025-07-09T17:06:27.638553Z  INFO scan_sources: tailwindcss_oxide::scanner: Discovering "/Users/rod/DevOps/ReportMate/apps/www/src/components/widgets/MDM.tsx"
2025-07-09T17:06:27.638566Z  INFO scan_sources: tailwindcss_oxide::scanner: Discovering "/Users/rod/DevOps/ReportMate/apps/www/src/components/ErrorBoundary.tsx"
2025-07-09T17:06:27.638581Z  INFO scan_sources: tailwindcss_oxide::scanner: Discovering "/Users/rod/DevOps/ReportMate/apps/www/src/lib"
2025-07-09T17:06:27.638657Z  INFO scan_sources: tailwindcss_oxide::scanner: Discovering "/Users/rod/DevOps/ReportMate/apps/www/src/lib/prisma.ts"
2025-07-09T17:06:27.638666Z  INFO scan_sources: tailwindcss_oxide::scanner: Discovering "/Users/rod/DevOps/ReportMate/apps/www/src/lib/signalr-new.ts"
2025-07-09T17:06:27.638676Z  INFO scan_sources: tailwindcss_oxide::scanner: Discovering "/Users/rod/DevOps/ReportMate/apps/www/src/lib/polling.ts"
2025-07-09T17:06:27.638682Z  INFO scan_sources: tailwindcss_oxide::scanner: Discovering "/Users/rod/DevOps/ReportMate/apps/www/src/lib/utils.ts"
2025-07-09T17:06:27.638688Z  INFO scan_sources: tailwindcss_oxide::scanner: Discovering "/Users/rod/DevOps/ReportMate/apps/www/src/lib/signalr-old.ts"
2025-07-09T17:06:27.638695Z  INFO scan_sources: tailwindcss_oxide::scanner: Discovering "/Users/rod/DevOps/ReportMate/apps/www/src/lib/signalr.ts"
2025-07-09T17:06:27.638707Z  INFO scan_sources: tailwindcss_oxide::scanner: Discovering "/Users/rod/DevOps/ReportMate/apps/www/src/lib/modules"
2025-07-09T17:06:27.638769Z  INFO scan_sources: tailwindcss_oxide::scanner: Discovering "/Users/rod/DevOps/ReportMate/apps/www/src/lib/modules/core"
2025-07-09T17:06:27.638825Z  INFO scan_sources: tailwindcss_oxide::scanner: Discovering "/Users/rod/DevOps/ReportMate/apps/www/src/lib/modules/core/DeviceInfoModule.tsx"
2025-07-09T17:06:27.638835Z  INFO scan_sources: tailwindcss_oxide::scanner: Discovering "/Users/rod/DevOps/ReportMate/apps/www/src/lib/modules/core/EventsModule.tsx"
2025-07-09T17:06:27.638846Z  INFO scan_sources: tailwindcss_oxide::scanner: Discovering "/Users/rod/DevOps/ReportMate/apps/www/src/lib/modules/EnhancedModule.ts"
2025-07-09T17:06:27.638853Z  INFO scan_sources: tailwindcss_oxide::scanner: Discovering "/Users/rod/DevOps/ReportMate/apps/www/src/lib/modules/ModuleRegistry.ts"
2025-07-09T17:06:27.638862Z  INFO scan_sources: tailwindcss_oxide::scanner: Discovering "/Users/rod/DevOps/ReportMate/apps/www/src/lib/modules/ModularDeviceLayout.tsx"
2025-07-09T17:06:27.638869Z  INFO scan_sources: tailwindcss_oxide::scanner: Discovering "/Users/rod/DevOps/ReportMate/apps/www/src/lib/modules/DynamicModuleLoader-new.ts"
2025-07-09T17:06:27.638876Z  INFO scan_sources: tailwindcss_oxide::scanner: Discovering "/Users/rod/DevOps/ReportMate/apps/www/src/lib/modules/BaseModule.ts"
2025-07-09T17:06:27.638883Z  INFO scan_sources: tailwindcss_oxide::scanner: Discovering "/Users/rod/DevOps/ReportMate/apps/www/src/lib/modules/DynamicModuleLoader.ts"
2025-07-09T17:06:27.638897Z  INFO scan_sources: tailwindcss_oxide::scanner: Discovering "/Users/rod/DevOps/ReportMate/apps/www/src/lib/modules/widgets"
2025-07-09T17:06:27.638962Z  INFO scan_sources: tailwindcss_oxide::scanner: Discovering "/Users/rod/DevOps/ReportMate/apps/www/src/lib/modules/widgets/MDMModule.tsx"
2025-07-09T17:06:27.638972Z  INFO scan_sources: tailwindcss_oxide::scanner: Discovering "/Users/rod/DevOps/ReportMate/apps/www/src/lib/modules/widgets/EventsModule.tsx"
2025-07-09T17:06:27.638979Z  INFO scan_sources: tailwindcss_oxide::scanner: Discovering "/Users/rod/DevOps/ReportMate/apps/www/src/lib/modules/widgets/OSVersionWidget.tsx"
2025-07-09T17:06:27.638986Z  INFO scan_sources: tailwindcss_oxide::scanner: Discovering "/Users/rod/DevOps/ReportMate/apps/www/src/lib/modules/widgets/ApplicationsModule.tsx"
2025-07-09T17:06:27.638993Z  INFO scan_sources: tailwindcss_oxide::scanner: Discovering "/Users/rod/DevOps/ReportMate/apps/www/src/lib/modules/widgets/NetworkModuleWidget.tsx"
2025-07-09T17:06:27.639000Z  INFO scan_sources: tailwindcss_oxide::scanner: Discovering "/Users/rod/DevOps/ReportMate/apps/www/src/lib/modules/widgets/DashboardStats.tsx"
2025-07-09T17:06:27.639007Z  INFO scan_sources: tailwindcss_oxide::scanner: Discovering "/Users/rod/DevOps/ReportMate/apps/www/src/lib/modules/widgets/HardwareModule.tsx"
2025-07-09T17:06:27.639014Z  INFO scan_sources: tailwindcss_oxide::scanner: Discovering "/Users/rod/DevOps/ReportMate/apps/www/src/lib/modules/widgets/ConnectionStatusWidget.tsx"
2025-07-09T17:06:27.639021Z  INFO scan_sources: tailwindcss_oxide::scanner: Discovering "/Users/rod/DevOps/ReportMate/apps/www/src/lib/modules/widgets/NewClientsWidget.tsx"
2025-07-09T17:06:27.639028Z  INFO scan_sources: tailwindcss_oxide::scanner: Discovering "/Users/rod/DevOps/ReportMate/apps/www/src/lib/modules/widgets/SecurityModule.tsx"
2025-07-09T17:06:27.639036Z  INFO scan_sources: tailwindcss_oxide::scanner: Discovering "/Users/rod/DevOps/ReportMate/apps/www/src/lib/modules/widgets/ManagedInstallsModule.tsx"
2025-07-09T17:06:27.639043Z  INFO scan_sources: tailwindcss_oxide::scanner: Discovering "/Users/rod/DevOps/ReportMate/apps/www/src/lib/modules/widgets/NetworkModule.tsx"
2025-07-09T17:06:27.639050Z  INFO scan_sources: tailwindcss_oxide::scanner: Discovering "/Users/rod/DevOps/ReportMate/apps/www/src/lib/modules/widgets/RecentEventsWidget.tsx"
2025-07-09T17:06:27.639062Z  INFO scan_sources: tailwindcss_oxide::scanner: Discovering "/Users/rod/DevOps/ReportMate/apps/www/src/lib/modules/ModuleInit.ts"
2025-07-09T17:06:27.639073Z  INFO scan_sources: tailwindcss_oxide::scanner: Discovering "/Users/rod/DevOps/ReportMate/apps/www/src/lib/db.ts"
2025-07-09T17:06:27.639087Z  INFO scan_sources: tailwindcss_oxide::scanner: Discovering "/Users/rod/DevOps/ReportMate/apps/www/src/lib/time.ts"
2025-07-09T17:06:27.639102Z  INFO scan_sources: tailwindcss_oxide::scanner: Discovering "/Users/rod/DevOps/ReportMate/apps/www/src/api"
2025-07-09T17:06:27.639169Z  INFO scan_sources: tailwindcss_oxide::scanner: Discovering "/Users/rod/DevOps/ReportMate/apps/www/src/api/business-units"
2025-07-09T17:06:27.639225Z  INFO scan_sources: tailwindcss_oxide::scanner: Discovering "/Users/rod/DevOps/ReportMate/apps/www/src/api/business-units/[id].ts"
2025-07-09T17:06:27.639240Z  INFO scan_sources: tailwindcss_oxide::scanner: Discovering "/Users/rod/DevOps/ReportMate/apps/www/src/api/machine-groups"
2025-07-09T17:06:27.639292Z  INFO scan_sources: tailwindcss_oxide::scanner: Discovering "/Users/rod/DevOps/ReportMate/apps/www/src/api/machine-groups/[id].ts"
2025-07-09T17:06:27.639301Z  INFO scan_sources: tailwindcss_oxide::scanner: Discovering "/Users/rod/DevOps/ReportMate/apps/www/src/api/machine-groups/generate-passphrase.ts"
2025-07-09T17:06:27.639312Z  INFO scan_sources: tailwindcss_oxide::scanner: Discovering "/Users/rod/DevOps/ReportMate/apps/www/src/api/business-units.ts"
2025-07-09T17:06:27.639319Z  INFO scan_sources: tailwindcss_oxide::scanner: Discovering "/Users/rod/DevOps/ReportMate/apps/www/src/api/machine-groups.ts"
2025-07-09T17:06:27.639381Z  INFO scan_sources: tailwindcss_oxide::scanner: exit
2025-07-09T17:06:27.639384Z  INFO extract_candidates: tailwindcss_oxide::scanner: enter
2025-07-09T17:06:27.639387Z  INFO extract_candidates:read_all_files: tailwindcss_oxide::scanner: enter
2025-07-09T17:06:27.639388Z  INFO extract_candidates:read_all_files: tailwindcss_oxide::scanner: Reading 95 file(s)
2025-07-09T17:06:27.639739Z  INFO tailwindcss_oxide::scanner: Reading "/Users/rod/DevOps/ReportMate/apps/www/app/device-new/[deviceId]/page.tsx"
2025-07-09T17:06:27.639828Z  INFO tailwindcss_oxide::scanner: Reading "/Users/rod/DevOps/ReportMate/apps/www/app/dashboard/hooks.ts"
2025-07-09T17:06:27.639840Z  INFO tailwindcss_oxide::scanner: Reading "/Users/rod/DevOps/ReportMate/apps/www/scripts/import-production-data.sh"
2025-07-09T17:06:27.639890Z  INFO tailwindcss_oxide::scanner: Reading "/Users/rod/DevOps/ReportMate/apps/www/app/api/events/route.ts"
2025-07-09T17:06:27.639896Z  INFO tailwindcss_oxide::scanner: Reading "/Users/rod/DevOps/ReportMate/apps/www/app/device-modular/[deviceId]/page.tsx"
2025-07-09T17:06:27.639896Z  INFO tailwindcss_oxide::scanner: Reading "/Users/rod/DevOps/ReportMate/apps/www/scripts/inject-test-data.js"
2025-07-09T17:06:27.639899Z  INFO tailwindcss_oxide::scanner: Reading "/Users/rod/DevOps/ReportMate/apps/www/app/events/page.tsx"
2025-07-09T17:06:27.639938Z  INFO tailwindcss_oxide::scanner: Reading "/Users/rod/DevOps/ReportMate/apps/www/app/dashboard/page-static-backup.tsx"
2025-07-09T17:06:27.639949Z  INFO tailwindcss_oxide::scanner: Reading "/Users/rod/DevOps/ReportMate/apps/www/next.config.mjs"
2025-07-09T17:06:27.639963Z  INFO tailwindcss_oxide::scanner: Reading "/Users/rod/DevOps/ReportMate/apps/www/Dockerfile"
2025-07-09T17:06:27.640015Z  INFO tailwindcss_oxide::scanner: Reading "/Users/rod/DevOps/ReportMate/apps/www/package.test.json"
2025-07-09T17:06:27.640038Z  INFO tailwindcss_oxide::scanner: Reading "/Users/rod/DevOps/ReportMate/apps/www/prisma/schema.prisma"
2025-07-09T17:06:27.640040Z  INFO tailwindcss_oxide::scanner: Reading "/Users/rod/DevOps/ReportMate/apps/www/app/device/[deviceId]/page.tsx"
2025-07-09T17:06:27.640044Z  INFO tailwindcss_oxide::scanner: Reading "/Users/rod/DevOps/ReportMate/apps/www/.eslintrc.json"
2025-07-09T17:06:27.640079Z  INFO tailwindcss_oxide::scanner: Reading "/Users/rod/DevOps/ReportMate/apps/www/app/api-test/page.tsx"
2025-07-09T17:06:27.640081Z  INFO tailwindcss_oxide::scanner: Reading "/Users/rod/DevOps/ReportMate/apps/www/app/device/list/page.tsx"
2025-07-09T17:06:27.640110Z  INFO tailwindcss_oxide::scanner: Reading "/Users/rod/DevOps/ReportMate/apps/www/app/api/devices/route.ts"
2025-07-09T17:06:27.640165Z  INFO tailwindcss_oxide::scanner: Reading "/Users/rod/DevOps/ReportMate/apps/www/app/modules/page.tsx"
2025-07-09T17:06:27.640175Z  INFO tailwindcss_oxide::scanner: Reading "/Users/rod/DevOps/ReportMate/apps/www/app/layout.tsx"
2025-07-09T17:06:27.640192Z  INFO tailwindcss_oxide::scanner: Reading "/Users/rod/DevOps/ReportMate/apps/www/app/dashboard/page.tsx"
2025-07-09T17:06:27.640196Z  INFO tailwindcss_oxide::scanner: Reading "/Users/rod/DevOps/ReportMate/apps/www/tailwind.config.ts"
2025-07-09T17:06:27.640199Z  INFO tailwindcss_oxide::scanner: Reading "/Users/rod/DevOps/ReportMate/apps/www/app/api/device/[deviceId]/route.ts"
2025-07-09T17:06:27.640209Z  INFO tailwindcss_oxide::scanner: Reading "/Users/rod/DevOps/ReportMate/apps/www/app/devices/page.tsx"
2025-07-09T17:06:27.640238Z  INFO tailwindcss_oxide::scanner: Reading "/Users/rod/DevOps/ReportMate/apps/www/app/device/page.tsx"
2025-07-09T17:06:27.640248Z  INFO tailwindcss_oxide::scanner: Reading "/Users/rod/DevOps/ReportMate/apps/www/app/api/debug/route.ts"
2025-07-09T17:06:27.640337Z  INFO tailwindcss_oxide::scanner: Reading "/Users/rod/DevOps/ReportMate/apps/www/README.md"
2025-07-09T17:06:27.640344Z  INFO tailwindcss_oxide::scanner: Reading "/Users/rod/DevOps/ReportMate/apps/www/src/app/api/modules/route.ts"
2025-07-09T17:06:27.640358Z  INFO tailwindcss_oxide::scanner: Reading "/Users/rod/DevOps/ReportMate/apps/www/app/page.tsx"
2025-07-09T17:06:27.640380Z  INFO tailwindcss_oxide::scanner: Reading "/Users/rod/DevOps/ReportMate/apps/www/jest.config.js"
2025-07-09T17:06:27.640443Z  INFO tailwindcss_oxide::scanner: Reading "/Users/rod/DevOps/ReportMate/apps/www/scripts/inject-large-payloads.sql"
2025-07-09T17:06:27.640447Z  INFO tailwindcss_oxide::scanner: Reading "/Users/rod/DevOps/ReportMate/apps/www/src/lib/modules/DynamicModuleLoader-new.ts"
2025-07-09T17:06:27.640526Z  INFO tailwindcss_oxide::scanner: Reading "/Users/rod/DevOps/ReportMate/apps/www/app/api/device/route.ts"
2025-07-09T17:06:27.640661Z  INFO tailwindcss_oxide::scanner: Reading "/Users/rod/DevOps/ReportMate/apps/www/LICENSE"
2025-07-09T17:06:27.640662Z  INFO tailwindcss_oxide::scanner: Reading "/Users/rod/DevOps/ReportMate/apps/www/.dockerignore"
2025-07-09T17:06:27.640682Z  INFO tailwindcss_oxide::scanner: Reading "/Users/rod/DevOps/ReportMate/apps/www/src/lib/modules/widgets/SecurityModule.tsx"
2025-07-09T17:06:27.640780Z  INFO tailwindcss_oxide::scanner: Reading "/Users/rod/DevOps/ReportMate/apps/www/.env.local.example"
2025-07-09T17:06:27.640841Z  INFO tailwindcss_oxide::scanner: Reading "/Users/rod/DevOps/ReportMate/apps/www/__tests__/api/devices.test.ts"
2025-07-09T17:06:27.640855Z  INFO tailwindcss_oxide::scanner: Reading "/Users/rod/DevOps/ReportMate/apps/www/scripts/test-db-connection.js"
2025-07-09T17:06:27.640859Z  INFO tailwindcss_oxide::scanner: Reading "/Users/rod/DevOps/ReportMate/apps/www/package.json"
2025-07-09T17:06:27.640885Z  INFO tailwindcss_oxide::scanner: Reading "/Users/rod/DevOps/ReportMate/apps/www/src/lib/time.ts"
2025-07-09T17:06:27.640899Z  INFO tailwindcss_oxide::scanner: Reading "/Users/rod/DevOps/ReportMate/apps/www/src/lib/modules/widgets/ApplicationsModule.tsx"
2025-07-09T17:06:27.640970Z  INFO tailwindcss_oxide::scanner: Reading "/Users/rod/DevOps/ReportMate/apps/www/src/components/theme-provider.tsx"
2025-07-09T17:06:27.640971Z  INFO tailwindcss_oxide::scanner: Reading "/Users/rod/DevOps/ReportMate/apps/www/src/lib/modules/widgets/RecentEventsWidget.tsx"
2025-07-09T17:06:27.641048Z  INFO tailwindcss_oxide::scanner: Reading "/Users/rod/DevOps/ReportMate/apps/www/src/lib/modules/BaseModule.ts"
2025-07-09T17:06:27.641059Z  INFO tailwindcss_oxide::scanner: Reading "/Users/rod/DevOps/ReportMate/apps/www/src/lib/modules/widgets/HardwareModule.tsx"
2025-07-09T17:06:27.641085Z  INFO tailwindcss_oxide::scanner: Reading "/Users/rod/DevOps/ReportMate/apps/www/__tests__/unit/DeviceCard.test.tsx"
2025-07-09T17:06:27.641269Z  INFO tailwindcss_oxide::scanner: Reading "/Users/rod/DevOps/ReportMate/apps/www/app/settings/page.tsx"
2025-07-09T17:06:27.641290Z  INFO tailwindcss_oxide::scanner: Reading "/Users/rod/DevOps/ReportMate/apps/www/src/lib/modules/widgets/NetworkModuleWidget.tsx"
2025-07-09T17:06:27.641292Z  INFO tailwindcss_oxide::scanner: Reading "/Users/rod/DevOps/ReportMate/apps/www/jest.setup.js"
2025-07-09T17:06:27.641352Z  INFO tailwindcss_oxide::scanner: Reading "/Users/rod/DevOps/ReportMate/apps/www/src/lib/modules/widgets/ConnectionStatusWidget.tsx"
2025-07-09T17:06:27.641362Z  INFO tailwindcss_oxide::scanner: Reading "/Users/rod/DevOps/ReportMate/apps/www/src/api/business-units/[id].ts"
2025-07-09T17:06:27.641401Z  INFO tailwindcss_oxide::scanner: Reading "/Users/rod/DevOps/ReportMate/apps/www/src/lib/modules/widgets/ManagedInstallsModule.tsx"
2025-07-09T17:06:27.641452Z  INFO tailwindcss_oxide::scanner: Reading "/Users/rod/DevOps/ReportMate/apps/www/init-prod-db.js"
2025-07-09T17:06:27.641468Z  INFO tailwindcss_oxide::scanner: Reading "/Users/rod/DevOps/ReportMate/apps/www/src/lib/modules/widgets/NewClientsWidget.tsx"
2025-07-09T17:06:27.641474Z  INFO tailwindcss_oxide::scanner: Reading "/Users/rod/DevOps/ReportMate/apps/www/.git"
2025-07-09T17:06:27.641493Z  INFO tailwindcss_oxide::scanner: Reading "/Users/rod/DevOps/ReportMate/apps/www/src/lib/modules/widgets/MDMModule.tsx"
2025-07-09T17:06:27.641532Z  INFO tailwindcss_oxide::scanner: Reading "/Users/rod/DevOps/ReportMate/apps/www/scripts/large-test-payloads.json"
2025-07-09T17:06:27.641601Z  INFO tailwindcss_oxide::scanner: Reading "/Users/rod/DevOps/ReportMate/apps/www/scripts/import-production-data.ps1"
2025-07-09T17:06:27.641616Z  INFO tailwindcss_oxide::scanner: Reading "/Users/rod/DevOps/ReportMate/apps/www/src/components/tables/ApplicationsTable.tsx"
2025-07-09T17:06:27.641657Z  INFO tailwindcss_oxide::scanner: Reading "/Users/rod/DevOps/ReportMate/apps/www/src/lib/modules/ModuleInit.ts"
2025-07-09T17:06:27.641661Z  INFO tailwindcss_oxide::scanner: Reading "/Users/rod/DevOps/ReportMate/apps/www/src/lib/modules/DynamicModuleLoader.ts"
2025-07-09T17:06:27.641737Z  INFO tailwindcss_oxide::scanner: Reading "/Users/rod/DevOps/ReportMate/apps/www/src/components/ErrorBoundary.tsx"
2025-07-09T17:06:27.641875Z  INFO tailwindcss_oxide::scanner: Reading "/Users/rod/DevOps/ReportMate/apps/www/src/lib/signalr.ts"
2025-07-09T17:06:27.641901Z  INFO tailwindcss_oxide::scanner: Reading "/Users/rod/DevOps/ReportMate/apps/www/src/lib/db.ts"
2025-07-09T17:06:27.641944Z  INFO tailwindcss_oxide::scanner: Reading "/Users/rod/DevOps/ReportMate/apps/www/src/lib/modules/widgets/DashboardStats.tsx"
2025-07-09T17:06:27.642060Z  INFO tailwindcss_oxide::scanner: Reading "/Users/rod/DevOps/ReportMate/apps/www/src/lib/polling.ts"
2025-07-09T17:06:27.642157Z  INFO tailwindcss_oxide::scanner: Reading "/Users/rod/DevOps/ReportMate/apps/www/src/api/machine-groups/[id].ts"
2025-07-09T17:06:27.642182Z  INFO tailwindcss_oxide::scanner: Reading "/Users/rod/DevOps/ReportMate/apps/www/src/lib/modules/widgets/NetworkModule.tsx"
2025-07-09T17:06:27.642240Z  INFO tailwindcss_oxide::scanner: Reading "/Users/rod/DevOps/ReportMate/apps/www/e2e/dashboard.spec.ts"
2025-07-09T17:06:27.642288Z  INFO tailwindcss_oxide::scanner: Reading "/Users/rod/DevOps/ReportMate/apps/www/src/lib/modules/widgets/EventsModule.tsx"
2025-07-09T17:06:27.642322Z  INFO tailwindcss_oxide::scanner: Reading "/Users/rod/DevOps/ReportMate/apps/www/tsconfig.json"
2025-07-09T17:06:27.642375Z  INFO tailwindcss_oxide::scanner: Reading "/Users/rod/DevOps/ReportMate/apps/www/src/components/tables/SecurityCard.tsx"
2025-07-09T17:06:27.642641Z  INFO tailwindcss_oxide::scanner: Reading "/Users/rod/DevOps/ReportMate/apps/www/src/lib/signalr-new.ts"
2025-07-09T17:06:27.642645Z  INFO tailwindcss_oxide::scanner: Reading "/Users/rod/DevOps/ReportMate/apps/www/src/lib/prisma.ts"
2025-07-09T17:06:27.642670Z  INFO tailwindcss_oxide::scanner: Reading "/Users/rod/DevOps/ReportMate/apps/www/src/lib/modules/widgets/OSVersionWidget.tsx"
2025-07-09T17:06:27.642877Z  INFO tailwindcss_oxide::scanner: Reading "/Users/rod/DevOps/ReportMate/apps/www/src/lib/modules/core/DeviceInfoModule.tsx"
2025-07-09T17:06:27.642980Z  INFO tailwindcss_oxide::scanner: Reading "/Users/rod/DevOps/ReportMate/apps/www/playwright.config.ts"
2025-07-09T17:06:27.643048Z  INFO tailwindcss_oxide::scanner: Reading "/Users/rod/DevOps/ReportMate/apps/www/src/lib/modules/EnhancedModule.ts"
2025-07-09T17:06:27.643050Z  INFO tailwindcss_oxide::scanner: Reading "/Users/rod/DevOps/ReportMate/apps/www/src/lib/utils.ts"
2025-07-09T17:06:27.643110Z  INFO tailwindcss_oxide::scanner: Reading "/Users/rod/DevOps/ReportMate/apps/www/src/api/machine-groups/generate-passphrase.ts"
2025-07-09T17:06:27.643214Z  INFO tailwindcss_oxide::scanner: Reading "/Users/rod/DevOps/ReportMate/apps/www/postcss.config.js"
2025-07-09T17:06:27.643294Z  INFO tailwindcss_oxide::scanner: Reading "/Users/rod/DevOps/ReportMate/apps/www/src/lib/signalr-old.ts"
2025-07-09T17:06:27.643305Z  INFO tailwindcss_oxide::scanner: Reading "/Users/rod/DevOps/ReportMate/apps/www/src/lib/modules/core/EventsModule.tsx"
2025-07-09T17:06:27.643377Z  INFO tailwindcss_oxide::scanner: Reading "/Users/rod/DevOps/ReportMate/apps/www/src/api/business-units.ts"
2025-07-09T17:06:27.643416Z  INFO tailwindcss_oxide::scanner: Reading "/Users/rod/DevOps/ReportMate/apps/www/src/components/tables/NetworkTable.tsx"
2025-07-09T17:06:27.643737Z  INFO tailwindcss_oxide::scanner: Reading "/Users/rod/DevOps/ReportMate/apps/www/src/components/tables/index.ts"
2025-07-09T17:06:27.643766Z  INFO tailwindcss_oxide::scanner: Reading "/Users/rod/DevOps/ReportMate/apps/www/scripts/generate-large-payloads.js"
2025-07-09T17:06:27.643774Z  INFO tailwindcss_oxide::scanner: Reading "/Users/rod/DevOps/ReportMate/apps/www/src/api/machine-groups.ts"
2025-07-09T17:06:27.643886Z  INFO tailwindcss_oxide::scanner: Reading "/Users/rod/DevOps/ReportMate/apps/www/src/components/tables/ManagedInstallsTable.tsx"
2025-07-09T17:06:27.643988Z  INFO tailwindcss_oxide::scanner: Reading "/Users/rod/DevOps/ReportMate/apps/www/src/components/ModuleManager.tsx"
2025-07-09T17:06:27.644028Z  INFO tailwindcss_oxide::scanner: Reading "/Users/rod/DevOps/ReportMate/apps/www/src/lib/modules/ModuleRegistry.ts"
2025-07-09T17:06:27.644072Z  INFO tailwindcss_oxide::scanner: Reading "/Users/rod/DevOps/ReportMate/apps/www/src/lib/modules/ModularDeviceLayout.tsx"
2025-07-09T17:06:27.644155Z  INFO tailwindcss_oxide::scanner: Reading "/Users/rod/DevOps/ReportMate/apps/www/src/components/widgets/MDM.tsx"
2025-07-09T17:06:27.644271Z  INFO tailwindcss_oxide::scanner: Reading "/Users/rod/DevOps/ReportMate/apps/www/src/components/DeviceEvents.tsx"
2025-07-09T17:06:27.644278Z  INFO tailwindcss_oxide::scanner: Reading "/Users/rod/DevOps/ReportMate/apps/www/src/components/DeviceEventsSimple.tsx"
2025-07-09T17:06:27.645929Z  INFO extract_candidates:read_all_files: tailwindcss_oxide::scanner: exit
2025-07-09T17:06:27.645934Z  INFO extract_candidates:parse_all_blobs: tailwindcss_oxide::scanner: enter
2025-07-09T17:06:27.645937Z  INFO extract_candidates:parse_all_blobs:extract: tailwindcss_oxide::scanner: enter
2025-07-09T17:06:27.656040Z  INFO extract_candidates:parse_all_blobs:extract: tailwindcss_oxide::scanner: exit
2025-07-09T17:06:27.656832Z  INFO extract_candidates:parse_all_blobs: tailwindcss_oxide::scanner: exit
2025-07-09T17:06:27.656837Z  INFO extract_candidates:read_all_files: tailwindcss_oxide::scanner: enter
2025-07-09T17:06:27.656840Z  INFO extract_candidates:read_all_files: tailwindcss_oxide::scanner: Reading 1 file(s)
2025-07-09T17:06:27.657603Z  INFO extract_candidates:read_all_files: tailwindcss_oxide::scanner: Reading "/Users/rod/DevOps/ReportMate/apps/www/app/globals.css"
2025-07-09T17:06:27.657608Z  INFO extract_candidates:read_all_files: tailwindcss_oxide::scanner: exit
2025-07-09T17:06:27.657610Z  INFO extract_candidates:extract_css_variables: tailwindcss_oxide::scanner: enter
2025-07-09T17:06:27.657612Z  INFO extract_candidates:extract_css_variables:extract: tailwindcss_oxide::scanner: enter
2025-07-09T17:06:27.657742Z  INFO extract_candidates:extract_css_variables:extract: tailwindcss_oxide::scanner: exit
2025-07-09T17:06:27.657750Z  INFO extract_candidates:extract_css_variables: tailwindcss_oxide::scanner: exit
2025-07-09T17:06:27.659540Z  INFO extract_candidates: tailwindcss_oxide::scanner: exit
2025-07-09T17:06:27.660310Z  INFO get_files: tailwindcss_oxide::scanner: enter
2025-07-09T17:06:27.660314Z  INFO get_files:scan_sources: tailwindcss_oxide::scanner: enter
2025-07-09T17:06:27.663966Z  INFO get_files:scan_sources: tailwindcss_oxide::scanner: Discovering "/Users/rod/DevOps/ReportMate/apps/www/app"
2025-07-09T17:06:27.664135Z  INFO get_files:scan_sources: tailwindcss_oxide::scanner: Discovering "/Users/rod/DevOps/ReportMate/apps/www/app/settings"
2025-07-09T17:06:27.664334Z  INFO get_files:scan_sources: tailwindcss_oxide::scanner: Discovering "/Users/rod/DevOps/ReportMate/apps/www/app/device-modular"
2025-07-09T17:06:27.664508Z  INFO get_files:scan_sources: tailwindcss_oxide::scanner: Discovering "/Users/rod/DevOps/ReportMate/apps/www/app/device-modular/[deviceId]"
2025-07-09T17:06:27.664708Z  INFO get_files:scan_sources: tailwindcss_oxide::scanner: Discovering "/Users/rod/DevOps/ReportMate/apps/www/app/dashboard"
2025-07-09T17:06:27.664944Z  INFO get_files:scan_sources: tailwindcss_oxide::scanner: Discovering "/Users/rod/DevOps/ReportMate/apps/www/app/device-new"
2025-07-09T17:06:27.665128Z  INFO get_files:scan_sources: tailwindcss_oxide::scanner: Discovering "/Users/rod/DevOps/ReportMate/apps/www/app/device-new/[deviceId]"
2025-07-09T17:06:27.665337Z  INFO get_files:scan_sources: tailwindcss_oxide::scanner: Discovering "/Users/rod/DevOps/ReportMate/apps/www/app/api-test"
2025-07-09T17:06:27.665526Z  INFO get_files:scan_sources: tailwindcss_oxide::scanner: Discovering "/Users/rod/DevOps/ReportMate/apps/www/app/api"
2025-07-09T17:06:27.665689Z  INFO get_files:scan_sources: tailwindcss_oxide::scanner: Discovering "/Users/rod/DevOps/ReportMate/apps/www/app/api/events-internal"
2025-07-09T17:06:27.665866Z  INFO get_files:scan_sources: tailwindcss_oxide::scanner: Discovering "/Users/rod/DevOps/ReportMate/apps/www/app/api/negotiate-internal"
2025-07-09T17:06:27.666039Z  INFO get_files:scan_sources: tailwindcss_oxide::scanner: Discovering "/Users/rod/DevOps/ReportMate/apps/www/app/api/device"
2025-07-09T17:06:27.666203Z  INFO get_files:scan_sources: tailwindcss_oxide::scanner: Discovering "/Users/rod/DevOps/ReportMate/apps/www/app/api/device/[deviceId]"
2025-07-09T17:06:27.666375Z  INFO get_files:scan_sources: tailwindcss_oxide::scanner: Discovering "/Users/rod/DevOps/ReportMate/apps/www/app/api/devices-internal"
2025-07-09T17:06:27.666539Z  INFO get_files:scan_sources: tailwindcss_oxide::scanner: Discovering "/Users/rod/DevOps/ReportMate/apps/www/app/api/events"
2025-07-09T17:06:27.666709Z  INFO get_files:scan_sources: tailwindcss_oxide::scanner: Discovering "/Users/rod/DevOps/ReportMate/apps/www/app/api/devices"
2025-07-09T17:06:27.666947Z  INFO get_files:scan_sources: tailwindcss_oxide::scanner: Discovering "/Users/rod/DevOps/ReportMate/apps/www/app/api/debug"
2025-07-09T17:06:27.667125Z  INFO get_files:scan_sources: tailwindcss_oxide::scanner: Discovering "/Users/rod/DevOps/ReportMate/apps/www/app/device"
2025-07-09T17:06:27.667294Z  INFO get_files:scan_sources: tailwindcss_oxide::scanner: Discovering "/Users/rod/DevOps/ReportMate/apps/www/app/device/[deviceId]"
2025-07-09T17:06:27.667472Z  INFO get_files:scan_sources: tailwindcss_oxide::scanner: Discovering "/Users/rod/DevOps/ReportMate/apps/www/app/device/list"
2025-07-09T17:06:27.667661Z  INFO get_files:scan_sources: tailwindcss_oxide::scanner: Discovering "/Users/rod/DevOps/ReportMate/apps/www/app/events"
2025-07-09T17:06:27.667856Z  INFO get_files:scan_sources: tailwindcss_oxide::scanner: Discovering "/Users/rod/DevOps/ReportMate/apps/www/app/modules"
2025-07-09T17:06:27.668062Z  INFO get_files:scan_sources: tailwindcss_oxide::scanner: Discovering "/Users/rod/DevOps/ReportMate/apps/www/app/devices"
2025-07-09T17:06:27.668414Z  INFO get_files:scan_sources: tailwindcss_oxide::scanner: Discovering "/Users/rod/DevOps/ReportMate/apps/www/prisma"
2025-07-09T17:06:27.668533Z  INFO get_files:scan_sources: tailwindcss_oxide::scanner: Discovering "/Users/rod/DevOps/ReportMate/apps/www/public"
2025-07-09T17:06:27.668611Z  INFO get_files:scan_sources: tailwindcss_oxide::scanner: Discovering "/Users/rod/DevOps/ReportMate/apps/www/__tests__"
2025-07-09T17:06:27.668673Z  INFO get_files:scan_sources: tailwindcss_oxide::scanner: Discovering "/Users/rod/DevOps/ReportMate/apps/www/__tests__/unit"
2025-07-09T17:06:27.668744Z  INFO get_files:scan_sources: tailwindcss_oxide::scanner: Discovering "/Users/rod/DevOps/ReportMate/apps/www/__tests__/api"
2025-07-09T17:06:27.668958Z  INFO get_files:scan_sources: tailwindcss_oxide::scanner: Discovering "/Users/rod/DevOps/ReportMate/apps/www/scripts"
2025-07-09T17:06:27.669070Z  INFO get_files:scan_sources: tailwindcss_oxide::scanner: Discovering "/Users/rod/DevOps/ReportMate/apps/www/e2e"
2025-07-09T17:06:27.669268Z  INFO get_files:scan_sources: tailwindcss_oxide::scanner: Discovering "/Users/rod/DevOps/ReportMate/apps/www/src"
2025-07-09T17:06:27.669440Z  INFO get_files:scan_sources: tailwindcss_oxide::scanner: Discovering "/Users/rod/DevOps/ReportMate/apps/www/src/app"
2025-07-09T17:06:27.669626Z  INFO get_files:scan_sources: tailwindcss_oxide::scanner: Discovering "/Users/rod/DevOps/ReportMate/apps/www/src/app/api"
2025-07-09T17:06:27.669802Z  INFO get_files:scan_sources: tailwindcss_oxide::scanner: Discovering "/Users/rod/DevOps/ReportMate/apps/www/src/app/api/modules"
2025-07-09T17:06:27.669989Z  INFO get_files:scan_sources: tailwindcss_oxide::scanner: Discovering "/Users/rod/DevOps/ReportMate/apps/www/src/components"
2025-07-09T17:06:27.670168Z  INFO get_files:scan_sources: tailwindcss_oxide::scanner: Discovering "/Users/rod/DevOps/ReportMate/apps/www/src/components/tables"
2025-07-09T17:06:27.670379Z  INFO get_files:scan_sources: tailwindcss_oxide::scanner: Discovering "/Users/rod/DevOps/ReportMate/apps/www/src/components/widgets"
2025-07-09T17:06:27.670576Z  INFO get_files:scan_sources: tailwindcss_oxide::scanner: Discovering "/Users/rod/DevOps/ReportMate/apps/www/src/lib"
2025-07-09T17:06:27.670888Z  INFO get_files:scan_sources: tailwindcss_oxide::scanner: Discovering "/Users/rod/DevOps/ReportMate/apps/www/src/lib/modules"
2025-07-09T17:06:27.671123Z  INFO get_files:scan_sources: tailwindcss_oxide::scanner: Discovering "/Users/rod/DevOps/ReportMate/apps/www/src/lib/modules/core"
2025-07-09T17:06:27.671332Z  INFO get_files:scan_sources: tailwindcss_oxide::scanner: Discovering "/Users/rod/DevOps/ReportMate/apps/www/src/lib/modules/widgets"
2025-07-09T17:06:27.671587Z  INFO get_files:scan_sources: tailwindcss_oxide::scanner: Discovering "/Users/rod/DevOps/ReportMate/apps/www/src/api"
2025-07-09T17:06:27.671745Z  INFO get_files:scan_sources: tailwindcss_oxide::scanner: Discovering "/Users/rod/DevOps/ReportMate/apps/www/src/api/business-units"
2025-07-09T17:06:27.671965Z  INFO get_files:scan_sources: tailwindcss_oxide::scanner: Discovering "/Users/rod/DevOps/ReportMate/apps/www/src/api/machine-groups"
2025-07-09T17:06:27.672079Z  INFO get_files:scan_sources: tailwindcss_oxide::scanner: exit
2025-07-09T17:06:27.672853Z  INFO get_files: tailwindcss_oxide::scanner: exit
2025-07-09T17:06:27.672992Z  INFO get_globs: tailwindcss_oxide::scanner: enter
2025-07-09T17:06:27.672996Z  INFO get_globs:scan_sources: tailwindcss_oxide::scanner: enter
2025-07-09T17:06:27.673586Z  INFO get_globs:scan_sources: tailwindcss_oxide::scanner: Discovering "/Users/rod/DevOps/ReportMate/apps/www/app"
2025-07-09T17:06:27.673654Z  INFO get_globs:scan_sources: tailwindcss_oxide::scanner: Discovering "/Users/rod/DevOps/ReportMate/apps/www/app/settings"
2025-07-09T17:06:27.673725Z  INFO get_globs:scan_sources: tailwindcss_oxide::scanner: Discovering "/Users/rod/DevOps/ReportMate/apps/www/app/device-modular"
2025-07-09T17:06:27.673787Z  INFO get_globs:scan_sources: tailwindcss_oxide::scanner: Discovering "/Users/rod/DevOps/ReportMate/apps/www/app/device-modular/[deviceId]"
2025-07-09T17:06:27.673860Z  INFO get_globs:scan_sources: tailwindcss_oxide::scanner: Discovering "/Users/rod/DevOps/ReportMate/apps/www/app/dashboard"
2025-07-09T17:06:27.673932Z  INFO get_globs:scan_sources: tailwindcss_oxide::scanner: Discovering "/Users/rod/DevOps/ReportMate/apps/www/app/device-new"
2025-07-09T17:06:27.674000Z  INFO get_globs:scan_sources: tailwindcss_oxide::scanner: Discovering "/Users/rod/DevOps/ReportMate/apps/www/app/device-new/[deviceId]"
2025-07-09T17:06:27.674078Z  INFO get_globs:scan_sources: tailwindcss_oxide::scanner: Discovering "/Users/rod/DevOps/ReportMate/apps/www/app/api-test"
2025-07-09T17:06:27.674148Z  INFO get_globs:scan_sources: tailwindcss_oxide::scanner: Discovering "/Users/rod/DevOps/ReportMate/apps/www/app/api"
2025-07-09T17:06:27.674213Z  INFO get_globs:scan_sources: tailwindcss_oxide::scanner: Discovering "/Users/rod/DevOps/ReportMate/apps/www/app/api/events-internal"
2025-07-09T17:06:27.674280Z  INFO get_globs:scan_sources: tailwindcss_oxide::scanner: Discovering "/Users/rod/DevOps/ReportMate/apps/www/app/api/negotiate-internal"
2025-07-09T17:06:27.674340Z  INFO get_globs:scan_sources: tailwindcss_oxide::scanner: Discovering "/Users/rod/DevOps/ReportMate/apps/www/app/api/device"
2025-07-09T17:06:27.674399Z  INFO get_globs:scan_sources: tailwindcss_oxide::scanner: Discovering "/Users/rod/DevOps/ReportMate/apps/www/app/api/device/[deviceId]"
2025-07-09T17:06:27.674468Z  INFO get_globs:scan_sources: tailwindcss_oxide::scanner: Discovering "/Users/rod/DevOps/ReportMate/apps/www/app/api/devices-internal"
2025-07-09T17:06:27.674537Z  INFO get_globs:scan_sources: tailwindcss_oxide::scanner: Discovering "/Users/rod/DevOps/ReportMate/apps/www/app/api/events"
2025-07-09T17:06:27.674597Z  INFO get_globs:scan_sources: tailwindcss_oxide::scanner: Discovering "/Users/rod/DevOps/ReportMate/apps/www/app/api/devices"
2025-07-09T17:06:27.674653Z  INFO get_globs:scan_sources: tailwindcss_oxide::scanner: Discovering "/Users/rod/DevOps/ReportMate/apps/www/app/api/debug"
2025-07-09T17:06:27.674717Z  INFO get_globs:scan_sources: tailwindcss_oxide::scanner: Discovering "/Users/rod/DevOps/ReportMate/apps/www/app/device"
2025-07-09T17:06:27.674768Z  INFO get_globs:scan_sources: tailwindcss_oxide::scanner: Discovering "/Users/rod/DevOps/ReportMate/apps/www/app/device/[deviceId]"
2025-07-09T17:06:27.674830Z  INFO get_globs:scan_sources: tailwindcss_oxide::scanner: Discovering "/Users/rod/DevOps/ReportMate/apps/www/app/device/list"
2025-07-09T17:06:27.674897Z  INFO get_globs:scan_sources: tailwindcss_oxide::scanner: Discovering "/Users/rod/DevOps/ReportMate/apps/www/app/events"
2025-07-09T17:06:27.674960Z  INFO get_globs:scan_sources: tailwindcss_oxide::scanner: Discovering "/Users/rod/DevOps/ReportMate/apps/www/app/modules"
2025-07-09T17:06:27.675024Z  INFO get_globs:scan_sources: tailwindcss_oxide::scanner: Discovering "/Users/rod/DevOps/ReportMate/apps/www/app/devices"
2025-07-09T17:06:27.675116Z  INFO get_globs:scan_sources: tailwindcss_oxide::scanner: Discovering "/Users/rod/DevOps/ReportMate/apps/www/prisma"
2025-07-09T17:06:27.675207Z  INFO get_globs:scan_sources: tailwindcss_oxide::scanner: Discovering "/Users/rod/DevOps/ReportMate/apps/www/public"
2025-07-09T17:06:27.675274Z  INFO get_globs:scan_sources: tailwindcss_oxide::scanner: Discovering "/Users/rod/DevOps/ReportMate/apps/www/__tests__"
2025-07-09T17:06:27.675331Z  INFO get_globs:scan_sources: tailwindcss_oxide::scanner: Discovering "/Users/rod/DevOps/ReportMate/apps/www/__tests__/unit"
2025-07-09T17:06:27.675393Z  INFO get_globs:scan_sources: tailwindcss_oxide::scanner: Discovering "/Users/rod/DevOps/ReportMate/apps/www/__tests__/api"
2025-07-09T17:06:27.675463Z  INFO get_globs:scan_sources: tailwindcss_oxide::scanner: Discovering "/Users/rod/DevOps/ReportMate/apps/www/scripts"
2025-07-09T17:06:27.675564Z  INFO get_globs:scan_sources: tailwindcss_oxide::scanner: Discovering "/Users/rod/DevOps/ReportMate/apps/www/e2e"
2025-07-09T17:06:27.675634Z  INFO get_globs:scan_sources: tailwindcss_oxide::scanner: Discovering "/Users/rod/DevOps/ReportMate/apps/www/src"
2025-07-09T17:06:27.675689Z  INFO get_globs:scan_sources: tailwindcss_oxide::scanner: Discovering "/Users/rod/DevOps/ReportMate/apps/www/src/app"
2025-07-09T17:06:27.675754Z  INFO get_globs:scan_sources: tailwindcss_oxide::scanner: Discovering "/Users/rod/DevOps/ReportMate/apps/www/src/app/api"
2025-07-09T17:06:27.675809Z  INFO get_globs:scan_sources: tailwindcss_oxide::scanner: Discovering "/Users/rod/DevOps/ReportMate/apps/www/src/app/api/modules"
2025-07-09T17:06:27.675875Z  INFO get_globs:scan_sources: tailwindcss_oxide::scanner: Discovering "/Users/rod/DevOps/ReportMate/apps/www/src/components"
2025-07-09T17:06:27.675931Z  INFO get_globs:scan_sources: tailwindcss_oxide::scanner: Discovering "/Users/rod/DevOps/ReportMate/apps/www/src/components/tables"
2025-07-09T17:06:27.676013Z  INFO get_globs:scan_sources: tailwindcss_oxide::scanner: Discovering "/Users/rod/DevOps/ReportMate/apps/www/src/components/widgets"
2025-07-09T17:06:27.676082Z  INFO get_globs:scan_sources: tailwindcss_oxide::scanner: Discovering "/Users/rod/DevOps/ReportMate/apps/www/src/lib"
2025-07-09T17:06:27.676156Z  INFO get_globs:scan_sources: tailwindcss_oxide::scanner: Discovering "/Users/rod/DevOps/ReportMate/apps/www/src/lib/modules"
2025-07-09T17:06:27.676209Z  INFO get_globs:scan_sources: tailwindcss_oxide::scanner: Discovering "/Users/rod/DevOps/ReportMate/apps/www/src/lib/modules/core"
2025-07-09T17:06:27.676289Z  INFO get_globs:scan_sources: tailwindcss_oxide::scanner: Discovering "/Users/rod/DevOps/ReportMate/apps/www/src/lib/modules/widgets"
2025-07-09T17:06:27.676407Z  INFO get_globs:scan_sources: tailwindcss_oxide::scanner: Discovering "/Users/rod/DevOps/ReportMate/apps/www/src/api"
2025-07-09T17:06:27.676462Z  INFO get_globs:scan_sources: tailwindcss_oxide::scanner: Discovering "/Users/rod/DevOps/ReportMate/apps/www/src/api/business-units"
2025-07-09T17:06:27.676518Z  INFO get_globs:scan_sources: tailwindcss_oxide::scanner: Discovering "/Users/rod/DevOps/ReportMate/apps/www/src/api/machine-groups"
2025-07-09T17:06:27.676619Z  INFO get_globs:scan_sources: tailwindcss_oxide::scanner: exit
2025-07-09T17:06:27.679778Z  INFO get_globs: tailwindcss_oxide::scanner: exit
